<?xml version="1.0" encoding="UTF-8"?>
<testsuite name="com.aaronjwood.portauthority.runnable.ScanHostsRunnableTest" tests="1" skipped="0" failures="0" errors="0" timestamp="2022-06-14T13:58:31" hostname="james-HP-ProDesk-400-G6-MT" time="5.609">
  <properties/>
  <testcase name="test1" classname="com.aaronjwood.portauthority.runnable.ScanHostsRunnableTest" time="5.609"/>
  <system-out><![CDATA[resources.arsc in APK '/home/james/.m2/repository/org/robolectric/android-all-instrumented/12-robolectric-7732740-i3/android-all-instrumented-12-robolectric-7732740-i3.jar' is compressed.
]]></system-out>
  <system-err><![CDATA[[2022.06.14 14:58:33] (Coverage): Error tracing class com.aaronjwood.portauthority.activity.MainActivity: java.lang.NoSuchMethodException: com.intellij.rt.coverage.data.ProjectData.traceLine(java.lang.Object, int)
[2022.06.14 14:58:33] (Coverage): Error tracing class com.aaronjwood.portauthority.activity.MainActivity: java.lang.NoSuchMethodException: com.intellij.rt.coverage.data.ProjectData.traceLine(java.lang.Object, int)
[2022.06.14 14:58:33] (Coverage): Error tracing class com.aaronjwood.portauthority.activity.MainActivity: java.lang.NoSuchMethodException: com.intellij.rt.coverage.data.ProjectData.traceLine(java.lang.Object, int)
[2022.06.14 14:58:33] (Coverage): Error tracing class com.aaronjwood.portauthority.activity.MainActivity: java.lang.NoSuchMethodException: com.intellij.rt.coverage.data.ProjectData.traceLine(java.lang.Object, int)
[2022.06.14 14:58:33] (Coverage): Error tracing class com.aaronjwood.portauthority.activity.MainActivity: java.lang.NoSuchMethodException: com.intellij.rt.coverage.data.ProjectData.traceLine(java.lang.Object, int)
[2022.06.14 14:58:33] (Coverage): Error tracing class com.aaronjwood.portauthority.activity.MainActivity: java.lang.NoSuchMethodException: com.intellij.rt.coverage.data.ProjectData.traceLine(java.lang.Object, int)
System.logW: No Compatibility callbacks set! Querying change 171228096
System.logW: No Compatibility callbacks set! Querying change 171228096
System.logW: No Compatibility callbacks set! Querying change 171228096
System.logW: No Compatibility callbacks set! Querying change 171228096
[2022.06.14 14:58:34] (Coverage): Error tracing class com.aaronjwood.portauthority.activity.MainActivity: java.lang.NoSuchMethodException: com.intellij.rt.coverage.data.ProjectData.traceLine(java.lang.Object, int)
[2022.06.14 14:58:34] (Coverage): Error tracing class com.aaronjwood.portauthority.activity.MainActivity: java.lang.NoSuchMethodException: com.intellij.rt.coverage.data.ProjectData.traceLine(java.lang.Object, int)
[2022.06.14 14:58:34] (Coverage): Error tracing class com.aaronjwood.portauthority.activity.MainActivity: java.lang.NoSuchMethodException: com.intellij.rt.coverage.data.ProjectData.traceLine(java.lang.Object, int)
[2022.06.14 14:58:34] (Coverage): Error tracing class com.aaronjwood.portauthority.activity.MainActivity$4: java.lang.NoSuchMethodException: com.intellij.rt.coverage.data.ProjectData.traceLine(java.lang.Object, int)
[2022.06.14 14:58:34] (Coverage): Error tracing class com.aaronjwood.portauthority.activity.MainActivity: java.lang.NoSuchMethodException: com.intellij.rt.coverage.data.ProjectData.traceLine(java.lang.Object, int)
[2022.06.14 14:58:34] (Coverage): Error tracing class com.aaronjwood.portauthority.activity.MainActivity: java.lang.NoSuchMethodException: com.intellij.rt.coverage.data.ProjectData.traceLine(java.lang.Object, int)
[2022.06.14 14:58:34] (Coverage): Error tracing class com.aaronjwood.portauthority.activity.MainActivity: java.lang.NoSuchMethodException: com.intellij.rt.coverage.data.ProjectData.traceLine(java.lang.Object, int)
[2022.06.14 14:58:34] (Coverage): Error tracing class com.aaronjwood.portauthority.activity.MainActivity: java.lang.NoSuchMethodException: com.intellij.rt.coverage.data.ProjectData.traceLine(java.lang.Object, int)
[2022.06.14 14:58:34] (Coverage): Error tracing class com.aaronjwood.portauthority.activity.MainActivity: java.lang.NoSuchMethodException: com.intellij.rt.coverage.data.ProjectData.traceLine(java.lang.Object, int)
[2022.06.14 14:58:34] (Coverage): Error tracing class com.aaronjwood.portauthority.activity.MainActivity$5: java.lang.NoSuchMethodException: com.intellij.rt.coverage.data.ProjectData.traceLine(java.lang.Object, int)
[2022.06.14 14:58:34] (Coverage): Error tracing class com.aaronjwood.portauthority.activity.MainActivity: java.lang.NoSuchMethodException: com.intellij.rt.coverage.data.ProjectData.traceLine(java.lang.Object, int)
[2022.06.14 14:58:34] (Coverage): Error tracing class com.aaronjwood.portauthority.activity.MainActivity: java.lang.NoSuchMethodException: com.intellij.rt.coverage.data.ProjectData.traceLine(java.lang.Object, int)
[2022.06.14 14:58:34] (Coverage): Error tracing class com.aaronjwood.portauthority.activity.MainActivity: java.lang.NoSuchMethodException: com.intellij.rt.coverage.data.ProjectData.traceLine(java.lang.Object, int)
[2022.06.14 14:58:34] (Coverage): Error tracing class com.aaronjwood.portauthority.activity.MainActivity: java.lang.NoSuchMethodException: com.intellij.rt.coverage.data.ProjectData.traceLine(java.lang.Object, int)
[2022.06.14 14:58:34] (Coverage): Error tracing class com.aaronjwood.portauthority.activity.MainActivity: java.lang.NoSuchMethodException: com.intellij.rt.coverage.data.ProjectData.traceLine(java.lang.Object, int)
[2022.06.14 14:58:34] (Coverage): Error tracing class com.aaronjwood.portauthority.activity.MainActivity: java.lang.NoSuchMethodException: com.intellij.rt.coverage.data.ProjectData.traceLine(java.lang.Object, int)
[2022.06.14 14:58:34] (Coverage): Error tracing class com.aaronjwood.portauthority.activity.MainActivity: java.lang.NoSuchMethodException: com.intellij.rt.coverage.data.ProjectData.traceLine(java.lang.Object, int)
[2022.06.14 14:58:34] (Coverage): Error tracing class com.aaronjwood.portauthority.activity.MainActivity: java.lang.NoSuchMethodException: com.intellij.rt.coverage.data.ProjectData.traceLine(java.lang.Object, int)
[2022.06.14 14:58:34] (Coverage): Error tracing class com.aaronjwood.portauthority.activity.MainActivity: java.lang.NoSuchMethodException: com.intellij.rt.coverage.data.ProjectData.traceLine(java.lang.Object, int)
[2022.06.14 14:58:34] (Coverage): Error tracing class com.aaronjwood.portauthority.activity.MainActivity: java.lang.NoSuchMethodException: com.intellij.rt.coverage.data.ProjectData.traceLine(java.lang.Object, int)
[2022.06.14 14:58:34] (Coverage): Error tracing class com.aaronjwood.portauthority.activity.MainActivity: java.lang.NoSuchMethodException: com.intellij.rt.coverage.data.ProjectData.traceLine(java.lang.Object, int)
[2022.06.14 14:58:34] (Coverage): Error tracing class com.aaronjwood.portauthority.activity.MainActivity: java.lang.NoSuchMethodException: com.intellij.rt.coverage.data.ProjectData.traceLine(java.lang.Object, int)
[2022.06.14 14:58:34] (Coverage): Error tracing class com.aaronjwood.portauthority.activity.MainActivity: java.lang.NoSuchMethodException: com.intellij.rt.coverage.data.ProjectData.traceLine(java.lang.Object, int)
[2022.06.14 14:58:34] (Coverage): Error tracing class com.aaronjwood.portauthority.activity.MainActivity$3: java.lang.NoSuchMethodException: com.intellij.rt.coverage.data.ProjectData.traceLine(java.lang.Object, int)
[2022.06.14 14:58:34] (Coverage): Error tracing class com.aaronjwood.portauthority.activity.MainActivity: java.lang.NoSuchMethodException: com.intellij.rt.coverage.data.ProjectData.traceLine(java.lang.Object, int)
[2022.06.14 14:58:34] (Coverage): Error tracing class com.aaronjwood.portauthority.activity.MainActivity: java.lang.NoSuchMethodException: com.intellij.rt.coverage.data.ProjectData.traceLine(java.lang.Object, int)
[2022.06.14 14:58:34] (Coverage): Error tracing class com.aaronjwood.portauthority.activity.MainActivity: java.lang.NoSuchMethodException: com.intellij.rt.coverage.data.ProjectData.traceLine(java.lang.Object, int)
[2022.06.14 14:58:34] (Coverage): Error tracing class com.aaronjwood.portauthority.activity.MainActivity: java.lang.NoSuchMethodException: com.intellij.rt.coverage.data.ProjectData.traceLine(java.lang.Object, int)
[2022.06.14 14:58:34] (Coverage): Error tracing class com.aaronjwood.portauthority.activity.MainActivity: java.lang.NoSuchMethodException: com.intellij.rt.coverage.data.ProjectData.traceLine(java.lang.Object, int)
[2022.06.14 14:58:34] (Coverage): Error tracing class com.aaronjwood.portauthority.activity.MainActivity: java.lang.NoSuchMethodException: com.intellij.rt.coverage.data.ProjectData.traceLine(java.lang.Object, int)
[2022.06.14 14:58:34] (Coverage): Error tracing class com.aaronjwood.portauthority.activity.MainActivity$1: java.lang.NoSuchMethodException: com.intellij.rt.coverage.data.ProjectData.traceLine(java.lang.Object, int)
[2022.06.14 14:58:34] (Coverage): Error tracing class com.aaronjwood.portauthority.activity.MainActivity: java.lang.NoSuchMethodException: com.intellij.rt.coverage.data.ProjectData.traceLine(java.lang.Object, int)
[2022.06.14 14:58:35] (Coverage): Error tracing class com.aaronjwood.portauthority.activity.MainActivity$2: java.lang.NoSuchMethodException: com.intellij.rt.coverage.data.ProjectData.traceLine(java.lang.Object, int)
[2022.06.14 14:58:35] (Coverage): Error tracing class com.aaronjwood.portauthority.activity.MainActivity: java.lang.NoSuchMethodException: com.intellij.rt.coverage.data.ProjectData.traceLine(java.lang.Object, int)
[2022.06.14 14:58:35] (Coverage): Error tracing class com.aaronjwood.portauthority.activity.MainActivity: java.lang.NoSuchMethodException: com.intellij.rt.coverage.data.ProjectData.traceLine(java.lang.Object, int)
[2022.06.14 14:58:35] (Coverage): Error tracing class com.aaronjwood.portauthority.activity.MainActivity: java.lang.NoSuchMethodException: com.intellij.rt.coverage.data.ProjectData.traceLine(java.lang.Object, int)
[2022.06.14 14:58:35] (Coverage): Error tracing class com.aaronjwood.portauthority.activity.MainActivity: java.lang.NoSuchMethodException: com.intellij.rt.coverage.data.ProjectData.traceLine(java.lang.Object, int)
[2022.06.14 14:58:35] (Coverage): Error tracing class com.aaronjwood.portauthority.activity.MainActivity$1: java.lang.NoSuchMethodException: com.intellij.rt.coverage.data.ProjectData.traceLine(java.lang.Object, int)
[2022.06.14 14:58:35] (Coverage): Error tracing class com.aaronjwood.portauthority.activity.MainActivity: java.lang.NoSuchMethodException: com.intellij.rt.coverage.data.ProjectData.traceLine(java.lang.Object, int)
[2022.06.14 14:58:35] (Coverage): Error tracing class com.aaronjwood.portauthority.activity.MainActivity$2: java.lang.NoSuchMethodException: com.intellij.rt.coverage.data.ProjectData.traceLine(java.lang.Object, int)
[2022.06.14 14:58:35] (Coverage): Error tracing class com.aaronjwood.portauthority.activity.MainActivity: java.lang.NoSuchMethodException: com.intellij.rt.coverage.data.ProjectData.traceLine(java.lang.Object, int)
[2022.06.14 14:58:35] (Coverage): Error tracing class com.aaronjwood.portauthority.activity.MainActivity$1: java.lang.NoSuchMethodException: com.intellij.rt.coverage.data.ProjectData.traceLine(java.lang.Object, int)
[2022.06.14 14:58:35] (Coverage): Error tracing class com.aaronjwood.portauthority.activity.MainActivity$1: java.lang.NoSuchMethodException: com.intellij.rt.coverage.data.ProjectData.traceLine(java.lang.Object, int)
[2022.06.14 14:58:35] (Coverage): Error tracing class com.aaronjwood.portauthority.activity.MainActivity$1: java.lang.NoSuchMethodException: com.intellij.rt.coverage.data.ProjectData.traceLine(java.lang.Object, int)
[2022.06.14 14:58:35] (Coverage): Error tracing class com.aaronjwood.portauthority.activity.MainActivity$1: java.lang.NoSuchMethodException: com.intellij.rt.coverage.data.ProjectData.traceLine(java.lang.Object, int)
[2022.06.14 14:58:35] (Coverage): Error tracing class com.aaronjwood.portauthority.activity.MainActivity$1: java.lang.NoSuchMethodException: com.intellij.rt.coverage.data.ProjectData.traceLine(java.lang.Object, int)
[2022.06.14 14:58:35] (Coverage): Error tracing class com.aaronjwood.portauthority.activity.MainActivity$1: java.lang.NoSuchMethodException: com.intellij.rt.coverage.data.ProjectData.traceLine(java.lang.Object, int)
[2022.06.14 14:58:35] (Coverage): Error tracing class com.aaronjwood.portauthority.activity.MainActivity$1: java.lang.NoSuchMethodException: com.intellij.rt.coverage.data.ProjectData.traceLine(java.lang.Object, int)
System.logW: No Compatibility callbacks set! Querying change 171228096
System.logW: No Compatibility callbacks set! Querying change 171228096
System.logW: No Compatibility callbacks set! Querying change 171228096
System.logW: No Compatibility callbacks set! Querying change 171228096
[2022.06.14 14:58:35] (Coverage): Error tracing class com.aaronjwood.portauthority.activity.MainActivity$1: java.lang.NoSuchMethodException: com.intellij.rt.coverage.data.ProjectData.traceLine(java.lang.Object, int)
[2022.06.14 14:58:35] (Coverage): Error tracing class com.aaronjwood.portauthority.activity.MainActivity: java.lang.NoSuchMethodException: com.intellij.rt.coverage.data.ProjectData.traceLine(java.lang.Object, int)
[2022.06.14 14:58:35] (Coverage): Error tracing class com.aaronjwood.portauthority.activity.MainActivity: java.lang.NoSuchMethodException: com.intellij.rt.coverage.data.ProjectData.traceLine(java.lang.Object, int)
[2022.06.14 14:58:35] (Coverage): Error tracing class com.aaronjwood.portauthority.activity.MainActivity$1: java.lang.NoSuchMethodException: com.intellij.rt.coverage.data.ProjectData.traceLine(java.lang.Object, int)
[2022.06.14 14:58:35] (Coverage): Error tracing class com.aaronjwood.portauthority.runnable.ScanHostsRunnable: java.lang.NoSuchMethodException: com.intellij.rt.coverage.data.ProjectData.traceLine(java.lang.Object, int)
[2022.06.14 14:58:35] (Coverage): Error tracing class com.aaronjwood.portauthority.runnable.ScanHostsRunnable: java.lang.NoSuchMethodException: com.intellij.rt.coverage.data.ProjectData.traceLine(java.lang.Object, int)
[2022.06.14 14:58:35] (Coverage): Error tracing class com.aaronjwood.portauthority.runnable.ScanHostsRunnable: java.lang.NoSuchMethodException: com.intellij.rt.coverage.data.ProjectData.traceLine(java.lang.Object, int)
[2022.06.14 14:58:35] (Coverage): Error tracing class com.aaronjwood.portauthority.runnable.ScanHostsRunnable: java.lang.NoSuchMethodException: com.intellij.rt.coverage.data.ProjectData.traceLine(java.lang.Object, int)
[2022.06.14 14:58:35] (Coverage): Error tracing class com.aaronjwood.portauthority.runnable.ScanHostsRunnable: java.lang.NoSuchMethodException: com.intellij.rt.coverage.data.ProjectData.traceLine(java.lang.Object, int)
[2022.06.14 14:58:35] (Coverage): Error tracing class com.aaronjwood.portauthority.runnable.ScanHostsRunnable: java.lang.NoSuchMethodException: com.intellij.rt.coverage.data.ProjectData.traceLine(java.lang.Object, int)
[2022.06.14 14:58:35] (Coverage): Error tracing class com.aaronjwood.portauthority.runnable.ScanHostsRunnable: java.lang.NoSuchMethodException: com.intellij.rt.coverage.data.ProjectData.traceLine(java.lang.Object, int)
[2022.06.14 14:58:35] (Coverage): Error tracing class com.aaronjwood.portauthority.runnable.ScanHostsRunnable: java.lang.NoSuchMethodException: com.intellij.rt.coverage.data.ProjectData.traceLine(java.lang.Object, int)
[2022.06.14 14:58:35] (Coverage): Error tracing class com.aaronjwood.portauthority.runnable.ScanHostsRunnable: java.lang.NoSuchMethodException: com.intellij.rt.coverage.data.ProjectData.traceLine(java.lang.Object, int)
[2022.06.14 14:58:35] (Coverage): Error tracing class com.aaronjwood.portauthority.runnable.ScanHostsRunnable: java.lang.NoSuchMethodException: com.intellij.rt.coverage.data.ProjectData.traceLine(java.lang.Object, int)
[2022.06.14 14:58:35] (Coverage): Error tracing class com.aaronjwood.portauthority.runnable.ScanHostsRunnable: java.lang.NoSuchMethodException: com.intellij.rt.coverage.data.ProjectData.traceLine(java.lang.Object, int)
[2022.06.14 14:58:35] (Coverage): Error tracing class com.aaronjwood.portauthority.runnable.ScanHostsRunnable: java.lang.NoSuchMethodException: com.intellij.rt.coverage.data.ProjectData.traceLine(java.lang.Object, int)
[2022.06.14 14:58:35] (Coverage): Error tracing class com.aaronjwood.portauthority.runnable.ScanHostsRunnable: java.lang.NoSuchMethodException: com.intellij.rt.coverage.data.ProjectData.traceLine(java.lang.Object, int)
[2022.06.14 14:58:35] (Coverage): Error tracing class com.aaronjwood.portauthority.runnable.ScanHostsRunnable: java.lang.NoSuchMethodException: com.intellij.rt.coverage.data.ProjectData.traceLine(java.lang.Object, int)
[2022.06.14 14:58:35] (Coverage): Error tracing class com.aaronjwood.portauthority.runnable.ScanHostsRunnable: java.lang.NoSuchMethodException: com.intellij.rt.coverage.data.ProjectData.traceLine(java.lang.Object, int)
[2022.06.14 14:58:35] (Coverage): Error tracing class com.aaronjwood.portauthority.runnable.ScanHostsRunnable: java.lang.NoSuchMethodException: com.intellij.rt.coverage.data.ProjectData.traceLine(java.lang.Object, int)
[2022.06.14 14:58:35] (Coverage): Error tracing class com.aaronjwood.portauthority.runnable.ScanHostsRunnable: java.lang.NoSuchMethodException: com.intellij.rt.coverage.data.ProjectData.traceLine(java.lang.Object, int)
[2022.06.14 14:58:35] (Coverage): Error tracing class com.aaronjwood.portauthority.runnable.ScanHostsRunnable: java.lang.NoSuchMethodException: com.intellij.rt.coverage.data.ProjectData.traceLine(java.lang.Object, int)
[2022.06.14 14:58:35] (Coverage): Error tracing class com.aaronjwood.portauthority.runnable.ScanHostsRunnable: java.lang.NoSuchMethodException: com.intellij.rt.coverage.data.ProjectData.traceLine(java.lang.Object, int)
[2022.06.14 14:58:35] (Coverage): Error tracing class com.aaronjwood.portauthority.runnable.ScanHostsRunnable: java.lang.NoSuchMethodException: com.intellij.rt.coverage.data.ProjectData.traceLine(java.lang.Object, int)
[2022.06.14 14:58:35] (Coverage): Error tracing class com.aaronjwood.portauthority.runnable.ScanHostsRunnable: java.lang.NoSuchMethodException: com.intellij.rt.coverage.data.ProjectData.traceLine(java.lang.Object, int)
[2022.06.14 14:58:35] (Coverage): Error tracing class com.aaronjwood.portauthority.runnable.ScanHostsRunnable: java.lang.NoSuchMethodException: com.intellij.rt.coverage.data.ProjectData.traceLine(java.lang.Object, int)
[2022.06.14 14:58:35] (Coverage): Error tracing class com.aaronjwood.portauthority.runnable.ScanHostsRunnable: java.lang.NoSuchMethodException: com.intellij.rt.coverage.data.ProjectData.traceLine(java.lang.Object, int)
[2022.06.14 14:58:35] (Coverage): Error tracing class com.aaronjwood.portauthority.runnable.ScanHostsRunnable: java.lang.NoSuchMethodException: com.intellij.rt.coverage.data.ProjectData.traceLine(java.lang.Object, int)
[2022.06.14 14:58:35] (Coverage): Error tracing class com.aaronjwood.portauthority.runnable.ScanHostsRunnable: java.lang.NoSuchMethodException: com.intellij.rt.coverage.data.ProjectData.traceLine(java.lang.Object, int)
[2022.06.14 14:58:35] (Coverage): Error tracing class com.aaronjwood.portauthority.runnable.ScanHostsRunnable: java.lang.NoSuchMethodException: com.intellij.rt.coverage.data.ProjectData.traceLine(java.lang.Object, int)
[2022.06.14 14:58:35] (Coverage): Error tracing class com.aaronjwood.portauthority.runnable.ScanHostsRunnable: java.lang.NoSuchMethodException: com.intellij.rt.coverage.data.ProjectData.traceLine(java.lang.Object, int)
[2022.06.14 14:58:35] (Coverage): Error tracing class com.aaronjwood.portauthority.runnable.ScanHostsRunnable: java.lang.NoSuchMethodException: com.intellij.rt.coverage.data.ProjectData.traceLine(java.lang.Object, int)
[2022.06.14 14:58:35] (Coverage): Error tracing class com.aaronjwood.portauthority.runnable.ScanHostsRunnable: java.lang.NoSuchMethodException: com.intellij.rt.coverage.data.ProjectData.traceLine(java.lang.Object, int)
[2022.06.14 14:58:35] (Coverage): Error tracing class com.aaronjwood.portauthority.runnable.ScanHostsRunnable: java.lang.NoSuchMethodException: com.intellij.rt.coverage.data.ProjectData.traceLine(java.lang.Object, int)
[2022.06.14 14:58:35] (Coverage): Error tracing class com.aaronjwood.portauthority.runnable.ScanHostsRunnable: java.lang.NoSuchMethodException: com.intellij.rt.coverage.data.ProjectData.traceLine(java.lang.Object, int)
[2022.06.14 14:58:35] (Coverage): Error tracing class com.aaronjwood.portauthority.runnable.ScanHostsRunnable: java.lang.NoSuchMethodException: com.intellij.rt.coverage.data.ProjectData.traceLine(java.lang.Object, int)
[2022.06.14 14:58:35] (Coverage): Error tracing class com.aaronjwood.portauthority.runnable.ScanHostsRunnable: java.lang.NoSuchMethodException: com.intellij.rt.coverage.data.ProjectData.traceLine(java.lang.Object, int)
[2022.06.14 14:58:35] (Coverage): Error tracing class com.aaronjwood.portauthority.runnable.ScanHostsRunnable: java.lang.NoSuchMethodException: com.intellij.rt.coverage.data.ProjectData.traceLine(java.lang.Object, int)
[2022.06.14 14:58:35] (Coverage): Error tracing class com.aaronjwood.portauthority.runnable.ScanHostsRunnable: java.lang.NoSuchMethodException: com.intellij.rt.coverage.data.ProjectData.traceLine(java.lang.Object, int)
[2022.06.14 14:58:35] (Coverage): Error tracing class com.aaronjwood.portauthority.runnable.ScanHostsRunnable: java.lang.NoSuchMethodException: com.intellij.rt.coverage.data.ProjectData.traceLine(java.lang.Object, int)
[2022.06.14 14:58:35] (Coverage): Error tracing class com.aaronjwood.portauthority.runnable.ScanHostsRunnable: java.lang.NoSuchMethodException: com.intellij.rt.coverage.data.ProjectData.traceLine(java.lang.Object, int)
[2022.06.14 14:58:35] (Coverage): Error tracing class com.aaronjwood.portauthority.runnable.ScanHostsRunnable: java.lang.NoSuchMethodException: com.intellij.rt.coverage.data.ProjectData.traceLine(java.lang.Object, int)
[2022.06.14 14:58:35] (Coverage): Error tracing class com.aaronjwood.portauthority.runnable.ScanHostsRunnable: java.lang.NoSuchMethodException: com.intellij.rt.coverage.data.ProjectData.traceLine(java.lang.Object, int)
[2022.06.14 14:58:35] (Coverage): Error tracing class com.aaronjwood.portauthority.runnable.ScanHostsRunnable: java.lang.NoSuchMethodException: com.intellij.rt.coverage.data.ProjectData.traceLine(java.lang.Object, int)
[2022.06.14 14:58:35] (Coverage): Error tracing class com.aaronjwood.portauthority.runnable.ScanHostsRunnable: java.lang.NoSuchMethodException: com.intellij.rt.coverage.data.ProjectData.traceLine(java.lang.Object, int)
[2022.06.14 14:58:35] (Coverage): Error tracing class com.aaronjwood.portauthority.runnable.ScanHostsRunnable: java.lang.NoSuchMethodException: com.intellij.rt.coverage.data.ProjectData.traceLine(java.lang.Object, int)
[2022.06.14 14:58:35] (Coverage): Error tracing class com.aaronjwood.portauthority.runnable.ScanHostsRunnable: java.lang.NoSuchMethodException: com.intellij.rt.coverage.data.ProjectData.traceLine(java.lang.Object, int)
[2022.06.14 14:58:35] (Coverage): Error tracing class com.aaronjwood.portauthority.runnable.ScanHostsRunnable: java.lang.NoSuchMethodException: com.intellij.rt.coverage.data.ProjectData.traceLine(java.lang.Object, int)
[2022.06.14 14:58:35] (Coverage): Error tracing class com.aaronjwood.portauthority.runnable.ScanHostsRunnable: java.lang.NoSuchMethodException: com.intellij.rt.coverage.data.ProjectData.traceLine(java.lang.Object, int)
[2022.06.14 14:58:35] (Coverage): Error tracing class com.aaronjwood.portauthority.runnable.ScanHostsRunnable: java.lang.NoSuchMethodException: com.intellij.rt.coverage.data.ProjectData.traceLine(java.lang.Object, int)
[2022.06.14 14:58:35] (Coverage): Error tracing class com.aaronjwood.portauthority.runnable.ScanHostsRunnable: java.lang.NoSuchMethodException: com.intellij.rt.coverage.data.ProjectData.traceLine(java.lang.Object, int)
[2022.06.14 14:58:35] (Coverage): Error tracing class com.aaronjwood.portauthority.runnable.ScanHostsRunnable: java.lang.NoSuchMethodException: com.intellij.rt.coverage.data.ProjectData.traceLine(java.lang.Object, int)
[2022.06.14 14:58:35] (Coverage): Error tracing class com.aaronjwood.portauthority.runnable.ScanHostsRunnable: java.lang.NoSuchMethodException: com.intellij.rt.coverage.data.ProjectData.traceLine(java.lang.Object, int)
[2022.06.14 14:58:35] (Coverage): Error tracing class com.aaronjwood.portauthority.runnable.ScanHostsRunnable: java.lang.NoSuchMethodException: com.intellij.rt.coverage.data.ProjectData.traceLine(java.lang.Object, int)
[2022.06.14 14:58:35] (Coverage): Error tracing class com.aaronjwood.portauthority.runnable.ScanHostsRunnable: java.lang.NoSuchMethodException: com.intellij.rt.coverage.data.ProjectData.traceLine(java.lang.Object, int)
[2022.06.14 14:58:35] (Coverage): Error tracing class com.aaronjwood.portauthority.runnable.ScanHostsRunnable: java.lang.NoSuchMethodException: com.intellij.rt.coverage.data.ProjectData.traceLine(java.lang.Object, int)
[2022.06.14 14:58:35] (Coverage): Error tracing class com.aaronjwood.portauthority.runnable.ScanHostsRunnable: java.lang.NoSuchMethodException: com.intellij.rt.coverage.data.ProjectData.traceLine(java.lang.Object, int)
[2022.06.14 14:58:35] (Coverage): Error tracing class com.aaronjwood.portauthority.runnable.ScanHostsRunnable: java.lang.NoSuchMethodException: com.intellij.rt.coverage.data.ProjectData.traceLine(java.lang.Object, int)
[2022.06.14 14:58:35] (Coverage): Error tracing class com.aaronjwood.portauthority.runnable.ScanHostsRunnable: java.lang.NoSuchMethodException: com.intellij.rt.coverage.data.ProjectData.traceLine(java.lang.Object, int)
[2022.06.14 14:58:35] (Coverage): Error tracing class com.aaronjwood.portauthority.runnable.ScanHostsRunnable: java.lang.NoSuchMethodException: com.intellij.rt.coverage.data.ProjectData.traceLine(java.lang.Object, int)
[2022.06.14 14:58:35] (Coverage): Error tracing class com.aaronjwood.portauthority.runnable.ScanHostsRunnable: java.lang.NoSuchMethodException: com.intellij.rt.coverage.data.ProjectData.traceLine(java.lang.Object, int)
[2022.06.14 14:58:35] (Coverage): Error tracing class com.aaronjwood.portauthority.runnable.ScanHostsRunnable: java.lang.NoSuchMethodException: com.intellij.rt.coverage.data.ProjectData.traceLine(java.lang.Object, int)
[2022.06.14 14:58:35] (Coverage): Error tracing class com.aaronjwood.portauthority.runnable.ScanHostsRunnable: java.lang.NoSuchMethodException: com.intellij.rt.coverage.data.ProjectData.traceLine(java.lang.Object, int)
[2022.06.14 14:58:35] (Coverage): Error tracing class com.aaronjwood.portauthority.runnable.ScanHostsRunnable: java.lang.NoSuchMethodException: com.intellij.rt.coverage.data.ProjectData.traceLine(java.lang.Object, int)
[2022.06.14 14:58:35] (Coverage): Error tracing class com.aaronjwood.portauthority.runnable.ScanHostsRunnable: java.lang.NoSuchMethodException: com.intellij.rt.coverage.data.ProjectData.traceLine(java.lang.Object, int)
[2022.06.14 14:58:35] (Coverage): Error tracing class com.aaronjwood.portauthority.runnable.ScanHostsRunnable: java.lang.NoSuchMethodException: com.intellij.rt.coverage.data.ProjectData.traceLine(java.lang.Object, int)
[2022.06.14 14:58:35] (Coverage): Error tracing class com.aaronjwood.portauthority.runnable.ScanHostsRunnable: java.lang.NoSuchMethodException: com.intellij.rt.coverage.data.ProjectData.traceLine(java.lang.Object, int)
[2022.06.14 14:58:35] (Coverage): Error tracing class com.aaronjwood.portauthority.runnable.ScanHostsRunnable: java.lang.NoSuchMethodException: com.intellij.rt.coverage.data.ProjectData.traceLine(java.lang.Object, int)
[2022.06.14 14:58:35] (Coverage): Error tracing class com.aaronjwood.portauthority.runnable.ScanHostsRunnable: java.lang.NoSuchMethodException: com.intellij.rt.coverage.data.ProjectData.traceLine(java.lang.Object, int)
[2022.06.14 14:58:35] (Coverage): Error tracing class com.aaronjwood.portauthority.runnable.ScanHostsRunnable: java.lang.NoSuchMethodException: com.intellij.rt.coverage.data.ProjectData.traceLine(java.lang.Object, int)
[2022.06.14 14:58:35] (Coverage): Error tracing class com.aaronjwood.portauthority.runnable.ScanHostsRunnable: java.lang.NoSuchMethodException: com.intellij.rt.coverage.data.ProjectData.traceLine(java.lang.Object, int)
[2022.06.14 14:58:35] (Coverage): Error tracing class com.aaronjwood.portauthority.runnable.ScanHostsRunnable: java.lang.NoSuchMethodException: com.intellij.rt.coverage.data.ProjectData.traceLine(java.lang.Object, int)
[2022.06.14 14:58:35] (Coverage): Error tracing class com.aaronjwood.portauthority.runnable.ScanHostsRunnable: java.lang.NoSuchMethodException: com.intellij.rt.coverage.data.ProjectData.traceLine(java.lang.Object, int)
[2022.06.14 14:58:35] (Coverage): Error tracing class com.aaronjwood.portauthority.runnable.ScanHostsRunnable: java.lang.NoSuchMethodException: com.intellij.rt.coverage.data.ProjectData.traceLine(java.lang.Object, int)
[2022.06.14 14:58:35] (Coverage): Error tracing class com.aaronjwood.portauthority.runnable.ScanHostsRunnable: java.lang.NoSuchMethodException: com.intellij.rt.coverage.data.ProjectData.traceLine(java.lang.Object, int)
[2022.06.14 14:58:35] (Coverage): Error tracing class com.aaronjwood.portauthority.runnable.ScanHostsRunnable: java.lang.NoSuchMethodException: com.intellij.rt.coverage.data.ProjectData.traceLine(java.lang.Object, int)
[2022.06.14 14:58:35] (Coverage): Error tracing class com.aaronjwood.portauthority.runnable.ScanHostsRunnable: java.lang.NoSuchMethodException: com.intellij.rt.coverage.data.ProjectData.traceLine(java.lang.Object, int)
[2022.06.14 14:58:35] (Coverage): Error tracing class com.aaronjwood.portauthority.runnable.ScanHostsRunnable: java.lang.NoSuchMethodException: com.intellij.rt.coverage.data.ProjectData.traceLine(java.lang.Object, int)
[2022.06.14 14:58:35] (Coverage): Error tracing class com.aaronjwood.portauthority.runnable.ScanHostsRunnable: java.lang.NoSuchMethodException: com.intellij.rt.coverage.data.ProjectData.traceLine(java.lang.Object, int)
[2022.06.14 14:58:35] (Coverage): Error tracing class com.aaronjwood.portauthority.runnable.ScanHostsRunnable: java.lang.NoSuchMethodException: com.intellij.rt.coverage.data.ProjectData.traceLine(java.lang.Object, int)
[2022.06.14 14:58:35] (Coverage): Error tracing class com.aaronjwood.portauthority.runnable.ScanHostsRunnable: java.lang.NoSuchMethodException: com.intellij.rt.coverage.data.ProjectData.traceLine(java.lang.Object, int)
[2022.06.14 14:58:35] (Coverage): Error tracing class com.aaronjwood.portauthority.runnable.ScanHostsRunnable: java.lang.NoSuchMethodException: com.intellij.rt.coverage.data.ProjectData.traceLine(java.lang.Object, int)
[2022.06.14 14:58:35] (Coverage): Error tracing class com.aaronjwood.portauthority.runnable.ScanHostsRunnable: java.lang.NoSuchMethodException: com.intellij.rt.coverage.data.ProjectData.traceLine(java.lang.Object, int)
[2022.06.14 14:58:35] (Coverage): Error tracing class com.aaronjwood.portauthority.runnable.ScanHostsRunnable: java.lang.NoSuchMethodException: com.intellij.rt.coverage.data.ProjectData.traceLine(java.lang.Object, int)
[2022.06.14 14:58:35] (Coverage): Error tracing class com.aaronjwood.portauthority.runnable.ScanHostsRunnable: java.lang.NoSuchMethodException: com.intellij.rt.coverage.data.ProjectData.traceLine(java.lang.Object, int)
[2022.06.14 14:58:35] (Coverage): Error tracing class com.aaronjwood.portauthority.runnable.ScanHostsRunnable: java.lang.NoSuchMethodException: com.intellij.rt.coverage.data.ProjectData.traceLine(java.lang.Object, int)
[2022.06.14 14:58:35] (Coverage): Error tracing class com.aaronjwood.portauthority.runnable.ScanHostsRunnable: java.lang.NoSuchMethodException: com.intellij.rt.coverage.data.ProjectData.traceLine(java.lang.Object, int)
[2022.06.14 14:58:35] (Coverage): Error tracing class com.aaronjwood.portauthority.runnable.ScanHostsRunnable: java.lang.NoSuchMethodException: com.intellij.rt.coverage.data.ProjectData.traceLine(java.lang.Object, int)
[2022.06.14 14:58:35] (Coverage): Error tracing class com.aaronjwood.portauthority.runnable.ScanHostsRunnable: java.lang.NoSuchMethodException: com.intellij.rt.coverage.data.ProjectData.traceLine(java.lang.Object, int)
[2022.06.14 14:58:35] (Coverage): Error tracing class com.aaronjwood.portauthority.runnable.ScanHostsRunnable: java.lang.NoSuchMethodException: com.intellij.rt.coverage.data.ProjectData.traceLine(java.lang.Object, int)
[2022.06.14 14:58:35] (Coverage): Error tracing class com.aaronjwood.portauthority.runnable.ScanHostsRunnable: java.lang.NoSuchMethodException: com.intellij.rt.coverage.data.ProjectData.traceLine(java.lang.Object, int)
[2022.06.14 14:58:35] (Coverage): Error tracing class com.aaronjwood.portauthority.runnable.ScanHostsRunnable: java.lang.NoSuchMethodException: com.intellij.rt.coverage.data.ProjectData.traceLine(java.lang.Object, int)
[2022.06.14 14:58:35] (Coverage): Error tracing class com.aaronjwood.portauthority.runnable.ScanHostsRunnable: java.lang.NoSuchMethodException: com.intellij.rt.coverage.data.ProjectData.traceLine(java.lang.Object, int)
[2022.06.14 14:58:35] (Coverage): Error tracing class com.aaronjwood.portauthority.runnable.ScanHostsRunnable: java.lang.NoSuchMethodException: com.intellij.rt.coverage.data.ProjectData.traceLine(java.lang.Object, int)
[2022.06.14 14:58:35] (Coverage): Error tracing class com.aaronjwood.portauthority.runnable.ScanHostsRunnable: java.lang.NoSuchMethodException: com.intellij.rt.coverage.data.ProjectData.traceLine(java.lang.Object, int)
[2022.06.14 14:58:35] (Coverage): Error tracing class com.aaronjwood.portauthority.runnable.ScanHostsRunnable: java.lang.NoSuchMethodException: com.intellij.rt.coverage.data.ProjectData.traceLine(java.lang.Object, int)
[2022.06.14 14:58:35] (Coverage): Error tracing class com.aaronjwood.portauthority.activity.MainActivity: java.lang.NoSuchMethodException: com.intellij.rt.coverage.data.ProjectData.traceLine(java.lang.Object, int)
[2022.06.14 14:58:35] (Coverage): Error tracing class com.aaronjwood.portauthority.activity.MainActivity: java.lang.NoSuchMethodException: com.intellij.rt.coverage.data.ProjectData.traceLine(java.lang.Object, int)
[2022.06.14 14:58:35] (Coverage): Error tracing class com.aaronjwood.portauthority.runnable.ScanHostsRunnable: java.lang.NoSuchMethodException: com.intellij.rt.coverage.data.ProjectData.traceLine(java.lang.Object, int)
[2022.06.14 14:58:35] (Coverage): Error tracing class com.aaronjwood.portauthority.runnable.ScanHostsRunnable: java.lang.NoSuchMethodException: com.intellij.rt.coverage.data.ProjectData.traceLine(java.lang.Object, int)
[2022.06.14 14:58:35] (Coverage): Error tracing class com.aaronjwood.portauthority.runnable.ScanHostsRunnable: java.lang.NoSuchMethodException: com.intellij.rt.coverage.data.ProjectData.traceLine(java.lang.Object, int)
[2022.06.14 14:58:35] (Coverage): Error tracing class com.aaronjwood.portauthority.runnable.ScanHostsRunnable: java.lang.NoSuchMethodException: com.intellij.rt.coverage.data.ProjectData.traceLine(java.lang.Object, int)
[2022.06.14 14:58:35] (Coverage): Error tracing class com.aaronjwood.portauthority.runnable.ScanHostsRunnable: java.lang.NoSuchMethodException: com.intellij.rt.coverage.data.ProjectData.traceLine(java.lang.Object, int)
[2022.06.14 14:58:35] (Coverage): Error tracing class com.aaronjwood.portauthority.runnable.ScanHostsRunnable: java.lang.NoSuchMethodException: com.intellij.rt.coverage.data.ProjectData.traceLine(java.lang.Object, int)
[2022.06.14 14:58:35] (Coverage): Error tracing class com.aaronjwood.portauthority.runnable.ScanHostsRunnable: java.lang.NoSuchMethodException: com.intellij.rt.coverage.data.ProjectData.traceLine(java.lang.Object, int)
[2022.06.14 14:58:35] (Coverage): Error tracing class com.aaronjwood.portauthority.runnable.ScanHostsRunnable: java.lang.NoSuchMethodException: com.intellij.rt.coverage.data.ProjectData.traceLine(java.lang.Object, int)
[2022.06.14 14:58:35] (Coverage): Error tracing class com.aaronjwood.portauthority.runnable.ScanHostsRunnable: java.lang.NoSuchMethodException: com.intellij.rt.coverage.data.ProjectData.traceLine(java.lang.Object, int)
[2022.06.14 14:58:35] (Coverage): Error tracing class com.aaronjwood.portauthority.activity.MainActivity: java.lang.NoSuchMethodException: com.intellij.rt.coverage.data.ProjectData.traceLine(java.lang.Object, int)
[2022.06.14 14:58:35] (Coverage): Error tracing class com.aaronjwood.portauthority.runnable.ScanHostsRunnable: java.lang.NoSuchMethodException: com.intellij.rt.coverage.data.ProjectData.traceLine(java.lang.Object, int)
[2022.06.14 14:58:35] (Coverage): Error tracing class com.aaronjwood.portauthority.runnable.ScanHostsRunnable: java.lang.NoSuchMethodException: com.intellij.rt.coverage.data.ProjectData.traceLine(java.lang.Object, int)
[2022.06.14 14:58:35] (Coverage): Error tracing class com.aaronjwood.portauthority.runnable.ScanHostsRunnable: java.lang.NoSuchMethodException: com.intellij.rt.coverage.data.ProjectData.traceLine(java.lang.Object, int)
[2022.06.14 14:58:35] (Coverage): Error tracing class com.aaronjwood.portauthority.runnable.ScanHostsRunnable: java.lang.NoSuchMethodException: com.intellij.rt.coverage.data.ProjectData.traceLine(java.lang.Object, int)
[2022.06.14 14:58:35] (Coverage): Error tracing class com.aaronjwood.portauthority.runnable.ScanHostsRunnable: java.lang.NoSuchMethodException: com.intellij.rt.coverage.data.ProjectData.traceLine(java.lang.Object, int)
[2022.06.14 14:58:35] (Coverage): Error tracing class com.aaronjwood.portauthority.runnable.ScanHostsRunnable: java.lang.NoSuchMethodException: com.intellij.rt.coverage.data.ProjectData.traceLine(java.lang.Object, int)
[2022.06.14 14:58:35] (Coverage): Error tracing class com.aaronjwood.portauthority.runnable.ScanHostsRunnable: java.lang.NoSuchMethodException: com.intellij.rt.coverage.data.ProjectData.traceLine(java.lang.Object, int)
[2022.06.14 14:58:35] (Coverage): Error tracing class com.aaronjwood.portauthority.runnable.ScanHostsRunnable: java.lang.NoSuchMethodException: com.intellij.rt.coverage.data.ProjectData.traceLine(java.lang.Object, int)
[2022.06.14 14:58:35] (Coverage): Error tracing class com.aaronjwood.portauthority.runnable.ScanHostsRunnable: java.lang.NoSuchMethodException: com.intellij.rt.coverage.data.ProjectData.traceLine(java.lang.Object, int)
[2022.06.14 14:58:35] (Coverage): Error tracing class com.aaronjwood.portauthority.runnable.ScanHostsRunnable: java.lang.NoSuchMethodException: com.intellij.rt.coverage.data.ProjectData.traceLine(java.lang.Object, int)
[2022.06.14 14:58:35] (Coverage): Error tracing class com.aaronjwood.portauthority.activity.MainActivity: java.lang.NoSuchMethodException: com.intellij.rt.coverage.data.ProjectData.traceLine(java.lang.Object, int)
[2022.06.14 14:58:35] (Coverage): Error tracing class com.aaronjwood.portauthority.activity.MainActivity: java.lang.NoSuchMethodException: com.intellij.rt.coverage.data.ProjectData.traceLine(java.lang.Object, int)
[2022.06.14 14:58:35] (Coverage): Error tracing class com.aaronjwood.portauthority.activity.MainActivity: java.lang.NoSuchMethodException: com.intellij.rt.coverage.data.ProjectData.traceLine(java.lang.Object, int)
[2022.06.14 14:58:35] (Coverage): Error tracing class com.aaronjwood.portauthority.runnable.ScanHostsRunnable: java.lang.NoSuchMethodException: com.intellij.rt.coverage.data.ProjectData.traceLine(java.lang.Object, int)
[2022.06.14 14:58:35] (Coverage): Error tracing class com.aaronjwood.portauthority.runnable.ScanHostsRunnable: java.lang.NoSuchMethodException: com.intellij.rt.coverage.data.ProjectData.traceLine(java.lang.Object, int)
[2022.06.14 14:58:35] (Coverage): Error tracing class com.aaronjwood.portauthority.runnable.ScanHostsRunnable: java.lang.NoSuchMethodException: com.intellij.rt.coverage.data.ProjectData.traceLine(java.lang.Object, int)
[2022.06.14 14:58:35] (Coverage): Error tracing class com.aaronjwood.portauthority.runnable.ScanHostsRunnable: java.lang.NoSuchMethodException: com.intellij.rt.coverage.data.ProjectData.traceLine(java.lang.Object, int)
[2022.06.14 14:58:35] (Coverage): Error tracing class com.aaronjwood.portauthority.runnable.ScanHostsRunnable: java.lang.NoSuchMethodException: com.intellij.rt.coverage.data.ProjectData.traceLine(java.lang.Object, int)
[2022.06.14 14:58:35] (Coverage): Error tracing class com.aaronjwood.portauthority.runnable.ScanHostsRunnable: java.lang.NoSuchMethodException: com.intellij.rt.coverage.data.ProjectData.traceLine(java.lang.Object, int)
[2022.06.14 14:58:35] (Coverage): Error tracing class com.aaronjwood.portauthority.runnable.ScanHostsRunnable: java.lang.NoSuchMethodException: com.intellij.rt.coverage.data.ProjectData.traceLine(java.lang.Object, int)
[2022.06.14 14:58:35] (Coverage): Error tracing class com.aaronjwood.portauthority.runnable.ScanHostsRunnable: java.lang.NoSuchMethodException: com.intellij.rt.coverage.data.ProjectData.traceLine(java.lang.Object, int)
[2022.06.14 14:58:35] (Coverage): Error tracing class com.aaronjwood.portauthority.runnable.ScanHostsRunnable: java.lang.NoSuchMethodException: com.intellij.rt.coverage.data.ProjectData.traceLine(java.lang.Object, int)
[2022.06.14 14:58:35] (Coverage): Error tracing class com.aaronjwood.portauthority.activity.MainActivity: java.lang.NoSuchMethodException: com.intellij.rt.coverage.data.ProjectData.traceLine(java.lang.Object, int)
[2022.06.14 14:58:35] (Coverage): Error tracing class com.aaronjwood.portauthority.activity.MainActivity: java.lang.NoSuchMethodException: com.intellij.rt.coverage.data.ProjectData.traceLine(java.lang.Object, int)
[2022.06.14 14:58:35] (Coverage): Error tracing class com.aaronjwood.portauthority.runnable.ScanHostsRunnable: java.lang.NoSuchMethodException: com.intellij.rt.coverage.data.ProjectData.traceLine(java.lang.Object, int)
[2022.06.14 14:58:35] (Coverage): Error tracing class com.aaronjwood.portauthority.activity.MainActivity: java.lang.NoSuchMethodException: com.intellij.rt.coverage.data.ProjectData.traceLine(java.lang.Object, int)
[2022.06.14 14:58:35] (Coverage): Error tracing class com.aaronjwood.portauthority.runnable.ScanHostsRunnable: java.lang.NoSuchMethodException: com.intellij.rt.coverage.data.ProjectData.traceLine(java.lang.Object, int)
[2022.06.14 14:58:35] (Coverage): Error tracing class com.aaronjwood.portauthority.runnable.ScanHostsRunnable: java.lang.NoSuchMethodException: com.intellij.rt.coverage.data.ProjectData.traceLine(java.lang.Object, int)
[2022.06.14 14:58:35] (Coverage): Error tracing class com.aaronjwood.portauthority.runnable.ScanHostsRunnable: java.lang.NoSuchMethodException: com.intellij.rt.coverage.data.ProjectData.traceLine(java.lang.Object, int)
[2022.06.14 14:58:35] (Coverage): Error tracing class com.aaronjwood.portauthority.runnable.ScanHostsRunnable: java.lang.NoSuchMethodException: com.intellij.rt.coverage.data.ProjectData.traceLine(java.lang.Object, int)
[2022.06.14 14:58:35] (Coverage): Error tracing class com.aaronjwood.portauthority.runnable.ScanHostsRunnable: java.lang.NoSuchMethodException: com.intellij.rt.coverage.data.ProjectData.traceLine(java.lang.Object, int)
[2022.06.14 14:58:35] (Coverage): Error tracing class com.aaronjwood.portauthority.runnable.ScanHostsRunnable: java.lang.NoSuchMethodException: com.intellij.rt.coverage.data.ProjectData.traceLine(java.lang.Object, int)
[2022.06.14 14:58:35] (Coverage): Error tracing class com.aaronjwood.portauthority.runnable.ScanHostsRunnable: java.lang.NoSuchMethodException: com.intellij.rt.coverage.data.ProjectData.traceLine(java.lang.Object, int)
[2022.06.14 14:58:35] (Coverage): Error tracing class com.aaronjwood.portauthority.runnable.ScanHostsRunnable: java.lang.NoSuchMethodException: com.intellij.rt.coverage.data.ProjectData.traceLine(java.lang.Object, int)
[2022.06.14 14:58:35] (Coverage): Error tracing class com.aaronjwood.portauthority.runnable.ScanHostsRunnable: java.lang.NoSuchMethodException: com.intellij.rt.coverage.data.ProjectData.traceLine(java.lang.Object, int)
[2022.06.14 14:58:35] (Coverage): Error tracing class com.aaronjwood.portauthority.activity.MainActivity: java.lang.NoSuchMethodException: com.intellij.rt.coverage.data.ProjectData.traceLine(java.lang.Object, int)
[2022.06.14 14:58:35] (Coverage): Error tracing class com.aaronjwood.portauthority.activity.MainActivity: java.lang.NoSuchMethodException: com.intellij.rt.coverage.data.ProjectData.traceLine(java.lang.Object, int)
[2022.06.14 14:58:35] (Coverage): Error tracing class com.aaronjwood.portauthority.activity.MainActivity: java.lang.NoSuchMethodException: com.intellij.rt.coverage.data.ProjectData.traceLine(java.lang.Object, int)
[2022.06.14 14:58:35] (Coverage): Error tracing class com.aaronjwood.portauthority.runnable.ScanHostsRunnable: java.lang.NoSuchMethodException: com.intellij.rt.coverage.data.ProjectData.traceLine(java.lang.Object, int)
[2022.06.14 14:58:35] (Coverage): Error tracing class com.aaronjwood.portauthority.runnable.ScanHostsRunnable: java.lang.NoSuchMethodException: com.intellij.rt.coverage.data.ProjectData.traceLine(java.lang.Object, int)
[2022.06.14 14:58:35] (Coverage): Error tracing class com.aaronjwood.portauthority.runnable.ScanHostsRunnable: java.lang.NoSuchMethodException: com.intellij.rt.coverage.data.ProjectData.traceLine(java.lang.Object, int)
[2022.06.14 14:58:35] (Coverage): Error tracing class com.aaronjwood.portauthority.runnable.ScanHostsRunnable: java.lang.NoSuchMethodException: com.intellij.rt.coverage.data.ProjectData.traceLine(java.lang.Object, int)
[2022.06.14 14:58:35] (Coverage): Error tracing class com.aaronjwood.portauthority.runnable.ScanHostsRunnable: java.lang.NoSuchMethodException: com.intellij.rt.coverage.data.ProjectData.traceLine(java.lang.Object, int)
[2022.06.14 14:58:35] (Coverage): Error tracing class com.aaronjwood.portauthority.runnable.ScanHostsRunnable: java.lang.NoSuchMethodException: com.intellij.rt.coverage.data.ProjectData.traceLine(java.lang.Object, int)
[2022.06.14 14:58:35] (Coverage): Error tracing class com.aaronjwood.portauthority.runnable.ScanHostsRunnable: java.lang.NoSuchMethodException: com.intellij.rt.coverage.data.ProjectData.traceLine(java.lang.Object, int)
[2022.06.14 14:58:35] (Coverage): Error tracing class com.aaronjwood.portauthority.runnable.ScanHostsRunnable: java.lang.NoSuchMethodException: com.intellij.rt.coverage.data.ProjectData.traceLine(java.lang.Object, int)
[2022.06.14 14:58:35] (Coverage): Error tracing class com.aaronjwood.portauthority.runnable.ScanHostsRunnable: java.lang.NoSuchMethodException: com.intellij.rt.coverage.data.ProjectData.traceLine(java.lang.Object, int)
[2022.06.14 14:58:35] (Coverage): Error tracing class com.aaronjwood.portauthority.runnable.ScanHostsRunnable: java.lang.NoSuchMethodException: com.intellij.rt.coverage.data.ProjectData.traceLine(java.lang.Object, int)
[2022.06.14 14:58:35] (Coverage): Error tracing class com.aaronjwood.portauthority.runnable.ScanHostsRunnable: java.lang.NoSuchMethodException: com.intellij.rt.coverage.data.ProjectData.traceLine(java.lang.Object, int)
[2022.06.14 14:58:35] (Coverage): Error tracing class com.aaronjwood.portauthority.runnable.ScanHostsRunnable: java.lang.NoSuchMethodException: com.intellij.rt.coverage.data.ProjectData.traceLine(java.lang.Object, int)
[2022.06.14 14:58:35] (Coverage): Error tracing class com.aaronjwood.portauthority.runnable.ScanHostsRunnable: java.lang.NoSuchMethodException: com.intellij.rt.coverage.data.ProjectData.traceLine(java.lang.Object, int)
[2022.06.14 14:58:35] (Coverage): Error tracing class com.aaronjwood.portauthority.runnable.ScanHostsRunnable: java.lang.NoSuchMethodException: com.intellij.rt.coverage.data.ProjectData.traceLine(java.lang.Object, int)
[2022.06.14 14:58:35] (Coverage): Error tracing class com.aaronjwood.portauthority.runnable.ScanHostsRunnable: java.lang.NoSuchMethodException: com.intellij.rt.coverage.data.ProjectData.traceLine(java.lang.Object, int)
[2022.06.14 14:58:35] (Coverage): Error tracing class com.aaronjwood.portauthority.runnable.ScanHostsRunnable: java.lang.NoSuchMethodException: com.intellij.rt.coverage.data.ProjectData.traceLine(java.lang.Object, int)
[2022.06.14 14:58:35] (Coverage): Error tracing class com.aaronjwood.portauthority.runnable.ScanHostsRunnable: java.lang.NoSuchMethodException: com.intellij.rt.coverage.data.ProjectData.traceLine(java.lang.Object, int)
[2022.06.14 14:58:35] (Coverage): Error tracing class com.aaronjwood.portauthority.runnable.ScanHostsRunnable: java.lang.NoSuchMethodException: com.intellij.rt.coverage.data.ProjectData.traceLine(java.lang.Object, int)
[2022.06.14 14:58:35] (Coverage): Error tracing class com.aaronjwood.portauthority.runnable.ScanHostsRunnable: java.lang.NoSuchMethodException: com.intellij.rt.coverage.data.ProjectData.traceLine(java.lang.Object, int)
[2022.06.14 14:58:35] (Coverage): Error tracing class com.aaronjwood.portauthority.runnable.ScanHostsRunnable: java.lang.NoSuchMethodException: com.intellij.rt.coverage.data.ProjectData.traceLine(java.lang.Object, int)
[2022.06.14 14:58:35] (Coverage): Error tracing class com.aaronjwood.portauthority.runnable.ScanHostsRunnable: java.lang.NoSuchMethodException: com.intellij.rt.coverage.data.ProjectData.traceLine(java.lang.Object, int)
[2022.06.14 14:58:35] (Coverage): Error tracing class com.aaronjwood.portauthority.runnable.ScanHostsRunnable: java.lang.NoSuchMethodException: com.intellij.rt.coverage.data.ProjectData.traceLine(java.lang.Object, int)
[2022.06.14 14:58:35] (Coverage): Error tracing class com.aaronjwood.portauthority.activity.MainActivity: java.lang.NoSuchMethodException: com.intellij.rt.coverage.data.ProjectData.traceLine(java.lang.Object, int)
[2022.06.14 14:58:35] (Coverage): Error tracing class com.aaronjwood.portauthority.activity.MainActivity: java.lang.NoSuchMethodException: com.intellij.rt.coverage.data.ProjectData.traceLine(java.lang.Object, int)
[2022.06.14 14:58:35] (Coverage): Error tracing class com.aaronjwood.portauthority.activity.MainActivity: java.lang.NoSuchMethodException: com.intellij.rt.coverage.data.ProjectData.traceLine(java.lang.Object, int)
[2022.06.14 14:58:35] (Coverage): Error tracing class com.aaronjwood.portauthority.runnable.ScanHostsRunnable: java.lang.NoSuchMethodException: com.intellij.rt.coverage.data.ProjectData.traceLine(java.lang.Object, int)
[2022.06.14 14:58:35] (Coverage): Error tracing class com.aaronjwood.portauthority.runnable.ScanHostsRunnable: java.lang.NoSuchMethodException: com.intellij.rt.coverage.data.ProjectData.traceLine(java.lang.Object, int)
[2022.06.14 14:58:35] (Coverage): Error tracing class com.aaronjwood.portauthority.runnable.ScanHostsRunnable: java.lang.NoSuchMethodException: com.intellij.rt.coverage.data.ProjectData.traceLine(java.lang.Object, int)
[2022.06.14 14:58:35] (Coverage): Error tracing class com.aaronjwood.portauthority.runnable.ScanHostsRunnable: java.lang.NoSuchMethodException: com.intellij.rt.coverage.data.ProjectData.traceLine(java.lang.Object, int)
[2022.06.14 14:58:35] (Coverage): Error tracing class com.aaronjwood.portauthority.runnable.ScanHostsRunnable: java.lang.NoSuchMethodException: com.intellij.rt.coverage.data.ProjectData.traceLine(java.lang.Object, int)
[2022.06.14 14:58:35] (Coverage): Error tracing class com.aaronjwood.portauthority.runnable.ScanHostsRunnable: java.lang.NoSuchMethodException: com.intellij.rt.coverage.data.ProjectData.traceLine(java.lang.Object, int)
[2022.06.14 14:58:35] (Coverage): Error tracing class com.aaronjwood.portauthority.runnable.ScanHostsRunnable: java.lang.NoSuchMethodException: com.intellij.rt.coverage.data.ProjectData.traceLine(java.lang.Object, int)
[2022.06.14 14:58:35] (Coverage): Error tracing class com.aaronjwood.portauthority.runnable.ScanHostsRunnable: java.lang.NoSuchMethodException: com.intellij.rt.coverage.data.ProjectData.traceLine(java.lang.Object, int)
[2022.06.14 14:58:35] (Coverage): Error tracing class com.aaronjwood.portauthority.runnable.ScanHostsRunnable: java.lang.NoSuchMethodException: com.intellij.rt.coverage.data.ProjectData.traceLine(java.lang.Object, int)
[2022.06.14 14:58:35] (Coverage): Error tracing class com.aaronjwood.portauthority.activity.MainActivity: java.lang.NoSuchMethodException: com.intellij.rt.coverage.data.ProjectData.traceLine(java.lang.Object, int)
[2022.06.14 14:58:35] (Coverage): Error tracing class com.aaronjwood.portauthority.activity.MainActivity: java.lang.NoSuchMethodException: com.intellij.rt.coverage.data.ProjectData.traceLine(java.lang.Object, int)
[2022.06.14 14:58:35] (Coverage): Error tracing class com.aaronjwood.portauthority.activity.MainActivity: java.lang.NoSuchMethodException: com.intellij.rt.coverage.data.ProjectData.traceLine(java.lang.Object, int)
[2022.06.14 14:58:35] (Coverage): Error tracing class com.aaronjwood.portauthority.runnable.ScanHostsRunnable: java.lang.NoSuchMethodException: com.intellij.rt.coverage.data.ProjectData.traceLine(java.lang.Object, int)
[2022.06.14 14:58:35] (Coverage): Error tracing class com.aaronjwood.portauthority.runnable.ScanHostsRunnable: java.lang.NoSuchMethodException: com.intellij.rt.coverage.data.ProjectData.traceLine(java.lang.Object, int)
[2022.06.14 14:58:35] (Coverage): Error tracing class com.aaronjwood.portauthority.runnable.ScanHostsRunnable: java.lang.NoSuchMethodException: com.intellij.rt.coverage.data.ProjectData.traceLine(java.lang.Object, int)
[2022.06.14 14:58:35] (Coverage): Error tracing class com.aaronjwood.portauthority.runnable.ScanHostsRunnable: java.lang.NoSuchMethodException: com.intellij.rt.coverage.data.ProjectData.traceLine(java.lang.Object, int)
[2022.06.14 14:58:35] (Coverage): Error tracing class com.aaronjwood.portauthority.runnable.ScanHostsRunnable: java.lang.NoSuchMethodException: com.intellij.rt.coverage.data.ProjectData.traceLine(java.lang.Object, int)
[2022.06.14 14:58:35] (Coverage): Error tracing class com.aaronjwood.portauthority.runnable.ScanHostsRunnable: java.lang.NoSuchMethodException: com.intellij.rt.coverage.data.ProjectData.traceLine(java.lang.Object, int)
[2022.06.14 14:58:35] (Coverage): Error tracing class com.aaronjwood.portauthority.runnable.ScanHostsRunnable: java.lang.NoSuchMethodException: com.intellij.rt.coverage.data.ProjectData.traceLine(java.lang.Object, int)
[2022.06.14 14:58:35] (Coverage): Error tracing class com.aaronjwood.portauthority.runnable.ScanHostsRunnable: java.lang.NoSuchMethodException: com.intellij.rt.coverage.data.ProjectData.traceLine(java.lang.Object, int)
[2022.06.14 14:58:35] (Coverage): Error tracing class com.aaronjwood.portauthority.runnable.ScanHostsRunnable: java.lang.NoSuchMethodException: com.intellij.rt.coverage.data.ProjectData.traceLine(java.lang.Object, int)
[2022.06.14 14:58:35] (Coverage): Error tracing class com.aaronjwood.portauthority.runnable.ScanHostsRunnable: java.lang.NoSuchMethodException: com.intellij.rt.coverage.data.ProjectData.traceLine(java.lang.Object, int)
[2022.06.14 14:58:35] (Coverage): Error tracing class com.aaronjwood.portauthority.runnable.ScanHostsRunnable: java.lang.NoSuchMethodException: com.intellij.rt.coverage.data.ProjectData.traceLine(java.lang.Object, int)
[2022.06.14 14:58:35] (Coverage): Error tracing class com.aaronjwood.portauthority.runnable.ScanHostsRunnable: java.lang.NoSuchMethodException: com.intellij.rt.coverage.data.ProjectData.traceLine(java.lang.Object, int)
[2022.06.14 14:58:35] (Coverage): Error tracing class com.aaronjwood.portauthority.runnable.ScanHostsRunnable: java.lang.NoSuchMethodException: com.intellij.rt.coverage.data.ProjectData.traceLine(java.lang.Object, int)
[2022.06.14 14:58:35] (Coverage): Error tracing class com.aaronjwood.portauthority.runnable.ScanHostsRunnable: java.lang.NoSuchMethodException: com.intellij.rt.coverage.data.ProjectData.traceLine(java.lang.Object, int)
[2022.06.14 14:58:35] (Coverage): Error tracing class com.aaronjwood.portauthority.runnable.ScanHostsRunnable: java.lang.NoSuchMethodException: com.intellij.rt.coverage.data.ProjectData.traceLine(java.lang.Object, int)
[2022.06.14 14:58:35] (Coverage): Error tracing class com.aaronjwood.portauthority.runnable.ScanHostsRunnable: java.lang.NoSuchMethodException: com.intellij.rt.coverage.data.ProjectData.traceLine(java.lang.Object, int)
[2022.06.14 14:58:35] (Coverage): Error tracing class com.aaronjwood.portauthority.activity.MainActivity: java.lang.NoSuchMethodException: com.intellij.rt.coverage.data.ProjectData.traceLine(java.lang.Object, int)
[2022.06.14 14:58:35] (Coverage): Error tracing class com.aaronjwood.portauthority.activity.MainActivity: java.lang.NoSuchMethodException: com.intellij.rt.coverage.data.ProjectData.traceLine(java.lang.Object, int)
[2022.06.14 14:58:35] (Coverage): Error tracing class com.aaronjwood.portauthority.activity.MainActivity: java.lang.NoSuchMethodException: com.intellij.rt.coverage.data.ProjectData.traceLine(java.lang.Object, int)
[2022.06.14 14:58:35] (Coverage): Error tracing class com.aaronjwood.portauthority.runnable.ScanHostsRunnable: java.lang.NoSuchMethodException: com.intellij.rt.coverage.data.ProjectData.traceLine(java.lang.Object, int)
[2022.06.14 14:58:35] (Coverage): Error tracing class com.aaronjwood.portauthority.runnable.ScanHostsRunnable: java.lang.NoSuchMethodException: com.intellij.rt.coverage.data.ProjectData.traceLine(java.lang.Object, int)
[2022.06.14 14:58:35] (Coverage): Error tracing class com.aaronjwood.portauthority.runnable.ScanHostsRunnable: java.lang.NoSuchMethodException: com.intellij.rt.coverage.data.ProjectData.traceLine(java.lang.Object, int)
[2022.06.14 14:58:35] (Coverage): Error tracing class com.aaronjwood.portauthority.runnable.ScanHostsRunnable: java.lang.NoSuchMethodException: com.intellij.rt.coverage.data.ProjectData.traceLine(java.lang.Object, int)
[2022.06.14 14:58:35] (Coverage): Error tracing class com.aaronjwood.portauthority.runnable.ScanHostsRunnable: java.lang.NoSuchMethodException: com.intellij.rt.coverage.data.ProjectData.traceLine(java.lang.Object, int)
[2022.06.14 14:58:35] (Coverage): Error tracing class com.aaronjwood.portauthority.runnable.ScanHostsRunnable: java.lang.NoSuchMethodException: com.intellij.rt.coverage.data.ProjectData.traceLine(java.lang.Object, int)
[2022.06.14 14:58:35] (Coverage): Error tracing class com.aaronjwood.portauthority.runnable.ScanHostsRunnable: java.lang.NoSuchMethodException: com.intellij.rt.coverage.data.ProjectData.traceLine(java.lang.Object, int)
[2022.06.14 14:58:35] (Coverage): Error tracing class com.aaronjwood.portauthority.runnable.ScanHostsRunnable: java.lang.NoSuchMethodException: com.intellij.rt.coverage.data.ProjectData.traceLine(java.lang.Object, int)
[2022.06.14 14:58:35] (Coverage): Error tracing class com.aaronjwood.portauthority.runnable.ScanHostsRunnable: java.lang.NoSuchMethodException: com.intellij.rt.coverage.data.ProjectData.traceLine(java.lang.Object, int)
[2022.06.14 14:58:35] (Coverage): Error tracing class com.aaronjwood.portauthority.activity.MainActivity: java.lang.NoSuchMethodException: com.intellij.rt.coverage.data.ProjectData.traceLine(java.lang.Object, int)
[2022.06.14 14:58:35] (Coverage): Error tracing class com.aaronjwood.portauthority.activity.MainActivity: java.lang.NoSuchMethodException: com.intellij.rt.coverage.data.ProjectData.traceLine(java.lang.Object, int)
[2022.06.14 14:58:35] (Coverage): Error tracing class com.aaronjwood.portauthority.runnable.ScanHostsRunnable: java.lang.NoSuchMethodException: com.intellij.rt.coverage.data.ProjectData.traceLine(java.lang.Object, int)
[2022.06.14 14:58:35] (Coverage): Error tracing class com.aaronjwood.portauthority.runnable.ScanHostsRunnable: java.lang.NoSuchMethodException: com.intellij.rt.coverage.data.ProjectData.traceLine(java.lang.Object, int)
[2022.06.14 14:58:35] (Coverage): Error tracing class com.aaronjwood.portauthority.runnable.ScanHostsRunnable: java.lang.NoSuchMethodException: com.intellij.rt.coverage.data.ProjectData.traceLine(java.lang.Object, int)
[2022.06.14 14:58:35] (Coverage): Error tracing class com.aaronjwood.portauthority.runnable.ScanHostsRunnable: java.lang.NoSuchMethodException: com.intellij.rt.coverage.data.ProjectData.traceLine(java.lang.Object, int)
[2022.06.14 14:58:35] (Coverage): Error tracing class com.aaronjwood.portauthority.runnable.ScanHostsRunnable: java.lang.NoSuchMethodException: com.intellij.rt.coverage.data.ProjectData.traceLine(java.lang.Object, int)
[2022.06.14 14:58:35] (Coverage): Error tracing class com.aaronjwood.portauthority.runnable.ScanHostsRunnable: java.lang.NoSuchMethodException: com.intellij.rt.coverage.data.ProjectData.traceLine(java.lang.Object, int)
[2022.06.14 14:58:35] (Coverage): Error tracing class com.aaronjwood.portauthority.runnable.ScanHostsRunnable: java.lang.NoSuchMethodException: com.intellij.rt.coverage.data.ProjectData.traceLine(java.lang.Object, int)
[2022.06.14 14:58:35] (Coverage): Error tracing class com.aaronjwood.portauthority.runnable.ScanHostsRunnable: java.lang.NoSuchMethodException: com.intellij.rt.coverage.data.ProjectData.traceLine(java.lang.Object, int)
[2022.06.14 14:58:35] (Coverage): Error tracing class com.aaronjwood.portauthority.runnable.ScanHostsRunnable: java.lang.NoSuchMethodException: com.intellij.rt.coverage.data.ProjectData.traceLine(java.lang.Object, int)
[2022.06.14 14:58:35] (Coverage): Error tracing class com.aaronjwood.portauthority.runnable.ScanHostsRunnable: java.lang.NoSuchMethodException: com.intellij.rt.coverage.data.ProjectData.traceLine(java.lang.Object, int)
[2022.06.14 14:58:35] (Coverage): Error tracing class com.aaronjwood.portauthority.runnable.ScanHostsRunnable: java.lang.NoSuchMethodException: com.intellij.rt.coverage.data.ProjectData.traceLine(java.lang.Object, int)
[2022.06.14 14:58:35] (Coverage): Error tracing class com.aaronjwood.portauthority.runnable.ScanHostsRunnable: java.lang.NoSuchMethodException: com.intellij.rt.coverage.data.ProjectData.traceLine(java.lang.Object, int)
[2022.06.14 14:58:35] (Coverage): Error tracing class com.aaronjwood.portauthority.runnable.ScanHostsRunnable: java.lang.NoSuchMethodException: com.intellij.rt.coverage.data.ProjectData.traceLine(java.lang.Object, int)
[2022.06.14 14:58:35] (Coverage): Error tracing class com.aaronjwood.portauthority.runnable.ScanHostsRunnable: java.lang.NoSuchMethodException: com.intellij.rt.coverage.data.ProjectData.traceLine(java.lang.Object, int)
[2022.06.14 14:58:35] (Coverage): Error tracing class com.aaronjwood.portauthority.runnable.ScanHostsRunnable: java.lang.NoSuchMethodException: com.intellij.rt.coverage.data.ProjectData.traceLine(java.lang.Object, int)
[2022.06.14 14:58:35] (Coverage): Error tracing class com.aaronjwood.portauthority.runnable.ScanHostsRunnable: java.lang.NoSuchMethodException: com.intellij.rt.coverage.data.ProjectData.traceLine(java.lang.Object, int)
[2022.06.14 14:58:35] (Coverage): Error tracing class com.aaronjwood.portauthority.runnable.ScanHostsRunnable: java.lang.NoSuchMethodException: com.intellij.rt.coverage.data.ProjectData.traceLine(java.lang.Object, int)
[2022.06.14 14:58:35] (Coverage): Error tracing class com.aaronjwood.portauthority.activity.MainActivity: java.lang.NoSuchMethodException: com.intellij.rt.coverage.data.ProjectData.traceLine(java.lang.Object, int)
[2022.06.14 14:58:35] (Coverage): Error tracing class com.aaronjwood.portauthority.runnable.ScanHostsRunnable: java.lang.NoSuchMethodException: com.intellij.rt.coverage.data.ProjectData.traceLine(java.lang.Object, int)
[2022.06.14 14:58:35] (Coverage): Error tracing class com.aaronjwood.portauthority.runnable.ScanHostsRunnable: java.lang.NoSuchMethodException: com.intellij.rt.coverage.data.ProjectData.traceLine(java.lang.Object, int)
[2022.06.14 14:58:35] (Coverage): Error tracing class com.aaronjwood.portauthority.runnable.ScanHostsRunnable: java.lang.NoSuchMethodException: com.intellij.rt.coverage.data.ProjectData.traceLine(java.lang.Object, int)
[2022.06.14 14:58:35] (Coverage): Error tracing class com.aaronjwood.portauthority.runnable.ScanHostsRunnable: java.lang.NoSuchMethodException: com.intellij.rt.coverage.data.ProjectData.traceLine(java.lang.Object, int)
[2022.06.14 14:58:35] (Coverage): Error tracing class com.aaronjwood.portauthority.runnable.ScanHostsRunnable: java.lang.NoSuchMethodException: com.intellij.rt.coverage.data.ProjectData.traceLine(java.lang.Object, int)
[2022.06.14 14:58:35] (Coverage): Error tracing class com.aaronjwood.portauthority.runnable.ScanHostsRunnable: java.lang.NoSuchMethodException: com.intellij.rt.coverage.data.ProjectData.traceLine(java.lang.Object, int)
[2022.06.14 14:58:35] (Coverage): Error tracing class com.aaronjwood.portauthority.runnable.ScanHostsRunnable: java.lang.NoSuchMethodException: com.intellij.rt.coverage.data.ProjectData.traceLine(java.lang.Object, int)
[2022.06.14 14:58:35] (Coverage): Error tracing class com.aaronjwood.portauthority.runnable.ScanHostsRunnable: java.lang.NoSuchMethodException: com.intellij.rt.coverage.data.ProjectData.traceLine(java.lang.Object, int)
[2022.06.14 14:58:35] (Coverage): Error tracing class com.aaronjwood.portauthority.runnable.ScanHostsRunnable: java.lang.NoSuchMethodException: com.intellij.rt.coverage.data.ProjectData.traceLine(java.lang.Object, int)
[2022.06.14 14:58:35] (Coverage): Error tracing class com.aaronjwood.portauthority.runnable.ScanHostsRunnable: java.lang.NoSuchMethodException: com.intellij.rt.coverage.data.ProjectData.traceLine(java.lang.Object, int)
[2022.06.14 14:58:35] (Coverage): Error tracing class com.aaronjwood.portauthority.runnable.ScanHostsRunnable: java.lang.NoSuchMethodException: com.intellij.rt.coverage.data.ProjectData.traceLine(java.lang.Object, int)
[2022.06.14 14:58:35] (Coverage): Error tracing class com.aaronjwood.portauthority.runnable.ScanHostsRunnable: java.lang.NoSuchMethodException: com.intellij.rt.coverage.data.ProjectData.traceLine(java.lang.Object, int)
[2022.06.14 14:58:35] (Coverage): Error tracing class com.aaronjwood.portauthority.runnable.ScanHostsRunnable: java.lang.NoSuchMethodException: com.intellij.rt.coverage.data.ProjectData.traceLine(java.lang.Object, int)
[2022.06.14 14:58:35] (Coverage): Error tracing class com.aaronjwood.portauthority.runnable.ScanHostsRunnable: java.lang.NoSuchMethodException: com.intellij.rt.coverage.data.ProjectData.traceLine(java.lang.Object, int)
[2022.06.14 14:58:35] (Coverage): Error tracing class com.aaronjwood.portauthority.runnable.ScanHostsRunnable: java.lang.NoSuchMethodException: com.intellij.rt.coverage.data.ProjectData.traceLine(java.lang.Object, int)
[2022.06.14 14:58:35] (Coverage): Error tracing class com.aaronjwood.portauthority.runnable.ScanHostsRunnable: java.lang.NoSuchMethodException: com.intellij.rt.coverage.data.ProjectData.traceLine(java.lang.Object, int)
[2022.06.14 14:58:35] (Coverage): Error tracing class com.aaronjwood.portauthority.runnable.ScanHostsRunnable: java.lang.NoSuchMethodException: com.intellij.rt.coverage.data.ProjectData.traceLine(java.lang.Object, int)
[2022.06.14 14:58:35] (Coverage): Error tracing class com.aaronjwood.portauthority.runnable.ScanHostsRunnable: java.lang.NoSuchMethodException: com.intellij.rt.coverage.data.ProjectData.traceLine(java.lang.Object, int)
[2022.06.14 14:58:35] (Coverage): Error tracing class com.aaronjwood.portauthority.runnable.ScanHostsRunnable: java.lang.NoSuchMethodException: com.intellij.rt.coverage.data.ProjectData.traceLine(java.lang.Object, int)
[2022.06.14 14:58:35] (Coverage): Error tracing class com.aaronjwood.portauthority.runnable.ScanHostsRunnable: java.lang.NoSuchMethodException: com.intellij.rt.coverage.data.ProjectData.traceLine(java.lang.Object, int)
[2022.06.14 14:58:35] (Coverage): Error tracing class com.aaronjwood.portauthority.runnable.ScanHostsRunnable: java.lang.NoSuchMethodException: com.intellij.rt.coverage.data.ProjectData.traceLine(java.lang.Object, int)
[2022.06.14 14:58:35] (Coverage): Error tracing class com.aaronjwood.portauthority.runnable.ScanHostsRunnable: java.lang.NoSuchMethodException: com.intellij.rt.coverage.data.ProjectData.traceLine(java.lang.Object, int)
[2022.06.14 14:58:35] (Coverage): Error tracing class com.aaronjwood.portauthority.runnable.ScanHostsRunnable: java.lang.NoSuchMethodException: com.intellij.rt.coverage.data.ProjectData.traceLine(java.lang.Object, int)
[2022.06.14 14:58:35] (Coverage): Error tracing class com.aaronjwood.portauthority.runnable.ScanHostsRunnable: java.lang.NoSuchMethodException: com.intellij.rt.coverage.data.ProjectData.traceLine(java.lang.Object, int)
[2022.06.14 14:58:35] (Coverage): Error tracing class com.aaronjwood.portauthority.runnable.ScanHostsRunnable: java.lang.NoSuchMethodException: com.intellij.rt.coverage.data.ProjectData.traceLine(java.lang.Object, int)
[2022.06.14 14:58:35] (Coverage): Error tracing class com.aaronjwood.portauthority.runnable.ScanHostsRunnable: java.lang.NoSuchMethodException: com.intellij.rt.coverage.data.ProjectData.traceLine(java.lang.Object, int)
[2022.06.14 14:58:35] (Coverage): Error tracing class com.aaronjwood.portauthority.runnable.ScanHostsRunnable: java.lang.NoSuchMethodException: com.intellij.rt.coverage.data.ProjectData.traceLine(java.lang.Object, int)
[2022.06.14 14:58:35] (Coverage): Error tracing class com.aaronjwood.portauthority.runnable.ScanHostsRunnable: java.lang.NoSuchMethodException: com.intellij.rt.coverage.data.ProjectData.traceLine(java.lang.Object, int)
[2022.06.14 14:58:35] (Coverage): Error tracing class com.aaronjwood.portauthority.runnable.ScanHostsRunnable: java.lang.NoSuchMethodException: com.intellij.rt.coverage.data.ProjectData.traceLine(java.lang.Object, int)
[2022.06.14 14:58:35] (Coverage): Error tracing class com.aaronjwood.portauthority.runnable.ScanHostsRunnable: java.lang.NoSuchMethodException: com.intellij.rt.coverage.data.ProjectData.traceLine(java.lang.Object, int)
[2022.06.14 14:58:35] (Coverage): Error tracing class com.aaronjwood.portauthority.runnable.ScanHostsRunnable: java.lang.NoSuchMethodException: com.intellij.rt.coverage.data.ProjectData.traceLine(java.lang.Object, int)
[2022.06.14 14:58:35] (Coverage): Error tracing class com.aaronjwood.portauthority.runnable.ScanHostsRunnable: java.lang.NoSuchMethodException: com.intellij.rt.coverage.data.ProjectData.traceLine(java.lang.Object, int)
[2022.06.14 14:58:35] (Coverage): Error tracing class com.aaronjwood.portauthority.runnable.ScanHostsRunnable: java.lang.NoSuchMethodException: com.intellij.rt.coverage.data.ProjectData.traceLine(java.lang.Object, int)
[2022.06.14 14:58:35] (Coverage): Error tracing class com.aaronjwood.portauthority.activity.MainActivity: java.lang.NoSuchMethodException: com.intellij.rt.coverage.data.ProjectData.traceLine(java.lang.Object, int)
[2022.06.14 14:58:35] (Coverage): Error tracing class com.aaronjwood.portauthority.activity.MainActivity: java.lang.NoSuchMethodException: com.intellij.rt.coverage.data.ProjectData.traceLine(java.lang.Object, int)
[2022.06.14 14:58:35] (Coverage): Error tracing class com.aaronjwood.portauthority.runnable.ScanHostsRunnable: java.lang.NoSuchMethodException: com.intellij.rt.coverage.data.ProjectData.traceLine(java.lang.Object, int)
[2022.06.14 14:58:35] (Coverage): Error tracing class com.aaronjwood.portauthority.runnable.ScanHostsRunnable: java.lang.NoSuchMethodException: com.intellij.rt.coverage.data.ProjectData.traceLine(java.lang.Object, int)
[2022.06.14 14:58:35] (Coverage): Error tracing class com.aaronjwood.portauthority.runnable.ScanHostsRunnable: java.lang.NoSuchMethodException: com.intellij.rt.coverage.data.ProjectData.traceLine(java.lang.Object, int)
[2022.06.14 14:58:35] (Coverage): Error tracing class com.aaronjwood.portauthority.runnable.ScanHostsRunnable: java.lang.NoSuchMethodException: com.intellij.rt.coverage.data.ProjectData.traceLine(java.lang.Object, int)
[2022.06.14 14:58:35] (Coverage): Error tracing class com.aaronjwood.portauthority.runnable.ScanHostsRunnable: java.lang.NoSuchMethodException: com.intellij.rt.coverage.data.ProjectData.traceLine(java.lang.Object, int)
[2022.06.14 14:58:35] (Coverage): Error tracing class com.aaronjwood.portauthority.runnable.ScanHostsRunnable: java.lang.NoSuchMethodException: com.intellij.rt.coverage.data.ProjectData.traceLine(java.lang.Object, int)
[2022.06.14 14:58:35] (Coverage): Error tracing class com.aaronjwood.portauthority.runnable.ScanHostsRunnable: java.lang.NoSuchMethodException: com.intellij.rt.coverage.data.ProjectData.traceLine(java.lang.Object, int)
[2022.06.14 14:58:35] (Coverage): Error tracing class com.aaronjwood.portauthority.runnable.ScanHostsRunnable: java.lang.NoSuchMethodException: com.intellij.rt.coverage.data.ProjectData.traceLine(java.lang.Object, int)
[2022.06.14 14:58:35] (Coverage): Error tracing class com.aaronjwood.portauthority.runnable.ScanHostsRunnable: java.lang.NoSuchMethodException: com.intellij.rt.coverage.data.ProjectData.traceLine(java.lang.Object, int)
[2022.06.14 14:58:35] (Coverage): Error tracing class com.aaronjwood.portauthority.runnable.ScanHostsRunnable: java.lang.NoSuchMethodException: com.intellij.rt.coverage.data.ProjectData.traceLine(java.lang.Object, int)
[2022.06.14 14:58:35] (Coverage): Error tracing class com.aaronjwood.portauthority.runnable.ScanHostsRunnable: java.lang.NoSuchMethodException: com.intellij.rt.coverage.data.ProjectData.traceLine(java.lang.Object, int)
[2022.06.14 14:58:35] (Coverage): Error tracing class com.aaronjwood.portauthority.runnable.ScanHostsRunnable: java.lang.NoSuchMethodException: com.intellij.rt.coverage.data.ProjectData.traceLine(java.lang.Object, int)
[2022.06.14 14:58:35] (Coverage): Error tracing class com.aaronjwood.portauthority.runnable.ScanHostsRunnable: java.lang.NoSuchMethodException: com.intellij.rt.coverage.data.ProjectData.traceLine(java.lang.Object, int)
[2022.06.14 14:58:35] (Coverage): Error tracing class com.aaronjwood.portauthority.runnable.ScanHostsRunnable: java.lang.NoSuchMethodException: com.intellij.rt.coverage.data.ProjectData.traceLine(java.lang.Object, int)
[2022.06.14 14:58:35] (Coverage): Error tracing class com.aaronjwood.portauthority.runnable.ScanHostsRunnable: java.lang.NoSuchMethodException: com.intellij.rt.coverage.data.ProjectData.traceLine(java.lang.Object, int)
[2022.06.14 14:58:35] (Coverage): Error tracing class com.aaronjwood.portauthority.runnable.ScanHostsRunnable: java.lang.NoSuchMethodException: com.intellij.rt.coverage.data.ProjectData.traceLine(java.lang.Object, int)
[2022.06.14 14:58:35] (Coverage): Error tracing class com.aaronjwood.portauthority.runnable.ScanHostsRunnable: java.lang.NoSuchMethodException: com.intellij.rt.coverage.data.ProjectData.traceLine(java.lang.Object, int)
[2022.06.14 14:58:35] (Coverage): Error tracing class com.aaronjwood.portauthority.runnable.ScanHostsRunnable: java.lang.NoSuchMethodException: com.intellij.rt.coverage.data.ProjectData.traceLine(java.lang.Object, int)
[2022.06.14 14:58:35] (Coverage): Error tracing class com.aaronjwood.portauthority.runnable.ScanHostsRunnable: java.lang.NoSuchMethodException: com.intellij.rt.coverage.data.ProjectData.traceLine(java.lang.Object, int)
[2022.06.14 14:58:35] (Coverage): Error tracing class com.aaronjwood.portauthority.runnable.ScanHostsRunnable: java.lang.NoSuchMethodException: com.intellij.rt.coverage.data.ProjectData.traceLine(java.lang.Object, int)
[2022.06.14 14:58:35] (Coverage): Error tracing class com.aaronjwood.portauthority.runnable.ScanHostsRunnable: java.lang.NoSuchMethodException: com.intellij.rt.coverage.data.ProjectData.traceLine(java.lang.Object, int)
[2022.06.14 14:58:35] (Coverage): Error tracing class com.aaronjwood.portauthority.runnable.ScanHostsRunnable: java.lang.NoSuchMethodException: com.intellij.rt.coverage.data.ProjectData.traceLine(java.lang.Object, int)
[2022.06.14 14:58:35] (Coverage): Error tracing class com.aaronjwood.portauthority.runnable.ScanHostsRunnable: java.lang.NoSuchMethodException: com.intellij.rt.coverage.data.ProjectData.traceLine(java.lang.Object, int)
[2022.06.14 14:58:35] (Coverage): Error tracing class com.aaronjwood.portauthority.runnable.ScanHostsRunnable: java.lang.NoSuchMethodException: com.intellij.rt.coverage.data.ProjectData.traceLine(java.lang.Object, int)
[2022.06.14 14:58:35] (Coverage): Error tracing class com.aaronjwood.portauthority.runnable.ScanHostsRunnable: java.lang.NoSuchMethodException: com.intellij.rt.coverage.data.ProjectData.traceLine(java.lang.Object, int)
[2022.06.14 14:58:35] (Coverage): Error tracing class com.aaronjwood.portauthority.runnable.ScanHostsRunnable: java.lang.NoSuchMethodException: com.intellij.rt.coverage.data.ProjectData.traceLine(java.lang.Object, int)
[2022.06.14 14:58:35] (Coverage): Error tracing class com.aaronjwood.portauthority.activity.MainActivity: java.lang.NoSuchMethodException: com.intellij.rt.coverage.data.ProjectData.traceLine(java.lang.Object, int)
[2022.06.14 14:58:35] (Coverage): Error tracing class com.aaronjwood.portauthority.runnable.ScanHostsRunnable: java.lang.NoSuchMethodException: com.intellij.rt.coverage.data.ProjectData.traceLine(java.lang.Object, int)
[2022.06.14 14:58:35] (Coverage): Error tracing class com.aaronjwood.portauthority.runnable.ScanHostsRunnable: java.lang.NoSuchMethodException: com.intellij.rt.coverage.data.ProjectData.traceLine(java.lang.Object, int)
[2022.06.14 14:58:35] (Coverage): Error tracing class com.aaronjwood.portauthority.runnable.ScanHostsRunnable: java.lang.NoSuchMethodException: com.intellij.rt.coverage.data.ProjectData.traceLine(java.lang.Object, int)
[2022.06.14 14:58:35] (Coverage): Error tracing class com.aaronjwood.portauthority.runnable.ScanHostsRunnable: java.lang.NoSuchMethodException: com.intellij.rt.coverage.data.ProjectData.traceLine(java.lang.Object, int)
[2022.06.14 14:58:35] (Coverage): Error tracing class com.aaronjwood.portauthority.runnable.ScanHostsRunnable: java.lang.NoSuchMethodException: com.intellij.rt.coverage.data.ProjectData.traceLine(java.lang.Object, int)
[2022.06.14 14:58:35] (Coverage): Error tracing class com.aaronjwood.portauthority.runnable.ScanHostsRunnable: java.lang.NoSuchMethodException: com.intellij.rt.coverage.data.ProjectData.traceLine(java.lang.Object, int)
[2022.06.14 14:58:35] (Coverage): Error tracing class com.aaronjwood.portauthority.runnable.ScanHostsRunnable: java.lang.NoSuchMethodException: com.intellij.rt.coverage.data.ProjectData.traceLine(java.lang.Object, int)
[2022.06.14 14:58:35] (Coverage): Error tracing class com.aaronjwood.portauthority.runnable.ScanHostsRunnable: java.lang.NoSuchMethodException: com.intellij.rt.coverage.data.ProjectData.traceLine(java.lang.Object, int)
[2022.06.14 14:58:35] (Coverage): Error tracing class com.aaronjwood.portauthority.runnable.ScanHostsRunnable: java.lang.NoSuchMethodException: com.intellij.rt.coverage.data.ProjectData.traceLine(java.lang.Object, int)
[2022.06.14 14:58:35] (Coverage): Error tracing class com.aaronjwood.portauthority.runnable.ScanHostsRunnable: java.lang.NoSuchMethodException: com.intellij.rt.coverage.data.ProjectData.traceLine(java.lang.Object, int)
[2022.06.14 14:58:35] (Coverage): Error tracing class com.aaronjwood.portauthority.runnable.ScanHostsRunnable: java.lang.NoSuchMethodException: com.intellij.rt.coverage.data.ProjectData.traceLine(java.lang.Object, int)
[2022.06.14 14:58:35] (Coverage): Error tracing class com.aaronjwood.portauthority.runnable.ScanHostsRunnable: java.lang.NoSuchMethodException: com.intellij.rt.coverage.data.ProjectData.traceLine(java.lang.Object, int)
[2022.06.14 14:58:35] (Coverage): Error tracing class com.aaronjwood.portauthority.runnable.ScanHostsRunnable: java.lang.NoSuchMethodException: com.intellij.rt.coverage.data.ProjectData.traceLine(java.lang.Object, int)
[2022.06.14 14:58:35] (Coverage): Error tracing class com.aaronjwood.portauthority.runnable.ScanHostsRunnable: java.lang.NoSuchMethodException: com.intellij.rt.coverage.data.ProjectData.traceLine(java.lang.Object, int)
[...]
[2022.06.14 14:58:37] (Coverage): Error tracing class com.aaronjwood.portauthority.runnable.ScanHostsRunnable: java.lang.NoSuchMethodException: com.intellij.rt.coverage.data.ProjectData.traceLine(java.lang.Object, int)
[2022.06.14 14:58:37] (Coverage): Error tracing class com.aaronjwood.portauthority.runnable.ScanHostsRunnable: java.lang.NoSuchMethodException: com.intellij.rt.coverage.data.ProjectData.traceLine(java.lang.Object, int)
[2022.06.14 14:58:37] (Coverage): Error tracing class com.aaronjwood.portauthority.runnable.ScanHostsRunnable: java.lang.NoSuchMethodException: com.intellij.rt.coverage.data.ProjectData.traceLine(java.lang.Object, int)
[2022.06.14 14:58:37] (Coverage): Error tracing class com.aaronjwood.portauthority.runnable.ScanHostsRunnable: java.lang.NoSuchMethodException: com.intellij.rt.coverage.data.ProjectData.traceLine(java.lang.Object, int)
[2022.06.14 14:58:37] (Coverage): Error tracing class com.aaronjwood.portauthority.runnable.ScanHostsRunnable: java.lang.NoSuchMethodException: com.intellij.rt.coverage.data.ProjectData.traceLine(java.lang.Object, int)
[2022.06.14 14:58:37] (Coverage): Error tracing class com.aaronjwood.portauthority.runnable.ScanHostsRunnable: java.lang.NoSuchMethodException: com.intellij.rt.coverage.data.ProjectData.traceLine(java.lang.Object, int)
[2022.06.14 14:58:37] (Coverage): Error tracing class com.aaronjwood.portauthority.runnable.ScanHostsRunnable: java.lang.NoSuchMethodException: com.intellij.rt.coverage.data.ProjectData.traceLine(java.lang.Object, int)
[2022.06.14 14:58:37] (Coverage): Error tracing class com.aaronjwood.portauthority.runnable.ScanHostsRunnable: java.lang.NoSuchMethodException: com.intellij.rt.coverage.data.ProjectData.traceLine(java.lang.Object, int)
[2022.06.14 14:58:37] (Coverage): Error tracing class com.aaronjwood.portauthority.runnable.ScanHostsRunnable: java.lang.NoSuchMethodException: com.intellij.rt.coverage.data.ProjectData.traceLine(java.lang.Object, int)
[2022.06.14 14:58:37] (Coverage): Error tracing class com.aaronjwood.portauthority.activity.MainActivity: java.lang.NoSuchMethodException: com.intellij.rt.coverage.data.ProjectData.traceLine(java.lang.Object, int)
[2022.06.14 14:58:37] (Coverage): Error tracing class com.aaronjwood.portauthority.activity.MainActivity: java.lang.NoSuchMethodException: com.intellij.rt.coverage.data.ProjectData.traceLine(java.lang.Object, int)
[2022.06.14 14:58:37] (Coverage): Error tracing class com.aaronjwood.portauthority.activity.MainActivity: java.lang.NoSuchMethodException: com.intellij.rt.coverage.data.ProjectData.traceLine(java.lang.Object, int)
[2022.06.14 14:58:37] (Coverage): Error tracing class com.aaronjwood.portauthority.runnable.ScanHostsRunnable: java.lang.NoSuchMethodException: com.intellij.rt.coverage.data.ProjectData.traceLine(java.lang.Object, int)
[2022.06.14 14:58:37] (Coverage): Error tracing class com.aaronjwood.portauthority.runnable.ScanHostsRunnable: java.lang.NoSuchMethodException: com.intellij.rt.coverage.data.ProjectData.traceLine(java.lang.Object, int)
[2022.06.14 14:58:37] (Coverage): Error tracing class com.aaronjwood.portauthority.runnable.ScanHostsRunnable: java.lang.NoSuchMethodException: com.intellij.rt.coverage.data.ProjectData.traceLine(java.lang.Object, int)
[2022.06.14 14:58:37] (Coverage): Error tracing class com.aaronjwood.portauthority.runnable.ScanHostsRunnable: java.lang.NoSuchMethodException: com.intellij.rt.coverage.data.ProjectData.traceLine(java.lang.Object, int)
[2022.06.14 14:58:37] (Coverage): Error tracing class com.aaronjwood.portauthority.runnable.ScanHostsRunnable: java.lang.NoSuchMethodException: com.intellij.rt.coverage.data.ProjectData.traceLine(java.lang.Object, int)
[2022.06.14 14:58:37] (Coverage): Error tracing class com.aaronjwood.portauthority.runnable.ScanHostsRunnable: java.lang.NoSuchMethodException: com.intellij.rt.coverage.data.ProjectData.traceLine(java.lang.Object, int)
[2022.06.14 14:58:37] (Coverage): Error tracing class com.aaronjwood.portauthority.runnable.ScanHostsRunnable: java.lang.NoSuchMethodException: com.intellij.rt.coverage.data.ProjectData.traceLine(java.lang.Object, int)
[2022.06.14 14:58:37] (Coverage): Error tracing class com.aaronjwood.portauthority.runnable.ScanHostsRunnable: java.lang.NoSuchMethodException: com.intellij.rt.coverage.data.ProjectData.traceLine(java.lang.Object, int)
[2022.06.14 14:58:37] (Coverage): Error tracing class com.aaronjwood.portauthority.runnable.ScanHostsRunnable: java.lang.NoSuchMethodException: com.intellij.rt.coverage.data.ProjectData.traceLine(java.lang.Object, int)
[2022.06.14 14:58:37] (Coverage): Error tracing class com.aaronjwood.portauthority.activity.MainActivity: java.lang.NoSuchMethodException: com.intellij.rt.coverage.data.ProjectData.traceLine(java.lang.Object, int)
[2022.06.14 14:58:37] (Coverage): Error tracing class com.aaronjwood.portauthority.activity.MainActivity: java.lang.NoSuchMethodException: com.intellij.rt.coverage.data.ProjectData.traceLine(java.lang.Object, int)
[2022.06.14 14:58:37] (Coverage): Error tracing class com.aaronjwood.portauthority.activity.MainActivity: java.lang.NoSuchMethodException: com.intellij.rt.coverage.data.ProjectData.traceLine(java.lang.Object, int)
[2022.06.14 14:58:37] (Coverage): Error tracing class com.aaronjwood.portauthority.runnable.ScanHostsRunnable: java.lang.NoSuchMethodException: com.intellij.rt.coverage.data.ProjectData.traceLine(java.lang.Object, int)
[2022.06.14 14:58:37] (Coverage): Error tracing class com.aaronjwood.portauthority.runnable.ScanHostsRunnable: java.lang.NoSuchMethodException: com.intellij.rt.coverage.data.ProjectData.traceLine(java.lang.Object, int)
[2022.06.14 14:58:37] (Coverage): Error tracing class com.aaronjwood.portauthority.runnable.ScanHostsRunnable: java.lang.NoSuchMethodException: com.intellij.rt.coverage.data.ProjectData.traceLine(java.lang.Object, int)
[2022.06.14 14:58:37] (Coverage): Error tracing class com.aaronjwood.portauthority.runnable.ScanHostsRunnable: java.lang.NoSuchMethodException: com.intellij.rt.coverage.data.ProjectData.traceLine(java.lang.Object, int)
[2022.06.14 14:58:37] (Coverage): Error tracing class com.aaronjwood.portauthority.runnable.ScanHostsRunnable: java.lang.NoSuchMethodException: com.intellij.rt.coverage.data.ProjectData.traceLine(java.lang.Object, int)
[2022.06.14 14:58:37] (Coverage): Error tracing class com.aaronjwood.portauthority.runnable.ScanHostsRunnable: java.lang.NoSuchMethodException: com.intellij.rt.coverage.data.ProjectData.traceLine(java.lang.Object, int)
[2022.06.14 14:58:37] (Coverage): Error tracing class com.aaronjwood.portauthority.runnable.ScanHostsRunnable: java.lang.NoSuchMethodException: com.intellij.rt.coverage.data.ProjectData.traceLine(java.lang.Object, int)
[2022.06.14 14:58:37] (Coverage): Error tracing class com.aaronjwood.portauthority.runnable.ScanHostsRunnable: java.lang.NoSuchMethodException: com.intellij.rt.coverage.data.ProjectData.traceLine(java.lang.Object, int)
[2022.06.14 14:58:37] (Coverage): Error tracing class com.aaronjwood.portauthority.runnable.ScanHostsRunnable: java.lang.NoSuchMethodException: com.intellij.rt.coverage.data.ProjectData.traceLine(java.lang.Object, int)
[2022.06.14 14:58:37] (Coverage): Error tracing class com.aaronjwood.portauthority.activity.MainActivity: java.lang.NoSuchMethodException: com.intellij.rt.coverage.data.ProjectData.traceLine(java.lang.Object, int)
[2022.06.14 14:58:37] (Coverage): Error tracing class com.aaronjwood.portauthority.activity.MainActivity: java.lang.NoSuchMethodException: com.intellij.rt.coverage.data.ProjectData.traceLine(java.lang.Object, int)
[2022.06.14 14:58:37] (Coverage): Error tracing class com.aaronjwood.portauthority.activity.MainActivity: java.lang.NoSuchMethodException: com.intellij.rt.coverage.data.ProjectData.traceLine(java.lang.Object, int)
[2022.06.14 14:58:37] (Coverage): Error tracing class com.aaronjwood.portauthority.runnable.ScanHostsRunnable: java.lang.NoSuchMethodException: com.intellij.rt.coverage.data.ProjectData.traceLine(java.lang.Object, int)
[2022.06.14 14:58:37] (Coverage): Error tracing class com.aaronjwood.portauthority.runnable.ScanHostsRunnable: java.lang.NoSuchMethodException: com.intellij.rt.coverage.data.ProjectData.traceLine(java.lang.Object, int)
[2022.06.14 14:58:37] (Coverage): Error tracing class com.aaronjwood.portauthority.runnable.ScanHostsRunnable: java.lang.NoSuchMethodException: com.intellij.rt.coverage.data.ProjectData.traceLine(java.lang.Object, int)
[2022.06.14 14:58:37] (Coverage): Error tracing class com.aaronjwood.portauthority.runnable.ScanHostsRunnable: java.lang.NoSuchMethodException: com.intellij.rt.coverage.data.ProjectData.traceLine(java.lang.Object, int)
[2022.06.14 14:58:37] (Coverage): Error tracing class com.aaronjwood.portauthority.runnable.ScanHostsRunnable: java.lang.NoSuchMethodException: com.intellij.rt.coverage.data.ProjectData.traceLine(java.lang.Object, int)
[2022.06.14 14:58:37] (Coverage): Error tracing class com.aaronjwood.portauthority.runnable.ScanHostsRunnable: java.lang.NoSuchMethodException: com.intellij.rt.coverage.data.ProjectData.traceLine(java.lang.Object, int)
[2022.06.14 14:58:37] (Coverage): Error tracing class com.aaronjwood.portauthority.runnable.ScanHostsRunnable: java.lang.NoSuchMethodException: com.intellij.rt.coverage.data.ProjectData.traceLine(java.lang.Object, int)
[2022.06.14 14:58:37] (Coverage): Error tracing class com.aaronjwood.portauthority.runnable.ScanHostsRunnable: java.lang.NoSuchMethodException: com.intellij.rt.coverage.data.ProjectData.traceLine(java.lang.Object, int)
[2022.06.14 14:58:37] (Coverage): Error tracing class com.aaronjwood.portauthority.runnable.ScanHostsRunnable: java.lang.NoSuchMethodException: com.intellij.rt.coverage.data.ProjectData.traceLine(java.lang.Object, int)
[2022.06.14 14:58:37] (Coverage): Error tracing class com.aaronjwood.portauthority.activity.MainActivity: java.lang.NoSuchMethodException: com.intellij.rt.coverage.data.ProjectData.traceLine(java.lang.Object, int)
[2022.06.14 14:58:37] (Coverage): Error tracing class com.aaronjwood.portauthority.activity.MainActivity: java.lang.NoSuchMethodException: com.intellij.rt.coverage.data.ProjectData.traceLine(java.lang.Object, int)
[2022.06.14 14:58:37] (Coverage): Error tracing class com.aaronjwood.portauthority.activity.MainActivity: java.lang.NoSuchMethodException: com.intellij.rt.coverage.data.ProjectData.traceLine(java.lang.Object, int)
[2022.06.14 14:58:37] (Coverage): Error tracing class com.aaronjwood.portauthority.runnable.ScanHostsRunnable: java.lang.NoSuchMethodException: com.intellij.rt.coverage.data.ProjectData.traceLine(java.lang.Object, int)
[2022.06.14 14:58:37] (Coverage): Error tracing class com.aaronjwood.portauthority.runnable.ScanHostsRunnable: java.lang.NoSuchMethodException: com.intellij.rt.coverage.data.ProjectData.traceLine(java.lang.Object, int)
[2022.06.14 14:58:37] (Coverage): Error tracing class com.aaronjwood.portauthority.runnable.ScanHostsRunnable: java.lang.NoSuchMethodException: com.intellij.rt.coverage.data.ProjectData.traceLine(java.lang.Object, int)
[2022.06.14 14:58:37] (Coverage): Error tracing class com.aaronjwood.portauthority.runnable.ScanHostsRunnable: java.lang.NoSuchMethodException: com.intellij.rt.coverage.data.ProjectData.traceLine(java.lang.Object, int)
[2022.06.14 14:58:37] (Coverage): Error tracing class com.aaronjwood.portauthority.runnable.ScanHostsRunnable: java.lang.NoSuchMethodException: com.intellij.rt.coverage.data.ProjectData.traceLine(java.lang.Object, int)
[2022.06.14 14:58:37] (Coverage): Error tracing class com.aaronjwood.portauthority.runnable.ScanHostsRunnable: java.lang.NoSuchMethodException: com.intellij.rt.coverage.data.ProjectData.traceLine(java.lang.Object, int)
[2022.06.14 14:58:37] (Coverage): Error tracing class com.aaronjwood.portauthority.runnable.ScanHostsRunnable: java.lang.NoSuchMethodException: com.intellij.rt.coverage.data.ProjectData.traceLine(java.lang.Object, int)
[2022.06.14 14:58:37] (Coverage): Error tracing class com.aaronjwood.portauthority.runnable.ScanHostsRunnable: java.lang.NoSuchMethodException: com.intellij.rt.coverage.data.ProjectData.traceLine(java.lang.Object, int)
[2022.06.14 14:58:37] (Coverage): Error tracing class com.aaronjwood.portauthority.runnable.ScanHostsRunnable: java.lang.NoSuchMethodException: com.intellij.rt.coverage.data.ProjectData.traceLine(java.lang.Object, int)
[2022.06.14 14:58:37] (Coverage): Error tracing class com.aaronjwood.portauthority.activity.MainActivity: java.lang.NoSuchMethodException: com.intellij.rt.coverage.data.ProjectData.traceLine(java.lang.Object, int)
[2022.06.14 14:58:37] (Coverage): Error tracing class com.aaronjwood.portauthority.activity.MainActivity: java.lang.NoSuchMethodException: com.intellij.rt.coverage.data.ProjectData.traceLine(java.lang.Object, int)
[2022.06.14 14:58:37] (Coverage): Error tracing class com.aaronjwood.portauthority.activity.MainActivity: java.lang.NoSuchMethodException: com.intellij.rt.coverage.data.ProjectData.traceLine(java.lang.Object, int)
[2022.06.14 14:58:37] (Coverage): Error tracing class com.aaronjwood.portauthority.runnable.ScanHostsRunnable: java.lang.NoSuchMethodException: com.intellij.rt.coverage.data.ProjectData.traceLine(java.lang.Object, int)
[2022.06.14 14:58:37] (Coverage): Error tracing class com.aaronjwood.portauthority.runnable.ScanHostsRunnable: java.lang.NoSuchMethodException: com.intellij.rt.coverage.data.ProjectData.traceLine(java.lang.Object, int)
[2022.06.14 14:58:37] (Coverage): Error tracing class com.aaronjwood.portauthority.runnable.ScanHostsRunnable: java.lang.NoSuchMethodException: com.intellij.rt.coverage.data.ProjectData.traceLine(java.lang.Object, int)
[2022.06.14 14:58:37] (Coverage): Error tracing class com.aaronjwood.portauthority.runnable.ScanHostsRunnable: java.lang.NoSuchMethodException: com.intellij.rt.coverage.data.ProjectData.traceLine(java.lang.Object, int)
[2022.06.14 14:58:37] (Coverage): Error tracing class com.aaronjwood.portauthority.runnable.ScanHostsRunnable: java.lang.NoSuchMethodException: com.intellij.rt.coverage.data.ProjectData.traceLine(java.lang.Object, int)
[2022.06.14 14:58:37] (Coverage): Error tracing class com.aaronjwood.portauthority.runnable.ScanHostsRunnable: java.lang.NoSuchMethodException: com.intellij.rt.coverage.data.ProjectData.traceLine(java.lang.Object, int)
[2022.06.14 14:58:37] (Coverage): Error tracing class com.aaronjwood.portauthority.runnable.ScanHostsRunnable: java.lang.NoSuchMethodException: com.intellij.rt.coverage.data.ProjectData.traceLine(java.lang.Object, int)
[2022.06.14 14:58:37] (Coverage): Error tracing class com.aaronjwood.portauthority.runnable.ScanHostsRunnable: java.lang.NoSuchMethodException: com.intellij.rt.coverage.data.ProjectData.traceLine(java.lang.Object, int)
[2022.06.14 14:58:37] (Coverage): Error tracing class com.aaronjwood.portauthority.runnable.ScanHostsRunnable: java.lang.NoSuchMethodException: com.intellij.rt.coverage.data.ProjectData.traceLine(java.lang.Object, int)
[2022.06.14 14:58:37] (Coverage): Error tracing class com.aaronjwood.portauthority.activity.MainActivity: java.lang.NoSuchMethodException: com.intellij.rt.coverage.data.ProjectData.traceLine(java.lang.Object, int)
[2022.06.14 14:58:37] (Coverage): Error tracing class com.aaronjwood.portauthority.activity.MainActivity: java.lang.NoSuchMethodException: com.intellij.rt.coverage.data.ProjectData.traceLine(java.lang.Object, int)
[2022.06.14 14:58:37] (Coverage): Error tracing class com.aaronjwood.portauthority.activity.MainActivity: java.lang.NoSuchMethodException: com.intellij.rt.coverage.data.ProjectData.traceLine(java.lang.Object, int)
[2022.06.14 14:58:37] (Coverage): Error tracing class com.aaronjwood.portauthority.runnable.ScanHostsRunnable: java.lang.NoSuchMethodException: com.intellij.rt.coverage.data.ProjectData.traceLine(java.lang.Object, int)
[2022.06.14 14:58:37] (Coverage): Error tracing class com.aaronjwood.portauthority.runnable.ScanHostsRunnable: java.lang.NoSuchMethodException: com.intellij.rt.coverage.data.ProjectData.traceLine(java.lang.Object, int)
[2022.06.14 14:58:37] (Coverage): Error tracing class com.aaronjwood.portauthority.runnable.ScanHostsRunnable: java.lang.NoSuchMethodException: com.intellij.rt.coverage.data.ProjectData.traceLine(java.lang.Object, int)
[2022.06.14 14:58:37] (Coverage): Error tracing class com.aaronjwood.portauthority.runnable.ScanHostsRunnable: java.lang.NoSuchMethodException: com.intellij.rt.coverage.data.ProjectData.traceLine(java.lang.Object, int)
[2022.06.14 14:58:37] (Coverage): Error tracing class com.aaronjwood.portauthority.runnable.ScanHostsRunnable: java.lang.NoSuchMethodException: com.intellij.rt.coverage.data.ProjectData.traceLine(java.lang.Object, int)
[2022.06.14 14:58:37] (Coverage): Error tracing class com.aaronjwood.portauthority.runnable.ScanHostsRunnable: java.lang.NoSuchMethodException: com.intellij.rt.coverage.data.ProjectData.traceLine(java.lang.Object, int)
[2022.06.14 14:58:37] (Coverage): Error tracing class com.aaronjwood.portauthority.runnable.ScanHostsRunnable: java.lang.NoSuchMethodException: com.intellij.rt.coverage.data.ProjectData.traceLine(java.lang.Object, int)
[2022.06.14 14:58:37] (Coverage): Error tracing class com.aaronjwood.portauthority.runnable.ScanHostsRunnable: java.lang.NoSuchMethodException: com.intellij.rt.coverage.data.ProjectData.traceLine(java.lang.Object, int)
[2022.06.14 14:58:37] (Coverage): Error tracing class com.aaronjwood.portauthority.runnable.ScanHostsRunnable: java.lang.NoSuchMethodException: com.intellij.rt.coverage.data.ProjectData.traceLine(java.lang.Object, int)
[2022.06.14 14:58:37] (Coverage): Error tracing class com.aaronjwood.portauthority.activity.MainActivity: java.lang.NoSuchMethodException: com.intellij.rt.coverage.data.ProjectData.traceLine(java.lang.Object, int)
[2022.06.14 14:58:37] (Coverage): Error tracing class com.aaronjwood.portauthority.activity.MainActivity: java.lang.NoSuchMethodException: com.intellij.rt.coverage.data.ProjectData.traceLine(java.lang.Object, int)
[2022.06.14 14:58:37] (Coverage): Error tracing class com.aaronjwood.portauthority.activity.MainActivity: java.lang.NoSuchMethodException: com.intellij.rt.coverage.data.ProjectData.traceLine(java.lang.Object, int)
[2022.06.14 14:58:37] (Coverage): Error tracing class com.aaronjwood.portauthority.runnable.ScanHostsRunnable: java.lang.NoSuchMethodException: com.intellij.rt.coverage.data.ProjectData.traceLine(java.lang.Object, int)
[2022.06.14 14:58:37] (Coverage): Error tracing class com.aaronjwood.portauthority.runnable.ScanHostsRunnable: java.lang.NoSuchMethodException: com.intellij.rt.coverage.data.ProjectData.traceLine(java.lang.Object, int)
[2022.06.14 14:58:37] (Coverage): Error tracing class com.aaronjwood.portauthority.runnable.ScanHostsRunnable: java.lang.NoSuchMethodException: com.intellij.rt.coverage.data.ProjectData.traceLine(java.lang.Object, int)
[2022.06.14 14:58:37] (Coverage): Error tracing class com.aaronjwood.portauthority.runnable.ScanHostsRunnable: java.lang.NoSuchMethodException: com.intellij.rt.coverage.data.ProjectData.traceLine(java.lang.Object, int)
[2022.06.14 14:58:37] (Coverage): Error tracing class com.aaronjwood.portauthority.runnable.ScanHostsRunnable: java.lang.NoSuchMethodException: com.intellij.rt.coverage.data.ProjectData.traceLine(java.lang.Object, int)
[2022.06.14 14:58:37] (Coverage): Error tracing class com.aaronjwood.portauthority.runnable.ScanHostsRunnable: java.lang.NoSuchMethodException: com.intellij.rt.coverage.data.ProjectData.traceLine(java.lang.Object, int)
[2022.06.14 14:58:37] (Coverage): Error tracing class com.aaronjwood.portauthority.runnable.ScanHostsRunnable: java.lang.NoSuchMethodException: com.intellij.rt.coverage.data.ProjectData.traceLine(java.lang.Object, int)
]]></system-err>
</testsuite>
