<!DOCTYPE html>
<html>
<head>
<meta http-equiv="Content-Type" content="text/html; charset=utf-8"/>
<meta http-equiv="x-ua-compatible" content="IE=edge"/>
<title>Test results - Class ar.rulosoft.mimanganu.TestServers</title>
<link href="../css/base-style.css" rel="stylesheet" type="text/css"/>
<link href="../css/style.css" rel="stylesheet" type="text/css"/>
<script src="../js/report.js" type="text/javascript"></script>
</head>
<body>
<div id="content">
<h1>Class ar.rulosoft.mimanganu.TestServers</h1>
<div class="breadcrumbs">
<a href="../index.html">all</a> &gt; 
<a href="../packages/ar.rulosoft.mimanganu.html">ar.rulosoft.mimanganu</a> &gt; TestServers</div>
<div id="summary">
<table>
<tr>
<td>
<div class="summaryGroup">
<table>
<tr>
<td>
<div class="infoBox" id="tests">
<div class="counter">38</div>
<p>tests</p>
</div>
</td>
<td>
<div class="infoBox" id="failures">
<div class="counter">23</div>
<p>failures</p>
</div>
</td>
<td>
<div class="infoBox" id="ignored">
<div class="counter">0</div>
<p>ignored</p>
</div>
</td>
<td>
<div class="infoBox" id="duration">
<div class="counter">1m18.41s</div>
<p>duration</p>
</div>
</td>
</tr>
</table>
</div>
</td>
<td>
<div class="infoBox failures" id="successRate">
<div class="percent">39%</div>
<p>successful</p>
</div>
</td>
</tr>
</table>
</div>
<div id="tabs">
<ul class="tabLinks">
<li>
<a href="#tab0">Failed tests</a>
</li>
<li>
<a href="#tab1">Tests</a>
</li>
<li>
<a href="#tab2">Standard output</a>
</li>
<li>
<a href="#tab3">Standard error</a>
</li>
</ul>
<div id="tab0" class="tab">
<h2>Failed tests</h2>
<div class="test">
<a name="test_DESUME"></a>
<h3 class="failures">test_DESUME</h3>
<span class="code">
<pre>java.lang.AssertionError: 

	at org.junit.Assert.fail(Assert.java:89)
	at org.junit.Assert.assertTrue(Assert.java:42)
	at org.junit.Assert.assertFalse(Assert.java:65)
	at util.TestServersCommon.testManga(TestServersCommon.java:106)
	at util.TestServersCommon.&lt;init&gt;(TestServersCommon.java:64)
	at ar.rulosoft.mimanganu.TestServers.test_DESUME(TestServers.java:228)
	at java.base/jdk.internal.reflect.NativeMethodAccessorImpl.invoke0(Native Method)
	at java.base/jdk.internal.reflect.NativeMethodAccessorImpl.invoke(NativeMethodAccessorImpl.java:62)
	at java.base/jdk.internal.reflect.DelegatingMethodAccessorImpl.invoke(DelegatingMethodAccessorImpl.java:43)
	at java.base/java.lang.reflect.Method.invoke(Method.java:566)
	at org.junit.runners.model.FrameworkMethod$1.runReflectiveCall(FrameworkMethod.java:59)
	at org.junit.internal.runners.model.ReflectiveCallable.run(ReflectiveCallable.java:12)
	at org.junit.runners.model.FrameworkMethod.invokeExplosively(FrameworkMethod.java:56)
	at org.junit.internal.runners.statements.InvokeMethod.evaluate(InvokeMethod.java:17)
	at org.junit.internal.runners.statements.RunBefores.evaluate(RunBefores.java:26)
	at org.junit.runners.ParentRunner$3.evaluate(ParentRunner.java:306)
	at org.robolectric.RobolectricTestRunner$HelperTestRunner$1.evaluate(RobolectricTestRunner.java:546)
	at org.robolectric.internal.SandboxTestRunner$2.lambda$evaluate$0(SandboxTestRunner.java:252)
	at org.robolectric.internal.bytecode.Sandbox.lambda$runOnMainThread$0(Sandbox.java:89)
	at java.base/java.util.concurrent.FutureTask.run(FutureTask.java:264)
	at java.base/java.util.concurrent.ThreadPoolExecutor.runWorker(ThreadPoolExecutor.java:1128)
	at java.base/java.util.concurrent.ThreadPoolExecutor$Worker.run(ThreadPoolExecutor.java:628)
	at java.base/java.lang.Thread.run(Thread.java:829)
</pre>
</span>
</div>
<div class="test">
<a name="test_ESNINEMANGA"></a>
<h3 class="failures">test_ESNINEMANGA</h3>
<span class="code">
<pre>junit.framework.AssertionFailedError: 
(Error)
	at junit.framework.Assert.fail(Assert.java:50)
	at util.TestServersCommon.testInitChapter(TestServersCommon.java:181)
	at util.TestServersCommon.testManga(TestServersCommon.java:115)
	at util.TestServersCommon.&lt;init&gt;(TestServersCommon.java:64)
	at ar.rulosoft.mimanganu.TestServers.test_ESNINEMANGA(TestServers.java:97)
	at java.base/jdk.internal.reflect.NativeMethodAccessorImpl.invoke0(Native Method)
	at java.base/jdk.internal.reflect.NativeMethodAccessorImpl.invoke(NativeMethodAccessorImpl.java:62)
	at java.base/jdk.internal.reflect.DelegatingMethodAccessorImpl.invoke(DelegatingMethodAccessorImpl.java:43)
	at java.base/java.lang.reflect.Method.invoke(Method.java:566)
	at org.junit.runners.model.FrameworkMethod$1.runReflectiveCall(FrameworkMethod.java:59)
	at org.junit.internal.runners.model.ReflectiveCallable.run(ReflectiveCallable.java:12)
	at org.junit.runners.model.FrameworkMethod.invokeExplosively(FrameworkMethod.java:56)
	at org.junit.internal.runners.statements.InvokeMethod.evaluate(InvokeMethod.java:17)
	at org.junit.internal.runners.statements.RunBefores.evaluate(RunBefores.java:26)
	at org.junit.runners.ParentRunner$3.evaluate(ParentRunner.java:306)
	at org.robolectric.RobolectricTestRunner$HelperTestRunner$1.evaluate(RobolectricTestRunner.java:546)
	at org.robolectric.internal.SandboxTestRunner$2.lambda$evaluate$0(SandboxTestRunner.java:252)
	at org.robolectric.internal.bytecode.Sandbox.lambda$runOnMainThread$0(Sandbox.java:89)
	at java.base/java.util.concurrent.FutureTask.run(FutureTask.java:264)
	at java.base/java.util.concurrent.ThreadPoolExecutor.runWorker(ThreadPoolExecutor.java:1128)
	at java.base/java.util.concurrent.ThreadPoolExecutor$Worker.run(ThreadPoolExecutor.java:628)
	at java.base/java.lang.Thread.run(Thread.java:829)
</pre>
</span>
</div>
<div class="test">
<a name="test_HEAVENMANGACOM"></a>
<h3 class="failures">test_HEAVENMANGACOM</h3>
<span class="code">
<pre>junit.framework.AssertionFailedError: 
Could not load chapter information.
	at junit.framework.Assert.fail(Assert.java:50)
	at util.TestServersCommon.testLoadManga(TestServersCommon.java:132)
	at util.TestServersCommon.testManga(TestServersCommon.java:95)
	at util.TestServersCommon.&lt;init&gt;(TestServersCommon.java:64)
	at ar.rulosoft.mimanganu.TestServers.test_HEAVENMANGACOM(TestServers.java:87)
	at java.base/jdk.internal.reflect.NativeMethodAccessorImpl.invoke0(Native Method)
	at java.base/jdk.internal.reflect.NativeMethodAccessorImpl.invoke(NativeMethodAccessorImpl.java:62)
	at java.base/jdk.internal.reflect.DelegatingMethodAccessorImpl.invoke(DelegatingMethodAccessorImpl.java:43)
	at java.base/java.lang.reflect.Method.invoke(Method.java:566)
	at org.junit.runners.model.FrameworkMethod$1.runReflectiveCall(FrameworkMethod.java:59)
	at org.junit.internal.runners.model.ReflectiveCallable.run(ReflectiveCallable.java:12)
	at org.junit.runners.model.FrameworkMethod.invokeExplosively(FrameworkMethod.java:56)
	at org.junit.internal.runners.statements.InvokeMethod.evaluate(InvokeMethod.java:17)
	at org.junit.internal.runners.statements.RunBefores.evaluate(RunBefores.java:26)
	at org.junit.runners.ParentRunner$3.evaluate(ParentRunner.java:306)
	at org.robolectric.RobolectricTestRunner$HelperTestRunner$1.evaluate(RobolectricTestRunner.java:546)
	at org.robolectric.internal.SandboxTestRunner$2.lambda$evaluate$0(SandboxTestRunner.java:252)
	at org.robolectric.internal.bytecode.Sandbox.lambda$runOnMainThread$0(Sandbox.java:89)
	at java.base/java.util.concurrent.FutureTask.run(FutureTask.java:264)
	at java.base/java.util.concurrent.ThreadPoolExecutor.runWorker(ThreadPoolExecutor.java:1128)
	at java.base/java.util.concurrent.ThreadPoolExecutor$Worker.run(ThreadPoolExecutor.java:628)
	at java.base/java.lang.Thread.run(Thread.java:829)
</pre>
</span>
</div>
<div class="test">
<a name="test_ITNINEMANGA"></a>
<h3 class="failures">test_ITNINEMANGA</h3>
<span class="code">
<pre>junit.framework.AssertionFailedError: 
[CONTENT] 404
	at junit.framework.Assert.fail(Assert.java:50)
	at junit.framework.Assert.assertTrue(Assert.java:20)
	at util.TestServersCommon.testLoadImage(TestServersCommon.java:232)
	at util.TestServersCommon.testInitChapter(TestServersCommon.java:197)
	at util.TestServersCommon.testManga(TestServersCommon.java:115)
	at util.TestServersCommon.&lt;init&gt;(TestServersCommon.java:64)
	at ar.rulosoft.mimanganu.TestServers.test_ITNINEMANGA(TestServers.java:113)
	at java.base/jdk.internal.reflect.NativeMethodAccessorImpl.invoke0(Native Method)
	at java.base/jdk.internal.reflect.NativeMethodAccessorImpl.invoke(NativeMethodAccessorImpl.java:62)
	at java.base/jdk.internal.reflect.DelegatingMethodAccessorImpl.invoke(DelegatingMethodAccessorImpl.java:43)
	at java.base/java.lang.reflect.Method.invoke(Method.java:566)
	at org.junit.runners.model.FrameworkMethod$1.runReflectiveCall(FrameworkMethod.java:59)
	at org.junit.internal.runners.model.ReflectiveCallable.run(ReflectiveCallable.java:12)
	at org.junit.runners.model.FrameworkMethod.invokeExplosively(FrameworkMethod.java:56)
	at org.junit.internal.runners.statements.InvokeMethod.evaluate(InvokeMethod.java:17)
	at org.junit.internal.runners.statements.RunBefores.evaluate(RunBefores.java:26)
	at org.junit.runners.ParentRunner$3.evaluate(ParentRunner.java:306)
	at org.robolectric.RobolectricTestRunner$HelperTestRunner$1.evaluate(RobolectricTestRunner.java:546)
	at org.robolectric.internal.SandboxTestRunner$2.lambda$evaluate$0(SandboxTestRunner.java:252)
	at org.robolectric.internal.bytecode.Sandbox.lambda$runOnMainThread$0(Sandbox.java:89)
	at java.base/java.util.concurrent.FutureTask.run(FutureTask.java:264)
	at java.base/java.util.concurrent.ThreadPoolExecutor.runWorker(ThreadPoolExecutor.java:1128)
	at java.base/java.util.concurrent.ThreadPoolExecutor$Worker.run(ThreadPoolExecutor.java:628)
	at java.base/java.lang.Thread.run(Thread.java:829)
</pre>
</span>
</div>
<div class="test">
<a name="test_KISSMANGA"></a>
<h3 class="failures">test_KISSMANGA</h3>
<span class="code">
<pre>java.lang.AssertionError: 

	at org.junit.Assert.fail(Assert.java:89)
	at org.junit.Assert.assertTrue(Assert.java:42)
	at org.junit.Assert.assertFalse(Assert.java:65)
	at util.TestServersCommon.testManga(TestServersCommon.java:86)
	at util.TestServersCommon.&lt;init&gt;(TestServersCommon.java:64)
	at ar.rulosoft.mimanganu.TestServers.test_KISSMANGA(TestServers.java:108)
	at java.base/jdk.internal.reflect.NativeMethodAccessorImpl.invoke0(Native Method)
	at java.base/jdk.internal.reflect.NativeMethodAccessorImpl.invoke(NativeMethodAccessorImpl.java:62)
	at java.base/jdk.internal.reflect.DelegatingMethodAccessorImpl.invoke(DelegatingMethodAccessorImpl.java:43)
	at java.base/java.lang.reflect.Method.invoke(Method.java:566)
	at org.junit.runners.model.FrameworkMethod$1.runReflectiveCall(FrameworkMethod.java:59)
	at org.junit.internal.runners.model.ReflectiveCallable.run(ReflectiveCallable.java:12)
	at org.junit.runners.model.FrameworkMethod.invokeExplosively(FrameworkMethod.java:56)
	at org.junit.internal.runners.statements.InvokeMethod.evaluate(InvokeMethod.java:17)
	at org.junit.internal.runners.statements.RunBefores.evaluate(RunBefores.java:26)
	at org.junit.runners.ParentRunner$3.evaluate(ParentRunner.java:306)
	at org.robolectric.RobolectricTestRunner$HelperTestRunner$1.evaluate(RobolectricTestRunner.java:546)
	at org.robolectric.internal.SandboxTestRunner$2.lambda$evaluate$0(SandboxTestRunner.java:252)
	at org.robolectric.internal.bytecode.Sandbox.lambda$runOnMainThread$0(Sandbox.java:89)
	at java.base/java.util.concurrent.FutureTask.run(FutureTask.java:264)
	at java.base/java.util.concurrent.ThreadPoolExecutor.runWorker(ThreadPoolExecutor.java:1128)
	at java.base/java.util.concurrent.ThreadPoolExecutor$Worker.run(ThreadPoolExecutor.java:628)
	at java.base/java.lang.Thread.run(Thread.java:829)
</pre>
</span>
</div>
<div class="test">
<a name="test_KUMANGA"></a>
<h3 class="failures">test_KUMANGA</h3>
<span class="code">
<pre>org.json.JSONException: Value &lt;!doctype of type java.lang.String cannot be converted to JSONObject
	at org.json.JSON.typeMismatch(JSON.java:112)
	at org.json.JSONObject.&lt;init&gt;(JSONObject.java:168)
	at org.json.JSONObject.&lt;init&gt;(JSONObject.java:181)
	at ar.rulosoft.mimanganu.servers.Kumanga.getMangasFiltered(Kumanga.java:209)
	at util.TestServersCommon.&lt;init&gt;(TestServersCommon.java:63)
	at ar.rulosoft.mimanganu.TestServers.test_KUMANGA(TestServers.java:208)
	at java.base/jdk.internal.reflect.NativeMethodAccessorImpl.invoke0(Native Method)
	at java.base/jdk.internal.reflect.NativeMethodAccessorImpl.invoke(NativeMethodAccessorImpl.java:62)
	at java.base/jdk.internal.reflect.DelegatingMethodAccessorImpl.invoke(DelegatingMethodAccessorImpl.java:43)
	at java.base/java.lang.reflect.Method.invoke(Method.java:566)
	at org.junit.runners.model.FrameworkMethod$1.runReflectiveCall(FrameworkMethod.java:59)
	at org.junit.internal.runners.model.ReflectiveCallable.run(ReflectiveCallable.java:12)
	at org.junit.runners.model.FrameworkMethod.invokeExplosively(FrameworkMethod.java:56)
	at org.junit.internal.runners.statements.InvokeMethod.evaluate(InvokeMethod.java:17)
	at org.junit.internal.runners.statements.RunBefores.evaluate(RunBefores.java:26)
	at org.junit.runners.ParentRunner$3.evaluate(ParentRunner.java:306)
	at org.robolectric.RobolectricTestRunner$HelperTestRunner$1.evaluate(RobolectricTestRunner.java:546)
	at org.robolectric.internal.SandboxTestRunner$2.lambda$evaluate$0(SandboxTestRunner.java:252)
	at org.robolectric.internal.bytecode.Sandbox.lambda$runOnMainThread$0(Sandbox.java:89)
	at java.base/java.util.concurrent.FutureTask.run(FutureTask.java:264)
	at java.base/java.util.concurrent.ThreadPoolExecutor.runWorker(ThreadPoolExecutor.java:1128)
	at java.base/java.util.concurrent.ThreadPoolExecutor$Worker.run(ThreadPoolExecutor.java:628)
	at java.base/java.lang.Thread.run(Thread.java:829)
</pre>
</span>
</div>
<div class="test">
<a name="test_MANGAAE"></a>
<h3 class="failures">test_MANGAAE</h3>
<span class="code">
<pre>java.lang.AssertionError: 

	at org.junit.Assert.fail(Assert.java:89)
	at org.junit.Assert.assertTrue(Assert.java:42)
	at org.junit.Assert.assertFalse(Assert.java:65)
	at util.TestServersCommon.testManga(TestServersCommon.java:86)
	at util.TestServersCommon.&lt;init&gt;(TestServersCommon.java:64)
	at ar.rulosoft.mimanganu.TestServers.test_MANGAAE(TestServers.java:243)
	at java.base/jdk.internal.reflect.NativeMethodAccessorImpl.invoke0(Native Method)
	at java.base/jdk.internal.reflect.NativeMethodAccessorImpl.invoke(NativeMethodAccessorImpl.java:62)
	at java.base/jdk.internal.reflect.DelegatingMethodAccessorImpl.invoke(DelegatingMethodAccessorImpl.java:43)
	at java.base/java.lang.reflect.Method.invoke(Method.java:566)
	at org.junit.runners.model.FrameworkMethod$1.runReflectiveCall(FrameworkMethod.java:59)
	at org.junit.internal.runners.model.ReflectiveCallable.run(ReflectiveCallable.java:12)
	at org.junit.runners.model.FrameworkMethod.invokeExplosively(FrameworkMethod.java:56)
	at org.junit.internal.runners.statements.InvokeMethod.evaluate(InvokeMethod.java:17)
	at org.junit.internal.runners.statements.RunBefores.evaluate(RunBefores.java:26)
	at org.junit.runners.ParentRunner$3.evaluate(ParentRunner.java:306)
	at org.robolectric.RobolectricTestRunner$HelperTestRunner$1.evaluate(RobolectricTestRunner.java:546)
	at org.robolectric.internal.SandboxTestRunner$2.lambda$evaluate$0(SandboxTestRunner.java:252)
	at org.robolectric.internal.bytecode.Sandbox.lambda$runOnMainThread$0(Sandbox.java:89)
	at java.base/java.util.concurrent.FutureTask.run(FutureTask.java:264)
	at java.base/java.util.concurrent.ThreadPoolExecutor.runWorker(ThreadPoolExecutor.java:1128)
	at java.base/java.util.concurrent.ThreadPoolExecutor$Worker.run(ThreadPoolExecutor.java:628)
	at java.base/java.lang.Thread.run(Thread.java:829)
</pre>
</span>
</div>
<div class="test">
<a name="test_MANGAEDEN"></a>
<h3 class="failures">test_MANGAEDEN</h3>
<span class="code">
<pre>java.net.UnknownHostException: No such host is known (www.mangaeden.com)
	at java.base/java.net.Inet6AddressImpl.lookupAllHostAddr(Native Method)
	at java.base/java.net.InetAddress$PlatformNameService.lookupAllHostAddr(InetAddress.java:929)
	at java.base/java.net.InetAddress.getAddressesFromNameService(InetAddress.java:1529)
	at java.base/java.net.InetAddress$NameServiceAddresses.get(InetAddress.java:848)
	at java.base/java.net.InetAddress.getAllByName0(InetAddress.java:1519)
	at java.base/java.net.InetAddress.getAllByName(InetAddress.java:1378)
	at java.base/java.net.InetAddress.getAllByName(InetAddress.java:1306)
	at okhttp3.Dns$1.lookup(Dns.java:40)
	at okhttp3.internal.connection.RouteSelector.resetNextInetSocketAddress(RouteSelector.java:185)
	at okhttp3.internal.connection.RouteSelector.nextProxy(RouteSelector.java:149)
	at okhttp3.internal.connection.RouteSelector.next(RouteSelector.java:84)
	at okhttp3.internal.connection.StreamAllocation.findConnection(StreamAllocation.java:213)
	at okhttp3.internal.connection.StreamAllocation.findHealthyConnection(StreamAllocation.java:134)
	at okhttp3.internal.connection.StreamAllocation.newStream(StreamAllocation.java:113)
	at okhttp3.internal.connection.ConnectInterceptor.intercept(ConnectInterceptor.java:42)
	at okhttp3.internal.http.RealInterceptorChain.proceed(RealInterceptorChain.java:147)
	at okhttp3.internal.http.RealInterceptorChain.proceed(RealInterceptorChain.java:121)
	at okhttp3.internal.cache.CacheInterceptor.intercept(CacheInterceptor.java:93)
	at okhttp3.internal.http.RealInterceptorChain.proceed(RealInterceptorChain.java:147)
	at okhttp3.internal.http.RealInterceptorChain.proceed(RealInterceptorChain.java:121)
	at okhttp3.internal.http.BridgeInterceptor.intercept(BridgeInterceptor.java:93)
	at okhttp3.internal.http.RealInterceptorChain.proceed(RealInterceptorChain.java:147)
	at okhttp3.internal.http.RetryAndFollowUpInterceptor.intercept(RetryAndFollowUpInterceptor.java:125)
	at okhttp3.internal.http.RealInterceptorChain.proceed(RealInterceptorChain.java:147)
	at okhttp3.internal.http.RealInterceptorChain.proceed(RealInterceptorChain.java:121)
	at ar.rulosoft.navegadores.UncompressInterceptor.intercept(UncompressInterceptor.java:19)
	at okhttp3.internal.http.RealInterceptorChain.proceed(RealInterceptorChain.java:147)
	at okhttp3.internal.http.RealInterceptorChain.proceed(RealInterceptorChain.java:121)
	at ar.rulosoft.navegadores.CFInterceptor.intercept(CFInterceptor.java:50)
	at okhttp3.internal.http.RealInterceptorChain.proceed(RealInterceptorChain.java:147)
	at okhttp3.internal.http.RealInterceptorChain.proceed(RealInterceptorChain.java:121)
	at ar.rulosoft.navegadores.RetryInterceptor.intercept(RetryInterceptor.java:21)
	at okhttp3.internal.http.RealInterceptorChain.proceed(RealInterceptorChain.java:147)
	at okhttp3.internal.http.RealInterceptorChain.proceed(RealInterceptorChain.java:121)
	at okhttp3.RealCall.getResponseWithInterceptorChain(RealCall.java:200)
	at okhttp3.RealCall.execute(RealCall.java:77)
	at ar.rulosoft.navegadores.Navigator.getResponse(Navigator.java:212)
	at ar.rulosoft.navegadores.Navigator.get(Navigator.java:216)
	at ar.rulosoft.navegadores.Navigator.get(Navigator.java:199)
	at ar.rulosoft.mimanganu.servers.MangaEden.getMangasFiltered(MangaEden.java:309)
	at util.TestServersCommon.&lt;init&gt;(TestServersCommon.java:63)
	at ar.rulosoft.mimanganu.TestServers.test_MANGAEDEN(TestServers.java:163)
	at java.base/jdk.internal.reflect.NativeMethodAccessorImpl.invoke0(Native Method)
	at java.base/jdk.internal.reflect.NativeMethodAccessorImpl.invoke(NativeMethodAccessorImpl.java:62)
	at java.base/jdk.internal.reflect.DelegatingMethodAccessorImpl.invoke(DelegatingMethodAccessorImpl.java:43)
	at org.junit.runners.model.FrameworkMethod$1.runReflectiveCall(FrameworkMethod.java:59)
	at org.junit.internal.runners.model.ReflectiveCallable.run(ReflectiveCallable.java:12)
	at org.junit.runners.model.FrameworkMethod.invokeExplosively(FrameworkMethod.java:56)
	at org.junit.internal.runners.statements.InvokeMethod.evaluate(InvokeMethod.java:17)
	at org.junit.internal.runners.statements.RunBefores.evaluate(RunBefores.java:26)
	at org.junit.runners.ParentRunner$3.evaluate(ParentRunner.java:306)
	at org.robolectric.RobolectricTestRunner$HelperTestRunner$1.evaluate(RobolectricTestRunner.java:546)
	at org.robolectric.internal.SandboxTestRunner$2.lambda$evaluate$0(SandboxTestRunner.java:252)
	at org.robolectric.internal.bytecode.Sandbox.lambda$runOnMainThread$0(Sandbox.java:89)
	at java.base/java.util.concurrent.FutureTask.run(FutureTask.java:264)
	at java.base/java.util.concurrent.ThreadPoolExecutor.runWorker(ThreadPoolExecutor.java:1128)
	at java.base/java.util.concurrent.ThreadPoolExecutor$Worker.run(ThreadPoolExecutor.java:628)
	at java.base/java.lang.Thread.run(Thread.java:829)
</pre>
</span>
</div>
<div class="test">
<a name="test_MANGAEDENIT"></a>
<h3 class="failures">test_MANGAEDENIT</h3>
<span class="code">
<pre>java.net.UnknownHostException: www.mangaeden.com
	at java.base/java.net.InetAddress$CachedAddresses.get(InetAddress.java:797)
	at java.base/java.net.InetAddress.getAllByName0(InetAddress.java:1519)
	at java.base/java.net.InetAddress.getAllByName(InetAddress.java:1378)
	at java.base/java.net.InetAddress.getAllByName(InetAddress.java:1306)
	at okhttp3.Dns$1.lookup(Dns.java:40)
	at okhttp3.internal.connection.RouteSelector.resetNextInetSocketAddress(RouteSelector.java:185)
	at okhttp3.internal.connection.RouteSelector.nextProxy(RouteSelector.java:149)
	at okhttp3.internal.connection.RouteSelector.next(RouteSelector.java:84)
	at okhttp3.internal.connection.StreamAllocation.findConnection(StreamAllocation.java:213)
	at okhttp3.internal.connection.StreamAllocation.findHealthyConnection(StreamAllocation.java:134)
	at okhttp3.internal.connection.StreamAllocation.newStream(StreamAllocation.java:113)
	at okhttp3.internal.connection.ConnectInterceptor.intercept(ConnectInterceptor.java:42)
	at okhttp3.internal.http.RealInterceptorChain.proceed(RealInterceptorChain.java:147)
	at okhttp3.internal.http.RealInterceptorChain.proceed(RealInterceptorChain.java:121)
	at okhttp3.internal.cache.CacheInterceptor.intercept(CacheInterceptor.java:93)
	at okhttp3.internal.http.RealInterceptorChain.proceed(RealInterceptorChain.java:147)
	at okhttp3.internal.http.RealInterceptorChain.proceed(RealInterceptorChain.java:121)
	at okhttp3.internal.http.BridgeInterceptor.intercept(BridgeInterceptor.java:93)
	at okhttp3.internal.http.RealInterceptorChain.proceed(RealInterceptorChain.java:147)
	at okhttp3.internal.http.RetryAndFollowUpInterceptor.intercept(RetryAndFollowUpInterceptor.java:125)
	at okhttp3.internal.http.RealInterceptorChain.proceed(RealInterceptorChain.java:147)
	at okhttp3.internal.http.RealInterceptorChain.proceed(RealInterceptorChain.java:121)
	at ar.rulosoft.navegadores.UncompressInterceptor.intercept(UncompressInterceptor.java:19)
	at okhttp3.internal.http.RealInterceptorChain.proceed(RealInterceptorChain.java:147)
	at okhttp3.internal.http.RealInterceptorChain.proceed(RealInterceptorChain.java:121)
	at ar.rulosoft.navegadores.CFInterceptor.intercept(CFInterceptor.java:50)
	at okhttp3.internal.http.RealInterceptorChain.proceed(RealInterceptorChain.java:147)
	at okhttp3.internal.http.RealInterceptorChain.proceed(RealInterceptorChain.java:121)
	at ar.rulosoft.navegadores.RetryInterceptor.intercept(RetryInterceptor.java:21)
	at okhttp3.internal.http.RealInterceptorChain.proceed(RealInterceptorChain.java:147)
	at okhttp3.internal.http.RealInterceptorChain.proceed(RealInterceptorChain.java:121)
	at okhttp3.RealCall.getResponseWithInterceptorChain(RealCall.java:200)
	at okhttp3.RealCall.execute(RealCall.java:77)
	at ar.rulosoft.navegadores.Navigator.getResponse(Navigator.java:212)
	at ar.rulosoft.navegadores.Navigator.get(Navigator.java:216)
	at ar.rulosoft.navegadores.Navigator.get(Navigator.java:199)
	at ar.rulosoft.mimanganu.servers.MangaEden.getMangasFiltered(MangaEden.java:309)
	at util.TestServersCommon.&lt;init&gt;(TestServersCommon.java:63)
	at ar.rulosoft.mimanganu.TestServers.test_MANGAEDENIT(TestServers.java:143)
	at java.base/jdk.internal.reflect.NativeMethodAccessorImpl.invoke0(Native Method)
	at java.base/jdk.internal.reflect.NativeMethodAccessorImpl.invoke(NativeMethodAccessorImpl.java:62)
	at java.base/jdk.internal.reflect.DelegatingMethodAccessorImpl.invoke(DelegatingMethodAccessorImpl.java:43)
	at org.junit.runners.model.FrameworkMethod$1.runReflectiveCall(FrameworkMethod.java:59)
	at org.junit.internal.runners.model.ReflectiveCallable.run(ReflectiveCallable.java:12)
	at org.junit.runners.model.FrameworkMethod.invokeExplosively(FrameworkMethod.java:56)
	at org.junit.internal.runners.statements.InvokeMethod.evaluate(InvokeMethod.java:17)
	at org.junit.internal.runners.statements.RunBefores.evaluate(RunBefores.java:26)
	at org.junit.runners.ParentRunner$3.evaluate(ParentRunner.java:306)
	at org.robolectric.RobolectricTestRunner$HelperTestRunner$1.evaluate(RobolectricTestRunner.java:546)
	at org.robolectric.internal.SandboxTestRunner$2.lambda$evaluate$0(SandboxTestRunner.java:252)
	at org.robolectric.internal.bytecode.Sandbox.lambda$runOnMainThread$0(Sandbox.java:89)
	at java.base/java.util.concurrent.FutureTask.run(FutureTask.java:264)
	at java.base/java.util.concurrent.ThreadPoolExecutor.runWorker(ThreadPoolExecutor.java:1128)
	at java.base/java.util.concurrent.ThreadPoolExecutor$Worker.run(ThreadPoolExecutor.java:628)
	at java.base/java.lang.Thread.run(Thread.java:829)
</pre>
</span>
</div>
<div class="test">
<a name="test_MANGAHERE"></a>
<h3 class="failures">test_MANGAHERE</h3>
<span class="code">
<pre>junit.framework.AssertionFailedError: 
[CONTENT] 403
	at junit.framework.Assert.fail(Assert.java:50)
	at junit.framework.Assert.assertTrue(Assert.java:20)
	at util.TestServersCommon.testLoadImage(TestServersCommon.java:232)
	at util.TestServersCommon.testInitChapter(TestServersCommon.java:197)
	at util.TestServersCommon.testManga(TestServersCommon.java:115)
	at util.TestServersCommon.&lt;init&gt;(TestServersCommon.java:64)
	at ar.rulosoft.mimanganu.TestServers.test_MANGAHERE(TestServers.java:67)
	at java.base/jdk.internal.reflect.NativeMethodAccessorImpl.invoke0(Native Method)
	at java.base/jdk.internal.reflect.NativeMethodAccessorImpl.invoke(NativeMethodAccessorImpl.java:62)
	at java.base/jdk.internal.reflect.DelegatingMethodAccessorImpl.invoke(DelegatingMethodAccessorImpl.java:43)
	at java.base/java.lang.reflect.Method.invoke(Method.java:566)
	at org.junit.runners.model.FrameworkMethod$1.runReflectiveCall(FrameworkMethod.java:59)
	at org.junit.internal.runners.model.ReflectiveCallable.run(ReflectiveCallable.java:12)
	at org.junit.runners.model.FrameworkMethod.invokeExplosively(FrameworkMethod.java:56)
	at org.junit.internal.runners.statements.InvokeMethod.evaluate(InvokeMethod.java:17)
	at org.junit.internal.runners.statements.RunBefores.evaluate(RunBefores.java:26)
	at org.junit.runners.ParentRunner$3.evaluate(ParentRunner.java:306)
	at org.robolectric.RobolectricTestRunner$HelperTestRunner$1.evaluate(RobolectricTestRunner.java:546)
	at org.robolectric.internal.SandboxTestRunner$2.lambda$evaluate$0(SandboxTestRunner.java:252)
	at org.robolectric.internal.bytecode.Sandbox.lambda$runOnMainThread$0(Sandbox.java:89)
	at java.base/java.util.concurrent.FutureTask.run(FutureTask.java:264)
	at java.base/java.util.concurrent.ThreadPoolExecutor.runWorker(ThreadPoolExecutor.java:1128)
	at java.base/java.util.concurrent.ThreadPoolExecutor$Worker.run(ThreadPoolExecutor.java:628)
	at java.base/java.lang.Thread.run(Thread.java:829)
</pre>
</span>
</div>
<div class="test">
<a name="test_MANGANELO"></a>
<h3 class="failures">test_MANGANELO</h3>
<span class="code">
<pre>java.lang.AssertionError: 

	at org.junit.Assert.fail(Assert.java:89)
	at org.junit.Assert.assertTrue(Assert.java:42)
	at org.junit.Assert.assertFalse(Assert.java:65)
	at util.TestServersCommon.testManga(TestServersCommon.java:86)
	at util.TestServersCommon.&lt;init&gt;(TestServersCommon.java:64)
	at ar.rulosoft.mimanganu.TestServers.test_MANGANELO(TestServers.java:253)
	at java.base/jdk.internal.reflect.NativeMethodAccessorImpl.invoke0(Native Method)
	at java.base/jdk.internal.reflect.NativeMethodAccessorImpl.invoke(NativeMethodAccessorImpl.java:62)
	at java.base/jdk.internal.reflect.DelegatingMethodAccessorImpl.invoke(DelegatingMethodAccessorImpl.java:43)
	at java.base/java.lang.reflect.Method.invoke(Method.java:566)
	at org.junit.runners.model.FrameworkMethod$1.runReflectiveCall(FrameworkMethod.java:59)
	at org.junit.internal.runners.model.ReflectiveCallable.run(ReflectiveCallable.java:12)
	at org.junit.runners.model.FrameworkMethod.invokeExplosively(FrameworkMethod.java:56)
	at org.junit.internal.runners.statements.InvokeMethod.evaluate(InvokeMethod.java:17)
	at org.junit.internal.runners.statements.RunBefores.evaluate(RunBefores.java:26)
	at org.junit.runners.ParentRunner$3.evaluate(ParentRunner.java:306)
	at org.robolectric.RobolectricTestRunner$HelperTestRunner$1.evaluate(RobolectricTestRunner.java:546)
	at org.robolectric.internal.SandboxTestRunner$2.lambda$evaluate$0(SandboxTestRunner.java:252)
	at org.robolectric.internal.bytecode.Sandbox.lambda$runOnMainThread$0(Sandbox.java:89)
	at java.base/java.util.concurrent.FutureTask.run(FutureTask.java:264)
	at java.base/java.util.concurrent.ThreadPoolExecutor.runWorker(ThreadPoolExecutor.java:1128)
	at java.base/java.util.concurrent.ThreadPoolExecutor$Worker.run(ThreadPoolExecutor.java:628)
	at java.base/java.lang.Thread.run(Thread.java:829)
</pre>
</span>
</div>
<div class="test">
<a name="test_MANGAPANDA"></a>
<h3 class="failures">test_MANGAPANDA</h3>
<span class="code">
<pre>java.lang.AssertionError: 

	at org.junit.Assert.fail(Assert.java:89)
	at org.junit.Assert.assertTrue(Assert.java:42)
	at org.junit.Assert.assertFalse(Assert.java:65)
	at util.TestServersCommon.testManga(TestServersCommon.java:86)
	at util.TestServersCommon.&lt;init&gt;(TestServersCommon.java:64)
	at ar.rulosoft.mimanganu.TestServers.test_MANGAPANDA(TestServers.java:57)
	at java.base/jdk.internal.reflect.NativeMethodAccessorImpl.invoke0(Native Method)
	at java.base/jdk.internal.reflect.NativeMethodAccessorImpl.invoke(NativeMethodAccessorImpl.java:62)
	at java.base/jdk.internal.reflect.DelegatingMethodAccessorImpl.invoke(DelegatingMethodAccessorImpl.java:43)
	at java.base/java.lang.reflect.Method.invoke(Method.java:566)
	at org.junit.runners.model.FrameworkMethod$1.runReflectiveCall(FrameworkMethod.java:59)
	at org.junit.internal.runners.model.ReflectiveCallable.run(ReflectiveCallable.java:12)
	at org.junit.runners.model.FrameworkMethod.invokeExplosively(FrameworkMethod.java:56)
	at org.junit.internal.runners.statements.InvokeMethod.evaluate(InvokeMethod.java:17)
	at org.junit.internal.runners.statements.RunBefores.evaluate(RunBefores.java:26)
	at org.junit.runners.ParentRunner$3.evaluate(ParentRunner.java:306)
	at org.robolectric.RobolectricTestRunner$HelperTestRunner$1.evaluate(RobolectricTestRunner.java:546)
	at org.robolectric.internal.SandboxTestRunner$2.lambda$evaluate$0(SandboxTestRunner.java:252)
	at org.robolectric.internal.bytecode.Sandbox.lambda$runOnMainThread$0(Sandbox.java:89)
	at java.base/java.util.concurrent.FutureTask.run(FutureTask.java:264)
	at java.base/java.util.concurrent.ThreadPoolExecutor.runWorker(ThreadPoolExecutor.java:1128)
	at java.base/java.util.concurrent.ThreadPoolExecutor$Worker.run(ThreadPoolExecutor.java:628)
	at java.base/java.lang.Thread.run(Thread.java:829)
</pre>
</span>
</div>
<div class="test">
<a name="test_MANGAREADER"></a>
<h3 class="failures">test_MANGAREADER</h3>
<span class="code">
<pre>java.lang.AssertionError: 

	at org.junit.Assert.fail(Assert.java:89)
	at org.junit.Assert.assertTrue(Assert.java:42)
	at org.junit.Assert.assertFalse(Assert.java:65)
	at util.TestServersCommon.testManga(TestServersCommon.java:86)
	at util.TestServersCommon.&lt;init&gt;(TestServersCommon.java:64)
	at ar.rulosoft.mimanganu.TestServers.test_MANGAREADER(TestServers.java:123)
	at java.base/jdk.internal.reflect.NativeMethodAccessorImpl.invoke0(Native Method)
	at java.base/jdk.internal.reflect.NativeMethodAccessorImpl.invoke(NativeMethodAccessorImpl.java:62)
	at java.base/jdk.internal.reflect.DelegatingMethodAccessorImpl.invoke(DelegatingMethodAccessorImpl.java:43)
	at java.base/java.lang.reflect.Method.invoke(Method.java:566)
	at org.junit.runners.model.FrameworkMethod$1.runReflectiveCall(FrameworkMethod.java:59)
	at org.junit.internal.runners.model.ReflectiveCallable.run(ReflectiveCallable.java:12)
	at org.junit.runners.model.FrameworkMethod.invokeExplosively(FrameworkMethod.java:56)
	at org.junit.internal.runners.statements.InvokeMethod.evaluate(InvokeMethod.java:17)
	at org.junit.internal.runners.statements.RunBefores.evaluate(RunBefores.java:26)
	at org.junit.runners.ParentRunner$3.evaluate(ParentRunner.java:306)
	at org.robolectric.RobolectricTestRunner$HelperTestRunner$1.evaluate(RobolectricTestRunner.java:546)
	at org.robolectric.internal.SandboxTestRunner$2.lambda$evaluate$0(SandboxTestRunner.java:252)
	at org.robolectric.internal.bytecode.Sandbox.lambda$runOnMainThread$0(Sandbox.java:89)
	at java.base/java.util.concurrent.FutureTask.run(FutureTask.java:264)
	at java.base/java.util.concurrent.ThreadPoolExecutor.runWorker(ThreadPoolExecutor.java:1128)
	at java.base/java.util.concurrent.ThreadPoolExecutor$Worker.run(ThreadPoolExecutor.java:628)
	at java.base/java.lang.Thread.run(Thread.java:829)
</pre>
</span>
</div>
<div class="test">
<a name="test_MANGASTREAM"></a>
<h3 class="failures">test_MANGASTREAM</h3>
<span class="code">
<pre>javax.net.ssl.SSLPeerUnverifiedException: Hostname www.mangastream.cc not verified:
    certificate: sha256/H5G4PGKWSjdGeSNPRtk9W1viM4VlMj4/KbejtIsj4wE=
    DN: CN=dan.com
    subjectAltNames: [undeveloped.com, undeveloped.es, undeveloped.cn, undeveloped.uk, undeveloped.eu, undeveloped.us, undeveloped.nl, undeveloped.be, undeveloped.co.uk, undeveloped.domains, dan.com, www.dan.com, undeveloped.fr, undeveloped.nu]
	at okhttp3.internal.connection.RealConnection.connectTls(RealConnection.java:308)
	at okhttp3.internal.connection.RealConnection.establishProtocol(RealConnection.java:268)
	at okhttp3.internal.connection.RealConnection.connect(RealConnection.java:160)
	at okhttp3.internal.connection.StreamAllocation.findConnection(StreamAllocation.java:256)
	at okhttp3.internal.connection.StreamAllocation.findHealthyConnection(StreamAllocation.java:134)
	at okhttp3.internal.connection.StreamAllocation.newStream(StreamAllocation.java:113)
	at okhttp3.internal.connection.ConnectInterceptor.intercept(ConnectInterceptor.java:42)
	at okhttp3.internal.http.RealInterceptorChain.proceed(RealInterceptorChain.java:147)
	at okhttp3.internal.http.RealInterceptorChain.proceed(RealInterceptorChain.java:121)
	at okhttp3.internal.cache.CacheInterceptor.intercept(CacheInterceptor.java:93)
	at okhttp3.internal.http.RealInterceptorChain.proceed(RealInterceptorChain.java:147)
	at okhttp3.internal.http.RealInterceptorChain.proceed(RealInterceptorChain.java:121)
	at okhttp3.internal.http.BridgeInterceptor.intercept(BridgeInterceptor.java:93)
	at okhttp3.internal.http.RealInterceptorChain.proceed(RealInterceptorChain.java:147)
	at okhttp3.internal.http.RetryAndFollowUpInterceptor.intercept(RetryAndFollowUpInterceptor.java:125)
	at okhttp3.internal.http.RealInterceptorChain.proceed(RealInterceptorChain.java:147)
	at okhttp3.internal.http.RealInterceptorChain.proceed(RealInterceptorChain.java:121)
	at ar.rulosoft.navegadores.UncompressInterceptor.intercept(UncompressInterceptor.java:19)
	at okhttp3.internal.http.RealInterceptorChain.proceed(RealInterceptorChain.java:147)
	at okhttp3.internal.http.RealInterceptorChain.proceed(RealInterceptorChain.java:121)
	at ar.rulosoft.navegadores.CFInterceptor.intercept(CFInterceptor.java:50)
	at okhttp3.internal.http.RealInterceptorChain.proceed(RealInterceptorChain.java:147)
	at okhttp3.internal.http.RealInterceptorChain.proceed(RealInterceptorChain.java:121)
	at ar.rulosoft.navegadores.RetryInterceptor.intercept(RetryInterceptor.java:21)
	at okhttp3.internal.http.RealInterceptorChain.proceed(RealInterceptorChain.java:147)
	at okhttp3.internal.http.RealInterceptorChain.proceed(RealInterceptorChain.java:121)
	at okhttp3.RealCall.getResponseWithInterceptorChain(RealCall.java:200)
	at okhttp3.RealCall.execute(RealCall.java:77)
	at ar.rulosoft.navegadores.Navigator.post(Navigator.java:374)
	at ar.rulosoft.mimanganu.servers.MangaStream.getMangasFiltered(MangaStream.java:215)
	at util.TestServersCommon.&lt;init&gt;(TestServersCommon.java:63)
	at ar.rulosoft.mimanganu.TestServers.test_MANGASTREAM(TestServers.java:198)
	at java.base/jdk.internal.reflect.NativeMethodAccessorImpl.invoke0(Native Method)
	at java.base/jdk.internal.reflect.NativeMethodAccessorImpl.invoke(NativeMethodAccessorImpl.java:62)
	at java.base/jdk.internal.reflect.DelegatingMethodAccessorImpl.invoke(DelegatingMethodAccessorImpl.java:43)
	at org.junit.runners.model.FrameworkMethod$1.runReflectiveCall(FrameworkMethod.java:59)
	at org.junit.internal.runners.model.ReflectiveCallable.run(ReflectiveCallable.java:12)
	at org.junit.runners.model.FrameworkMethod.invokeExplosively(FrameworkMethod.java:56)
	at org.junit.internal.runners.statements.InvokeMethod.evaluate(InvokeMethod.java:17)
	at org.junit.internal.runners.statements.RunBefores.evaluate(RunBefores.java:26)
	at org.junit.runners.ParentRunner$3.evaluate(ParentRunner.java:306)
	at org.robolectric.RobolectricTestRunner$HelperTestRunner$1.evaluate(RobolectricTestRunner.java:546)
	at org.robolectric.internal.SandboxTestRunner$2.lambda$evaluate$0(SandboxTestRunner.java:252)
	at org.robolectric.internal.bytecode.Sandbox.lambda$runOnMainThread$0(Sandbox.java:89)
	at java.base/java.util.concurrent.FutureTask.run(FutureTask.java:264)
	at java.base/java.util.concurrent.ThreadPoolExecutor.runWorker(ThreadPoolExecutor.java:1128)
	at java.base/java.util.concurrent.ThreadPoolExecutor$Worker.run(ThreadPoolExecutor.java:628)
	at java.base/java.lang.Thread.run(Thread.java:829)
</pre>
</span>
</div>
<div class="test">
<a name="test_MANGATOWN"></a>
<h3 class="failures">test_MANGATOWN</h3>
<span class="code">
<pre>junit.framework.AssertionFailedError: 
[CONTENT] 403
	at junit.framework.Assert.fail(Assert.java:50)
	at junit.framework.Assert.assertTrue(Assert.java:20)
	at util.TestServersCommon.testLoadImage(TestServersCommon.java:232)
	at util.TestServersCommon.testInitChapter(TestServersCommon.java:197)
	at util.TestServersCommon.testManga(TestServersCommon.java:115)
	at util.TestServersCommon.&lt;init&gt;(TestServersCommon.java:64)
	at ar.rulosoft.mimanganu.TestServers.test_MANGATOWN(TestServers.java:218)
	at java.base/jdk.internal.reflect.NativeMethodAccessorImpl.invoke0(Native Method)
	at java.base/jdk.internal.reflect.NativeMethodAccessorImpl.invoke(NativeMethodAccessorImpl.java:62)
	at java.base/jdk.internal.reflect.DelegatingMethodAccessorImpl.invoke(DelegatingMethodAccessorImpl.java:43)
	at java.base/java.lang.reflect.Method.invoke(Method.java:566)
	at org.junit.runners.model.FrameworkMethod$1.runReflectiveCall(FrameworkMethod.java:59)
	at org.junit.internal.runners.model.ReflectiveCallable.run(ReflectiveCallable.java:12)
	at org.junit.runners.model.FrameworkMethod.invokeExplosively(FrameworkMethod.java:56)
	at org.junit.internal.runners.statements.InvokeMethod.evaluate(InvokeMethod.java:17)
	at org.junit.internal.runners.statements.RunBefores.evaluate(RunBefores.java:26)
	at org.junit.runners.ParentRunner$3.evaluate(ParentRunner.java:306)
	at org.robolectric.RobolectricTestRunner$HelperTestRunner$1.evaluate(RobolectricTestRunner.java:546)
	at org.robolectric.internal.SandboxTestRunner$2.lambda$evaluate$0(SandboxTestRunner.java:252)
	at org.robolectric.internal.bytecode.Sandbox.lambda$runOnMainThread$0(Sandbox.java:89)
	at java.base/java.util.concurrent.FutureTask.run(FutureTask.java:264)
	at java.base/java.util.concurrent.ThreadPoolExecutor.runWorker(ThreadPoolExecutor.java:1128)
	at java.base/java.util.concurrent.ThreadPoolExecutor$Worker.run(ThreadPoolExecutor.java:628)
	at java.base/java.lang.Thread.run(Thread.java:829)
</pre>
</span>
</div>
<div class="test">
<a name="test_MINTMANGA"></a>
<h3 class="failures">test_MINTMANGA</h3>
<span class="code">
<pre>java.lang.AssertionError: 

	at org.junit.Assert.fail(Assert.java:89)
	at org.junit.Assert.assertTrue(Assert.java:42)
	at org.junit.Assert.assertFalse(Assert.java:65)
	at util.TestServersCommon.testManga(TestServersCommon.java:86)
	at util.TestServersCommon.&lt;init&gt;(TestServersCommon.java:64)
	at ar.rulosoft.mimanganu.TestServers.test_MINTMANGA(TestServers.java:238)
	at java.base/jdk.internal.reflect.NativeMethodAccessorImpl.invoke0(Native Method)
	at java.base/jdk.internal.reflect.NativeMethodAccessorImpl.invoke(NativeMethodAccessorImpl.java:62)
	at java.base/jdk.internal.reflect.DelegatingMethodAccessorImpl.invoke(DelegatingMethodAccessorImpl.java:43)
	at java.base/java.lang.reflect.Method.invoke(Method.java:566)
	at org.junit.runners.model.FrameworkMethod$1.runReflectiveCall(FrameworkMethod.java:59)
	at org.junit.internal.runners.model.ReflectiveCallable.run(ReflectiveCallable.java:12)
	at org.junit.runners.model.FrameworkMethod.invokeExplosively(FrameworkMethod.java:56)
	at org.junit.internal.runners.statements.InvokeMethod.evaluate(InvokeMethod.java:17)
	at org.junit.internal.runners.statements.RunBefores.evaluate(RunBefores.java:26)
	at org.junit.runners.ParentRunner$3.evaluate(ParentRunner.java:306)
	at org.robolectric.RobolectricTestRunner$HelperTestRunner$1.evaluate(RobolectricTestRunner.java:546)
	at org.robolectric.internal.SandboxTestRunner$2.lambda$evaluate$0(SandboxTestRunner.java:252)
	at org.robolectric.internal.bytecode.Sandbox.lambda$runOnMainThread$0(Sandbox.java:89)
	at java.base/java.util.concurrent.FutureTask.run(FutureTask.java:264)
	at java.base/java.util.concurrent.ThreadPoolExecutor.runWorker(ThreadPoolExecutor.java:1128)
	at java.base/java.util.concurrent.ThreadPoolExecutor$Worker.run(ThreadPoolExecutor.java:628)
	at java.base/java.lang.Thread.run(Thread.java:829)
</pre>
</span>
</div>
<div class="test">
<a name="test_NEUMANGATV"></a>
<h3 class="failures">test_NEUMANGATV</h3>
<span class="code">
<pre>javax.net.ssl.SSLHandshakeException: PKIX path building failed: java.security.cert.CertPathBuilderException: No issuer certificate for certificate in certification path found.
	at java.base/sun.security.ssl.Alert.createSSLException(Alert.java:131)
	at java.base/sun.security.ssl.TransportContext.fatal(TransportContext.java:353)
	at java.base/sun.security.ssl.TransportContext.fatal(TransportContext.java:296)
	at java.base/sun.security.ssl.TransportContext.fatal(TransportContext.java:291)
	at java.base/sun.security.ssl.CertificateMessage$T12CertificateConsumer.checkServerCerts(CertificateMessage.java:654)
	at java.base/sun.security.ssl.CertificateMessage$T12CertificateConsumer.onCertificate(CertificateMessage.java:473)
	at java.base/sun.security.ssl.CertificateMessage$T12CertificateConsumer.consume(CertificateMessage.java:369)
	at java.base/sun.security.ssl.SSLHandshake.consume(SSLHandshake.java:392)
	at java.base/sun.security.ssl.HandshakeContext.dispatch(HandshakeContext.java:443)
	at java.base/sun.security.ssl.HandshakeContext.dispatch(HandshakeContext.java:421)
	at java.base/sun.security.ssl.TransportContext.dispatch(TransportContext.java:183)
	at java.base/sun.security.ssl.SSLTransport.decode(SSLTransport.java:172)
	at java.base/sun.security.ssl.SSLSocketImpl.decode(SSLSocketImpl.java:1506)
	at java.base/sun.security.ssl.SSLSocketImpl.readHandshakeRecord(SSLSocketImpl.java:1416)
	at java.base/sun.security.ssl.SSLSocketImpl.startHandshake(SSLSocketImpl.java:456)
	at java.base/sun.security.ssl.SSLSocketImpl.startHandshake(SSLSocketImpl.java:427)
	at okhttp3.internal.connection.RealConnection.connectTls(RealConnection.java:299)
	at okhttp3.internal.connection.RealConnection.establishProtocol(RealConnection.java:268)
	at okhttp3.internal.connection.RealConnection.connect(RealConnection.java:160)
	at okhttp3.internal.connection.StreamAllocation.findConnection(StreamAllocation.java:256)
	at okhttp3.internal.connection.StreamAllocation.findHealthyConnection(StreamAllocation.java:134)
	at okhttp3.internal.connection.StreamAllocation.newStream(StreamAllocation.java:113)
	at okhttp3.internal.connection.ConnectInterceptor.intercept(ConnectInterceptor.java:42)
	at okhttp3.internal.http.RealInterceptorChain.proceed(RealInterceptorChain.java:147)
	at okhttp3.internal.http.RealInterceptorChain.proceed(RealInterceptorChain.java:121)
	at okhttp3.internal.cache.CacheInterceptor.intercept(CacheInterceptor.java:93)
	at okhttp3.internal.http.RealInterceptorChain.proceed(RealInterceptorChain.java:147)
	at okhttp3.internal.http.RealInterceptorChain.proceed(RealInterceptorChain.java:121)
	at okhttp3.internal.http.BridgeInterceptor.intercept(BridgeInterceptor.java:93)
	at okhttp3.internal.http.RealInterceptorChain.proceed(RealInterceptorChain.java:147)
	at okhttp3.internal.http.RetryAndFollowUpInterceptor.intercept(RetryAndFollowUpInterceptor.java:125)
	at okhttp3.internal.http.RealInterceptorChain.proceed(RealInterceptorChain.java:147)
	at okhttp3.internal.http.RealInterceptorChain.proceed(RealInterceptorChain.java:121)
	at ar.rulosoft.navegadores.UncompressInterceptor.intercept(UncompressInterceptor.java:19)
	at okhttp3.internal.http.RealInterceptorChain.proceed(RealInterceptorChain.java:147)
	at okhttp3.internal.http.RealInterceptorChain.proceed(RealInterceptorChain.java:121)
	at ar.rulosoft.navegadores.CFInterceptor.intercept(CFInterceptor.java:50)
	at okhttp3.internal.http.RealInterceptorChain.proceed(RealInterceptorChain.java:147)
	at okhttp3.internal.http.RealInterceptorChain.proceed(RealInterceptorChain.java:121)
	at ar.rulosoft.navegadores.RetryInterceptor.intercept(RetryInterceptor.java:21)
	at okhttp3.internal.http.RealInterceptorChain.proceed(RealInterceptorChain.java:147)
	at okhttp3.internal.http.RealInterceptorChain.proceed(RealInterceptorChain.java:121)
	at okhttp3.RealCall.getResponseWithInterceptorChain(RealCall.java:200)
	at okhttp3.RealCall.execute(RealCall.java:77)
	at ar.rulosoft.navegadores.Navigator.getResponse(Navigator.java:212)
	at ar.rulosoft.navegadores.Navigator.get(Navigator.java:216)
	at ar.rulosoft.navegadores.Navigator.get(Navigator.java:199)
	at ar.rulosoft.mimanganu.servers.NeuMangaTv.getMangasFiltered(NeuMangaTv.java:157)
	at util.TestServersCommon.&lt;init&gt;(TestServersCommon.java:63)
	at ar.rulosoft.mimanganu.TestServers.test_NEUMANGATV(TestServers.java:248)
	at java.base/jdk.internal.reflect.NativeMethodAccessorImpl.invoke0(Native Method)
	at java.base/jdk.internal.reflect.NativeMethodAccessorImpl.invoke(NativeMethodAccessorImpl.java:62)
	at java.base/jdk.internal.reflect.DelegatingMethodAccessorImpl.invoke(DelegatingMethodAccessorImpl.java:43)
	at org.junit.runners.model.FrameworkMethod$1.runReflectiveCall(FrameworkMethod.java:59)
	at org.junit.internal.runners.model.ReflectiveCallable.run(ReflectiveCallable.java:12)
	at org.junit.runners.model.FrameworkMethod.invokeExplosively(FrameworkMethod.java:56)
	at org.junit.internal.runners.statements.InvokeMethod.evaluate(InvokeMethod.java:17)
	at org.junit.internal.runners.statements.RunBefores.evaluate(RunBefores.java:26)
	at org.junit.runners.ParentRunner$3.evaluate(ParentRunner.java:306)
	at org.robolectric.RobolectricTestRunner$HelperTestRunner$1.evaluate(RobolectricTestRunner.java:546)
	at org.robolectric.internal.SandboxTestRunner$2.lambda$evaluate$0(SandboxTestRunner.java:252)
	at org.robolectric.internal.bytecode.Sandbox.lambda$runOnMainThread$0(Sandbox.java:89)
	at java.base/java.util.concurrent.FutureTask.run(FutureTask.java:264)
	at java.base/java.util.concurrent.ThreadPoolExecutor.runWorker(ThreadPoolExecutor.java:1128)
	at java.base/java.util.concurrent.ThreadPoolExecutor$Worker.run(ThreadPoolExecutor.java:628)
	at java.base/java.lang.Thread.run(Thread.java:829)
Caused by: sun.security.validator.ValidatorException: PKIX path building failed: java.security.cert.CertPathBuilderException: No issuer certificate for certificate in certification path found.
	at java.base/sun.security.validator.PKIXValidator.doBuild(PKIXValidator.java:439)
	at java.base/sun.security.validator.PKIXValidator.engineValidate(PKIXValidator.java:306)
	at java.base/sun.security.validator.Validator.validate(Validator.java:264)
	at java.base/sun.security.ssl.X509TrustManagerImpl.validate(X509TrustManagerImpl.java:313)
	at java.base/sun.security.ssl.X509TrustManagerImpl.checkTrusted(X509TrustManagerImpl.java:222)
	at java.base/sun.security.ssl.X509TrustManagerImpl.checkServerTrusted(X509TrustManagerImpl.java:129)
	at java.base/sun.security.ssl.CertificateMessage$T12CertificateConsumer.checkServerCerts(CertificateMessage.java:638)
	at java.base/sun.security.ssl.CertificateMessage$T12CertificateConsumer.onCertificate(CertificateMessage.java:473)
	at java.base/sun.security.ssl.CertificateMessage$T12CertificateConsumer.consume(CertificateMessage.java:369)
	at java.base/sun.security.ssl.SSLHandshake.consume(SSLHandshake.java:392)
	at java.base/sun.security.ssl.HandshakeContext.dispatch(HandshakeContext.java:443)
	at java.base/sun.security.ssl.HandshakeContext.dispatch(HandshakeContext.java:421)
	at java.base/sun.security.ssl.TransportContext.dispatch(TransportContext.java:183)
	at java.base/sun.security.ssl.SSLTransport.decode(SSLTransport.java:172)
	at java.base/sun.security.ssl.SSLSocketImpl.decode(SSLSocketImpl.java:1506)
	at java.base/sun.security.ssl.SSLSocketImpl.readHandshakeRecord(SSLSocketImpl.java:1416)
	at java.base/sun.security.ssl.SSLSocketImpl.startHandshake(SSLSocketImpl.java:456)
	at java.base/sun.security.ssl.SSLSocketImpl.startHandshake(SSLSocketImpl.java:427)
	at okhttp3.internal.connection.RealConnection.connectTls(RealConnection.java:299)
	at okhttp3.internal.connection.RealConnection.establishProtocol(RealConnection.java:268)
	at okhttp3.internal.connection.RealConnection.connect(RealConnection.java:160)
	at okhttp3.internal.connection.StreamAllocation.findConnection(StreamAllocation.java:256)
	at okhttp3.internal.connection.StreamAllocation.findHealthyConnection(StreamAllocation.java:134)
	at okhttp3.internal.connection.StreamAllocation.newStream(StreamAllocation.java:113)
	at okhttp3.internal.connection.ConnectInterceptor.intercept(ConnectInterceptor.java:42)
	at okhttp3.internal.http.RealInterceptorChain.proceed(RealInterceptorChain.java:147)
	at okhttp3.internal.http.RealInterceptorChain.proceed(RealInterceptorChain.java:121)
	at okhttp3.internal.cache.CacheInterceptor.intercept(CacheInterceptor.java:93)
	at okhttp3.internal.http.RealInterceptorChain.proceed(RealInterceptorChain.java:147)
	at okhttp3.internal.http.RealInterceptorChain.proceed(RealInterceptorChain.java:121)
	at okhttp3.internal.http.BridgeInterceptor.intercept(BridgeInterceptor.java:93)
	at okhttp3.internal.http.RealInterceptorChain.proceed(RealInterceptorChain.java:147)
	at okhttp3.internal.http.RetryAndFollowUpInterceptor.intercept(RetryAndFollowUpInterceptor.java:125)
	at okhttp3.internal.http.RealInterceptorChain.proceed(RealInterceptorChain.java:147)
	at okhttp3.internal.http.RealInterceptorChain.proceed(RealInterceptorChain.java:121)
	at ar.rulosoft.navegadores.UncompressInterceptor.intercept(UncompressInterceptor.java:19)
	at okhttp3.internal.http.RealInterceptorChain.proceed(RealInterceptorChain.java:147)
	at okhttp3.internal.http.RealInterceptorChain.proceed(RealInterceptorChain.java:121)
	at ar.rulosoft.navegadores.CFInterceptor.intercept(CFInterceptor.java:50)
	at okhttp3.internal.http.RealInterceptorChain.proceed(RealInterceptorChain.java:147)
	at okhttp3.internal.http.RealInterceptorChain.proceed(RealInterceptorChain.java:121)
	at ar.rulosoft.navegadores.RetryInterceptor.intercept(RetryInterceptor.java:21)
	at okhttp3.internal.http.RealInterceptorChain.proceed(RealInterceptorChain.java:147)
	at okhttp3.internal.http.RealInterceptorChain.proceed(RealInterceptorChain.java:121)
	at okhttp3.RealCall.getResponseWithInterceptorChain(RealCall.java:200)
	at okhttp3.RealCall.execute(RealCall.java:77)
	at ar.rulosoft.navegadores.Navigator.$$robo$$ar_rulosoft_navegadores_Navigator$getResponse(Navigator.java:212)
	at ar.rulosoft.navegadores.Navigator.getResponse(Navigator.java)
	at ar.rulosoft.navegadores.Navigator.$$robo$$ar_rulosoft_navegadores_Navigator$get(Navigator.java:216)
	at ar.rulosoft.navegadores.Navigator.get(Navigator.java)
	at ar.rulosoft.navegadores.Navigator.$$robo$$ar_rulosoft_navegadores_Navigator$get(Navigator.java:199)
	at ar.rulosoft.navegadores.Navigator.get(Navigator.java)
	at ar.rulosoft.mimanganu.servers.NeuMangaTv.getMangasFiltered(NeuMangaTv.java:157)
	at util.TestServersCommon.&lt;init&gt;(TestServersCommon.java:63)
	at ar.rulosoft.mimanganu.TestServers.test_NEUMANGATV(TestServers.java:248)
	at java.base/jdk.internal.reflect.NativeMethodAccessorImpl.invoke0(Native Method)
	at java.base/jdk.internal.reflect.NativeMethodAccessorImpl.invoke(NativeMethodAccessorImpl.java:62)
	at java.base/jdk.internal.reflect.DelegatingMethodAccessorImpl.invoke(DelegatingMethodAccessorImpl.java:43)
	at java.base/java.lang.reflect.Method.invoke(Method.java:566)
	... 13 more
Caused by: java.security.cert.CertPathBuilderException: No issuer certificate for certificate in certification path found.
	at org.bouncycastle.jce.provider.PKIXCertPathBuilderSpi.engineBuild(Unknown Source)
	at java.base/java.security.cert.CertPathBuilder.build(CertPathBuilder.java:297)
	at java.base/sun.security.validator.PKIXValidator.doBuild(PKIXValidator.java:434)
	... 71 more
</pre>
</span>
</div>
<div class="test">
<a name="test_RAWSENMANGA"></a>
<h3 class="failures">test_RAWSENMANGA</h3>
<span class="code">
<pre>java.lang.AssertionError: 

	at org.junit.Assert.fail(Assert.java:89)
	at org.junit.Assert.assertTrue(Assert.java:42)
	at org.junit.Assert.assertFalse(Assert.java:65)
	at util.TestServersCommon.testManga(TestServersCommon.java:86)
	at util.TestServersCommon.&lt;init&gt;(TestServersCommon.java:64)
	at ar.rulosoft.mimanganu.TestServers.test_RAWSENMANGA(TestServers.java:52)
	at java.base/jdk.internal.reflect.NativeMethodAccessorImpl.invoke0(Native Method)
	at java.base/jdk.internal.reflect.NativeMethodAccessorImpl.invoke(NativeMethodAccessorImpl.java:62)
	at java.base/jdk.internal.reflect.DelegatingMethodAccessorImpl.invoke(DelegatingMethodAccessorImpl.java:43)
	at java.base/java.lang.reflect.Method.invoke(Method.java:566)
	at org.junit.runners.model.FrameworkMethod$1.runReflectiveCall(FrameworkMethod.java:59)
	at org.junit.internal.runners.model.ReflectiveCallable.run(ReflectiveCallable.java:12)
	at org.junit.runners.model.FrameworkMethod.invokeExplosively(FrameworkMethod.java:56)
	at org.junit.internal.runners.statements.InvokeMethod.evaluate(InvokeMethod.java:17)
	at org.junit.internal.runners.statements.RunBefores.evaluate(RunBefores.java:26)
	at org.junit.runners.ParentRunner$3.evaluate(ParentRunner.java:306)
	at org.robolectric.RobolectricTestRunner$HelperTestRunner$1.evaluate(RobolectricTestRunner.java:546)
	at org.robolectric.internal.SandboxTestRunner$2.lambda$evaluate$0(SandboxTestRunner.java:252)
	at org.robolectric.internal.bytecode.Sandbox.lambda$runOnMainThread$0(Sandbox.java:89)
	at java.base/java.util.concurrent.FutureTask.run(FutureTask.java:264)
	at java.base/java.util.concurrent.ThreadPoolExecutor.runWorker(ThreadPoolExecutor.java:1128)
	at java.base/java.util.concurrent.ThreadPoolExecutor$Worker.run(ThreadPoolExecutor.java:628)
	at java.base/java.lang.Thread.run(Thread.java:829)
</pre>
</span>
</div>
<div class="test">
<a name="test_READMANGAME"></a>
<h3 class="failures">test_READMANGAME</h3>
<span class="code">
<pre>java.lang.AssertionError: 

	at org.junit.Assert.fail(Assert.java:89)
	at org.junit.Assert.assertTrue(Assert.java:42)
	at org.junit.Assert.assertFalse(Assert.java:65)
	at util.TestServersCommon.testManga(TestServersCommon.java:86)
	at util.TestServersCommon.&lt;init&gt;(TestServersCommon.java:64)
	at ar.rulosoft.mimanganu.TestServers.test_READMANGAME(TestServers.java:223)
	at java.base/jdk.internal.reflect.NativeMethodAccessorImpl.invoke0(Native Method)
	at java.base/jdk.internal.reflect.NativeMethodAccessorImpl.invoke(NativeMethodAccessorImpl.java:62)
	at java.base/jdk.internal.reflect.DelegatingMethodAccessorImpl.invoke(DelegatingMethodAccessorImpl.java:43)
	at java.base/java.lang.reflect.Method.invoke(Method.java:566)
	at org.junit.runners.model.FrameworkMethod$1.runReflectiveCall(FrameworkMethod.java:59)
	at org.junit.internal.runners.model.ReflectiveCallable.run(ReflectiveCallable.java:12)
	at org.junit.runners.model.FrameworkMethod.invokeExplosively(FrameworkMethod.java:56)
	at org.junit.internal.runners.statements.InvokeMethod.evaluate(InvokeMethod.java:17)
	at org.junit.internal.runners.statements.RunBefores.evaluate(RunBefores.java:26)
	at org.junit.runners.ParentRunner$3.evaluate(ParentRunner.java:306)
	at org.robolectric.RobolectricTestRunner$HelperTestRunner$1.evaluate(RobolectricTestRunner.java:546)
	at org.robolectric.internal.SandboxTestRunner$2.lambda$evaluate$0(SandboxTestRunner.java:252)
	at org.robolectric.internal.bytecode.Sandbox.lambda$runOnMainThread$0(Sandbox.java:89)
	at java.base/java.util.concurrent.FutureTask.run(FutureTask.java:264)
	at java.base/java.util.concurrent.ThreadPoolExecutor.runWorker(ThreadPoolExecutor.java:1128)
	at java.base/java.util.concurrent.ThreadPoolExecutor$Worker.run(ThreadPoolExecutor.java:628)
	at java.base/java.lang.Thread.run(Thread.java:829)
</pre>
</span>
</div>
<div class="test">
<a name="test_RUNINEMANGA"></a>
<h3 class="failures">test_RUNINEMANGA</h3>
<span class="code">
<pre>junit.framework.AssertionFailedError: 
[NUM] 35 - Could not load page image information.
	at junit.framework.Assert.fail(Assert.java:50)
	at util.TestServersCommon.testInitChapter(TestServersCommon.java:195)
	at util.TestServersCommon.testManga(TestServersCommon.java:115)
	at util.TestServersCommon.&lt;init&gt;(TestServersCommon.java:64)
	at ar.rulosoft.mimanganu.TestServers.test_RUNINEMANGA(TestServers.java:133)
	at java.base/jdk.internal.reflect.NativeMethodAccessorImpl.invoke0(Native Method)
	at java.base/jdk.internal.reflect.NativeMethodAccessorImpl.invoke(NativeMethodAccessorImpl.java:62)
	at java.base/jdk.internal.reflect.DelegatingMethodAccessorImpl.invoke(DelegatingMethodAccessorImpl.java:43)
	at java.base/java.lang.reflect.Method.invoke(Method.java:566)
	at org.junit.runners.model.FrameworkMethod$1.runReflectiveCall(FrameworkMethod.java:59)
	at org.junit.internal.runners.model.ReflectiveCallable.run(ReflectiveCallable.java:12)
	at org.junit.runners.model.FrameworkMethod.invokeExplosively(FrameworkMethod.java:56)
	at org.junit.internal.runners.statements.InvokeMethod.evaluate(InvokeMethod.java:17)
	at org.junit.internal.runners.statements.RunBefores.evaluate(RunBefores.java:26)
	at org.junit.runners.ParentRunner$3.evaluate(ParentRunner.java:306)
	at org.robolectric.RobolectricTestRunner$HelperTestRunner$1.evaluate(RobolectricTestRunner.java:546)
	at org.robolectric.internal.SandboxTestRunner$2.lambda$evaluate$0(SandboxTestRunner.java:252)
	at org.robolectric.internal.bytecode.Sandbox.lambda$runOnMainThread$0(Sandbox.java:89)
	at java.base/java.util.concurrent.FutureTask.run(FutureTask.java:264)
	at java.base/java.util.concurrent.ThreadPoolExecutor.runWorker(ThreadPoolExecutor.java:1128)
	at java.base/java.util.concurrent.ThreadPoolExecutor$Worker.run(ThreadPoolExecutor.java:628)
	at java.base/java.lang.Thread.run(Thread.java:829)
</pre>
</span>
</div>
<div class="test">
<a name="test_TAADD"></a>
<h3 class="failures">test_TAADD</h3>
<span class="code">
<pre>junit.framework.AssertionFailedError: 
(Error)
	at junit.framework.Assert.fail(Assert.java:50)
	at util.TestServersCommon.testInitChapter(TestServersCommon.java:181)
	at util.TestServersCommon.testManga(TestServersCommon.java:115)
	at util.TestServersCommon.&lt;init&gt;(TestServersCommon.java:64)
	at ar.rulosoft.mimanganu.TestServers.test_TAADD(TestServers.java:193)
	at java.base/jdk.internal.reflect.NativeMethodAccessorImpl.invoke0(Native Method)
	at java.base/jdk.internal.reflect.NativeMethodAccessorImpl.invoke(NativeMethodAccessorImpl.java:62)
	at java.base/jdk.internal.reflect.DelegatingMethodAccessorImpl.invoke(DelegatingMethodAccessorImpl.java:43)
	at java.base/java.lang.reflect.Method.invoke(Method.java:566)
	at org.junit.runners.model.FrameworkMethod$1.runReflectiveCall(FrameworkMethod.java:59)
	at org.junit.internal.runners.model.ReflectiveCallable.run(ReflectiveCallable.java:12)
	at org.junit.runners.model.FrameworkMethod.invokeExplosively(FrameworkMethod.java:56)
	at org.junit.internal.runners.statements.InvokeMethod.evaluate(InvokeMethod.java:17)
	at org.junit.internal.runners.statements.RunBefores.evaluate(RunBefores.java:26)
	at org.junit.runners.ParentRunner$3.evaluate(ParentRunner.java:306)
	at org.robolectric.RobolectricTestRunner$HelperTestRunner$1.evaluate(RobolectricTestRunner.java:546)
	at org.robolectric.internal.SandboxTestRunner$2.lambda$evaluate$0(SandboxTestRunner.java:252)
	at org.robolectric.internal.bytecode.Sandbox.lambda$runOnMainThread$0(Sandbox.java:89)
	at java.base/java.util.concurrent.FutureTask.run(FutureTask.java:264)
	at java.base/java.util.concurrent.ThreadPoolExecutor.runWorker(ThreadPoolExecutor.java:1128)
	at java.base/java.util.concurrent.ThreadPoolExecutor$Worker.run(ThreadPoolExecutor.java:628)
	at java.base/java.lang.Thread.run(Thread.java:829)
</pre>
</span>
</div>
<div class="test">
<a name="test_VERCOMICSCOM"></a>
<h3 class="failures">test_VERCOMICSCOM</h3>
<span class="code">
<pre>java.lang.Exception: (Error)
	at ar.rulosoft.mimanganu.servers.ServerBase.getFirstMatch(ServerBase.java:383)
	at ar.rulosoft.mimanganu.servers.VerComicsCom.getMangas(VerComicsCom.java:39)
	at util.TestServersCommon.&lt;init&gt;(TestServersCommon.java:70)
	at ar.rulosoft.mimanganu.TestServers.test_VERCOMICSCOM(TestServers.java:47)
	at java.base/jdk.internal.reflect.NativeMethodAccessorImpl.invoke0(Native Method)
	at java.base/jdk.internal.reflect.NativeMethodAccessorImpl.invoke(NativeMethodAccessorImpl.java:62)
	at java.base/jdk.internal.reflect.DelegatingMethodAccessorImpl.invoke(DelegatingMethodAccessorImpl.java:43)
	at java.base/java.lang.reflect.Method.invoke(Method.java:566)
	at org.junit.runners.model.FrameworkMethod$1.runReflectiveCall(FrameworkMethod.java:59)
	at org.junit.internal.runners.model.ReflectiveCallable.run(ReflectiveCallable.java:12)
	at org.junit.runners.model.FrameworkMethod.invokeExplosively(FrameworkMethod.java:56)
	at org.junit.internal.runners.statements.InvokeMethod.evaluate(InvokeMethod.java:17)
	at org.junit.internal.runners.statements.RunBefores.evaluate(RunBefores.java:26)
	at org.junit.runners.ParentRunner$3.evaluate(ParentRunner.java:306)
	at org.robolectric.RobolectricTestRunner$HelperTestRunner$1.evaluate(RobolectricTestRunner.java:546)
	at org.robolectric.internal.SandboxTestRunner$2.lambda$evaluate$0(SandboxTestRunner.java:252)
	at org.robolectric.internal.bytecode.Sandbox.lambda$runOnMainThread$0(Sandbox.java:89)
	at java.base/java.util.concurrent.FutureTask.run(FutureTask.java:264)
	at java.base/java.util.concurrent.ThreadPoolExecutor.runWorker(ThreadPoolExecutor.java:1128)
	at java.base/java.util.concurrent.ThreadPoolExecutor$Worker.run(ThreadPoolExecutor.java:628)
	at java.base/java.lang.Thread.run(Thread.java:829)
</pre>
</span>
</div>
<div class="test">
<a name="test_VIEWCOMIC"></a>
<h3 class="failures">test_VIEWCOMIC</h3>
<span class="code">
<pre>java.lang.AssertionError: 

	at org.junit.Assert.fail(Assert.java:89)
	at org.junit.Assert.assertTrue(Assert.java:42)
	at org.junit.Assert.assertFalse(Assert.java:65)
	at util.TestServersCommon.testManga(TestServersCommon.java:86)
	at util.TestServersCommon.&lt;init&gt;(TestServersCommon.java:64)
	at ar.rulosoft.mimanganu.TestServers.test_VIEWCOMIC(TestServers.java:273)
	at java.base/jdk.internal.reflect.NativeMethodAccessorImpl.invoke0(Native Method)
	at java.base/jdk.internal.reflect.NativeMethodAccessorImpl.invoke(NativeMethodAccessorImpl.java:62)
	at java.base/jdk.internal.reflect.DelegatingMethodAccessorImpl.invoke(DelegatingMethodAccessorImpl.java:43)
	at java.base/java.lang.reflect.Method.invoke(Method.java:566)
	at org.junit.runners.model.FrameworkMethod$1.runReflectiveCall(FrameworkMethod.java:59)
	at org.junit.internal.runners.model.ReflectiveCallable.run(ReflectiveCallable.java:12)
	at org.junit.runners.model.FrameworkMethod.invokeExplosively(FrameworkMethod.java:56)
	at org.junit.internal.runners.statements.InvokeMethod.evaluate(InvokeMethod.java:17)
	at org.junit.internal.runners.statements.RunBefores.evaluate(RunBefores.java:26)
	at org.junit.runners.ParentRunner$3.evaluate(ParentRunner.java:306)
	at org.robolectric.RobolectricTestRunner$HelperTestRunner$1.evaluate(RobolectricTestRunner.java:546)
	at org.robolectric.internal.SandboxTestRunner$2.lambda$evaluate$0(SandboxTestRunner.java:252)
	at org.robolectric.internal.bytecode.Sandbox.lambda$runOnMainThread$0(Sandbox.java:89)
	at java.base/java.util.concurrent.FutureTask.run(FutureTask.java:264)
	at java.base/java.util.concurrent.ThreadPoolExecutor.runWorker(ThreadPoolExecutor.java:1128)
	at java.base/java.util.concurrent.ThreadPoolExecutor$Worker.run(ThreadPoolExecutor.java:628)
	at java.base/java.lang.Thread.run(Thread.java:829)
</pre>
</span>
</div>
</div>
<div id="tab1" class="tab">
<h2>Tests</h2>
<table>
<thead>
<tr>
<th>Test</th>
<th>Duration</th>
<th>Result</th>
</tr>
</thead>
<tr>
<td class="success">test_DENINEMANGA</td>
<td class="success">8.902s</td>
<td class="success">passed</td>
</tr>
<tr>
<td class="failures">test_DESUME</td>
<td class="failures">2.952s</td>
<td class="failures">failed</td>
</tr>
<tr>
<td class="success">test_ESMANGA</td>
<td class="success">0.062s</td>
<td class="success">passed</td>
</tr>
<tr>
<td class="success">test_ESMANGAHERE</td>
<td class="success">0.051s</td>
<td class="success">passed</td>
</tr>
<tr>
<td class="failures">test_ESNINEMANGA</td>
<td class="failures">1.085s</td>
<td class="failures">failed</td>
</tr>
<tr>
<td class="success">test_GOGOCOMIC</td>
<td class="success">0.050s</td>
<td class="success">passed</td>
</tr>
<tr>
<td class="failures">test_HEAVENMANGACOM</td>
<td class="failures">0.481s</td>
<td class="failures">failed</td>
</tr>
<tr>
<td class="failures">test_ITNINEMANGA</td>
<td class="failures">2.313s</td>
<td class="failures">failed</td>
</tr>
<tr>
<td class="failures">test_KISSMANGA</td>
<td class="failures">1.056s</td>
<td class="failures">failed</td>
</tr>
<tr>
<td class="failures">test_KUMANGA</td>
<td class="failures">0.403s</td>
<td class="failures">failed</td>
</tr>
<tr>
<td class="success">test_LECTUREENLIGNE</td>
<td class="success">0.031s</td>
<td class="success">passed</td>
</tr>
<tr>
<td class="success">test_LEOMANGA</td>
<td class="success">0.033s</td>
<td class="success">passed</td>
</tr>
<tr>
<td class="failures">test_MANGAAE</td>
<td class="failures">15.930s</td>
<td class="failures">failed</td>
</tr>
<tr>
<td class="failures">test_MANGAEDEN</td>
<td class="failures">0.054s</td>
<td class="failures">failed</td>
</tr>
<tr>
<td class="failures">test_MANGAEDENIT</td>
<td class="failures">0.043s</td>
<td class="failures">failed</td>
</tr>
<tr>
<td class="success">test_MANGAFOX</td>
<td class="success">0.037s</td>
<td class="success">passed</td>
</tr>
<tr>
<td class="failures">test_MANGAHERE</td>
<td class="failures">16.121s</td>
<td class="failures">failed</td>
</tr>
<tr>
<td class="failures">test_MANGANELO</td>
<td class="failures">0.639s</td>
<td class="failures">failed</td>
</tr>
<tr>
<td class="failures">test_MANGAPANDA</td>
<td class="failures">0.423s</td>
<td class="failures">failed</td>
</tr>
<tr>
<td class="success">test_MANGARAWONLINE</td>
<td class="success">0.032s</td>
<td class="success">passed</td>
</tr>
<tr>
<td class="failures">test_MANGAREADER</td>
<td class="failures">0.572s</td>
<td class="failures">failed</td>
</tr>
<tr>
<td class="failures">test_MANGASTREAM</td>
<td class="failures">0.190s</td>
<td class="failures">failed</td>
</tr>
<tr>
<td class="failures">test_MANGATOWN</td>
<td class="failures">16.264s</td>
<td class="failures">failed</td>
</tr>
<tr>
<td class="success">test_MANGATUBE</td>
<td class="success">0.054s</td>
<td class="success">passed</td>
</tr>
<tr>
<td class="failures">test_MINTMANGA</td>
<td class="failures">0.200s</td>
<td class="failures">failed</td>
</tr>
<tr>
<td class="success">test_MYMANGAIO</td>
<td class="success">0.030s</td>
<td class="success">passed</td>
</tr>
<tr>
<td class="failures">test_NEUMANGATV</td>
<td class="failures">0.251s</td>
<td class="failures">failed</td>
</tr>
<tr>
<td class="success">test_NINEMANGA</td>
<td class="success">3.316s</td>
<td class="success">passed</td>
</tr>
<tr>
<td class="failures">test_RAWSENMANGA</td>
<td class="failures">0.301s</td>
<td class="failures">failed</td>
</tr>
<tr>
<td class="success">test_READCOMICSTV</td>
<td class="success">0.040s</td>
<td class="success">passed</td>
</tr>
<tr>
<td class="failures">test_READMANGAME</td>
<td class="failures">1.522s</td>
<td class="failures">failed</td>
</tr>
<tr>
<td class="failures">test_RUNINEMANGA</td>
<td class="failures">1.333s</td>
<td class="failures">failed</td>
</tr>
<tr>
<td class="success">test_STARKANACOM</td>
<td class="success">0.033s</td>
<td class="success">passed</td>
</tr>
<tr>
<td class="success">test_SUBMANGA</td>
<td class="success">0.030s</td>
<td class="success">passed</td>
</tr>
<tr>
<td class="failures">test_TAADD</td>
<td class="failures">1.174s</td>
<td class="failures">failed</td>
</tr>
<tr>
<td class="success">test_TUSMANGAS</td>
<td class="success">0.033s</td>
<td class="success">passed</td>
</tr>
<tr>
<td class="failures">test_VERCOMICSCOM</td>
<td class="failures">0.807s</td>
<td class="failures">failed</td>
</tr>
<tr>
<td class="failures">test_VIEWCOMIC</td>
<td class="failures">1.561s</td>
<td class="failures">failed</td>
</tr>
</table>
</div>
<div id="tab2" class="tab">
<h2>Standard output</h2>
<span class="code">
<pre>[Robolectric] ar.rulosoft.mimanganu.TestServers.test_DENINEMANGA: sdk=29; resources=BINARY
Called loadFromPath(/system/framework/framework-res.apk, true); mode=binary sdk=29
Testing: DeNineManga (id=16)
(filtered navigation)
[MNG] Ah! Itoshi no Caramel Boy (/manga/Ah%21+Itoshi+no+Caramel+Boy.html)
[CHP] Ah! Itoshi no Caramel Boy Kapitel 0 (/chapter/Ah%21%20Itoshi%20no%20Caramel%20Boy/189905.html)
[IMG] https://wie.mangadogs.com/comics/pic/11/11/189905/Kapitel0185_0.jpg
[IMG] https://wie.mangadogs.com/comics/pic/11/11/189905/Kapitel0867_0.jpg
(search)
[MNG] A Kind World (/manga/A+Kind+World.html)
[CHP] A Kind World A Kind World 35 Ich habe eine Brille in die Hnde bekommen, mit der ich durch Gegenstnde hindurchsehen kann, also habe ich sie sofort an der Krankenschwester als rztin ausprobiert (/chapter/A%20Kind%20World/452443.html)
[IMG] https://img.wiemanga.com/comics/pic2/0/832/452443/b338e58b59a9ca0892d2f528f6ae2ae4.jpg
[IMG] https://img.wiemanga.com/comics/pic2/0/832/452443/823de42f619c837112209aa7a127c4af.jpg
Testing: [SUCCESS]

[Robolectric] ar.rulosoft.mimanganu.TestServers.test_DESUME: sdk=29; resources=BINARY
Testing: DesuMe (id=37)
(filtered navigation)
[MNG] Zombie Fight (/manga/zombie-fight.3635/)
[WRN] no chapters found - will try another Manga.
[MNG] Eternal Club (/manga/eternal-club.3149/)
[WRN] no chapters found - will try another Manga.
[MNG] Zombie Fight (/manga/zombie-fight.3635/)
[WRN] no chapters found - will try another Manga.
[MNG] Martial Inverse (/manga/martial-inverse.3451/)
[WRN] no chapters found - will try another Manga.
[MNG] The taming master (/manga/the-taming-master.2720/)
[WRN] no chapters found - will try another Manga.
[MNG] I can't be so stupid (/manga/i-cant-be-so-stupid.3715/)
[WRN] no chapters found - will try another Manga.
[Robolectric] ar.rulosoft.mimanganu.TestServers.test_ESMANGA: sdk=29; resources=BINARY
Testing: DEAD SERVER (id=0)
[INFO] server is an instance of DeadServer - skipping.
[Robolectric] ar.rulosoft.mimanganu.TestServers.test_ESMANGAHERE: sdk=29; resources=BINARY
Testing: DEAD SERVER (id=0)
[INFO] server is an instance of DeadServer - skipping.
[Robolectric] ar.rulosoft.mimanganu.TestServers.test_ESNINEMANGA: sdk=29; resources=BINARY
Testing: EsNineManga (id=10)
(filtered navigation)
[MNG] Haikyuu!! (/manga/Haikyuu%21%21.html)
[CHP] Haikyuu!! 8 (/chapter/Haikyuu%21%21/189952.html)
[Robolectric] ar.rulosoft.mimanganu.TestServers.test_GOGOCOMIC: sdk=29; resources=BINARY
Testing: DEAD SERVER (id=0)
[INFO] server is an instance of DeadServer - skipping.
[Robolectric] ar.rulosoft.mimanganu.TestServers.test_HEAVENMANGACOM: sdk=29; resources=BINARY
Testing: HeavenManga (id=8)
(filtered navigation)
[MNG] Bienvenido al saln del cum! (https://heavenmanga.com/manga/bienvenido-al-saln-del-cum)
[Robolectric] ar.rulosoft.mimanganu.TestServers.test_ITNINEMANGA: sdk=29; resources=BINARY
Testing: ItNineManga (id=13)
(filtered navigation)
[MNG] Due come Noi (/manga/Due+come+Noi.html)
[CHP] Due come Noi 185 (/chapter/Due%20come%20Noi/190515.html)
[IMG] https://manga.mangadogs.com/it_manga/pic/11/11/190515/DuecomeNoi185751.jpg
[Robolectric] ar.rulosoft.mimanganu.TestServers.test_KISSMANGA: sdk=29; resources=BINARY
Testing: KissManga (id=12)
(filtered navigation)
[Robolectric] ar.rulosoft.mimanganu.TestServers.test_KUMANGA: sdk=29; resources=BINARY
Testing: Kumanga (id=33)
(filtered navigation)
[Robolectric] ar.rulosoft.mimanganu.TestServers.test_LECTUREENLIGNE: sdk=29; resources=BINARY
Testing: DEAD SERVER (id=0)
[INFO] server is an instance of DeadServer - skipping.
[Robolectric] ar.rulosoft.mimanganu.TestServers.test_LEOMANGA: sdk=29; resources=BINARY
Testing: DEAD SERVER (id=0)
[INFO] server is an instance of DeadServer - skipping.
[Robolectric] ar.rulosoft.mimanganu.TestServers.test_MANGAAE: sdk=29; resources=BINARY
Testing: MangaAE (id=40)
(filtered navigation)
[Robolectric] ar.rulosoft.mimanganu.TestServers.test_MANGAEDEN: sdk=29; resources=BINARY
Testing: MangaEden (id=24)
(filtered navigation)
[Robolectric] ar.rulosoft.mimanganu.TestServers.test_MANGAEDENIT: sdk=29; resources=BINARY
Testing: MangaEdenIt (id=19)
(filtered navigation)
[Robolectric] ar.rulosoft.mimanganu.TestServers.test_MANGAFOX: sdk=29; resources=BINARY
Testing: DEAD SERVER (id=0)
[INFO] server is an instance of DeadServer - skipping.
[Robolectric] ar.rulosoft.mimanganu.TestServers.test_MANGAHERE: sdk=29; resources=BINARY
Testing: MangaHere (id=4)
(filtered navigation)
[MNG] 07 Ghost (/manga/07_ghost/)
[CHP] Ch.088 - Landkarte (/manga/07_ghost/c088/1.html)
[IMG] https://zjcdn.mangahere.org/store/manga/407/088.0/compressed/lt_s_007-ghost-kapitel-088-024.jpg
[Robolectric] ar.rulosoft.mimanganu.TestServers.test_MANGANELO: sdk=29; resources=BINARY
Testing: Manganelo (Mangakakalot) (id=45)
(filtered navigation)
[Robolectric] ar.rulosoft.mimanganu.TestServers.test_MANGAPANDA: sdk=29; resources=BINARY
Testing: mangapanda (id=1)
(filtered navigation)
[Robolectric] ar.rulosoft.mimanganu.TestServers.test_MANGARAWONLINE: sdk=29; resources=BINARY
Testing: DEAD SERVER (id=0)
[INFO] server is an instance of DeadServer - skipping.
[Robolectric] ar.rulosoft.mimanganu.TestServers.test_MANGAREADER: sdk=29; resources=BINARY
Testing: mangareader.net (id=15)
(filtered navigation)
[Robolectric] ar.rulosoft.mimanganu.TestServers.test_MANGASTREAM: sdk=29; resources=BINARY
Testing: MangaStream (id=31)
(filtered navigation)
[Robolectric] ar.rulosoft.mimanganu.TestServers.test_MANGATOWN: sdk=29; resources=BINARY
Testing: MangaTown (id=35)
(filtered navigation)
[MNG] Mushoku Tensei - Isekai Ittara Honki Dasu (https://www.mangatown.com/manga/mushoku_tensei_isekai_ittara_honki_dasu/)
[CHP] Mushoku Tensei - Isekai Ittara Honki Dasu 63.2 (https://www.mangatown.com/manga/mushoku_tensei_isekai_ittara_honki_dasu/c063.2/)
[IMG] https://zjcdn.mangahere.org/store/manga/15229/063.2/compressed/v012.jpg
[Robolectric] ar.rulosoft.mimanganu.TestServers.test_MANGATUBE: sdk=29; resources=BINARY
Testing: DEAD SERVER (id=0)
[INFO] server is an instance of DeadServer - skipping.
[Robolectric] ar.rulosoft.mimanganu.TestServers.test_MINTMANGA: sdk=29; resources=BINARY
Testing: MintManga (id=39)
(filtered navigation)
[Robolectric] ar.rulosoft.mimanganu.TestServers.test_MYMANGAIO: sdk=29; resources=BINARY
Testing: DEAD SERVER (id=0)
[INFO] server is an instance of DeadServer - skipping.
[Robolectric] ar.rulosoft.mimanganu.TestServers.test_NEUMANGATV: sdk=29; resources=BINARY
Testing: NeuMangaTv (id=41)
(filtered navigation)
[Robolectric] ar.rulosoft.mimanganu.TestServers.test_NINEMANGA: sdk=29; resources=BINARY
Testing: NineManga (id=23)
(filtered navigation)
[MNG] Shinozaki-san Ki wo Ota Shika ni! (/manga/Shinozaki-san+Ki+wo+Ota+Shika+ni%21.html)
[CHP] Shinozaki-san Ki wo Ota Shika ni! 9 (/chapter/Shinozaki-san%20Ki%20wo%20Ota%20Shika%20ni%21/522018.html)
[IMG] https://pic2.yx247.com/comics/pic4/9/35785/522018/2feb75fc9b86f959e54a9cc501e190e3.jpg
[IMG] https://pic2.yx247.com/comics/pic4/9/35785/522018/e11a3aa5a5d08443e5532d304e851f39.jpg
(search)
[MNG] YOU ARE MY EVERYTHING (/manga/YOU+ARE+MY+EVERYTHING.html)
[CHP] You are My Everything 13 (/chapter/YOU%20ARE%20MY%20EVERYTHING/725686.html)
[IMG] https://pic5.yx247.com/comics/pic7/50/20018/725686/YouareMyEverything1324668.jpg
[IMG] https://pic5.yx247.com/comics/pic7/50/20018/725686/YouareMyEverything1326162.jpg
Testing: [SUCCESS]

[Robolectric] ar.rulosoft.mimanganu.TestServers.test_RAWSENMANGA: sdk=29; resources=BINARY
Testing: SenManga (id=21)
(filtered navigation)
[Robolectric] ar.rulosoft.mimanganu.TestServers.test_READCOMICSTV: sdk=29; resources=BINARY
Testing: DEAD SERVER (id=0)
[INFO] server is an instance of DeadServer - skipping.
[Robolectric] ar.rulosoft.mimanganu.TestServers.test_READMANGAME: sdk=29; resources=BINARY
Testing: ReadMangaMe (id=36)
(filtered navigation)
[Robolectric] ar.rulosoft.mimanganu.TestServers.test_RUNINEMANGA: sdk=29; resources=BINARY
Testing: RuNineManga (id=17)
(filtered navigation)
[MNG]  ... (/manga/%D0%A7%D0%B0%D1%88%D0%BA%D0%B0+%D1%81....html)
[CHP]  ...  (/chapter/%D0%A7%D0%B0%D1%88%D0%BA%D0%B0%20%D1%81.../271397.html)
[Robolectric] ar.rulosoft.mimanganu.TestServers.test_STARKANACOM: sdk=29; resources=BINARY
Testing: DEAD SERVER (id=0)
[INFO] server is an instance of DeadServer - skipping.
[Robolectric] ar.rulosoft.mimanganu.TestServers.test_SUBMANGA: sdk=29; resources=BINARY
Testing: DEAD SERVER (id=0)
[INFO] server is an instance of DeadServer - skipping.
[Robolectric] ar.rulosoft.mimanganu.TestServers.test_TAADD: sdk=29; resources=BINARY
Testing: Taadd (id=30)
(filtered navigation)
[MNG] THE GAMER (https://www.taadd.com/book/THE+GAMER.html)
[CHP] The Gamer 247 (https://www.taadd.com/chapter/TheGamer247/1153984/)
[Robolectric] ar.rulosoft.mimanganu.TestServers.test_TUSMANGAS: sdk=29; resources=BINARY
Testing: DEAD SERVER (id=0)
[INFO] server is an instance of DeadServer - skipping.
[Robolectric] ar.rulosoft.mimanganu.TestServers.test_VERCOMICSCOM: sdk=29; resources=BINARY
Testing: VerComicsCom (id=1005)
(list)
[Robolectric] ar.rulosoft.mimanganu.TestServers.test_VIEWCOMIC: sdk=29; resources=BINARY
Testing: ViewComic (id=1004)
(filtered navigation)
</pre>
</span>
</div>
<div id="tab3" class="tab">
<h2>Standard error</h2>
<span class="code">
<pre>[WRN] default value for 'author'
[WRN] default value for 'author'
[WRN] default value for 'author'
[WRN] default value for 'author'
[WRN] default value for 'author'
[WRN] default value for 'author'
[WRN] relative chapter paths shall be used if possible
[WRN] relative chapter paths shall be used if possible
</pre>
</span>
</div>
</div>
<div id="footer">
<p>
<div>
<label class="hidden" id="label-for-line-wrapping-toggle" for="line-wrapping-toggle">Wrap lines
<input id="line-wrapping-toggle" type="checkbox" autocomplete="off"/>
</label>
</div>Generated by 
<a href="http://www.gradle.org">Gradle 5.6.4</a> at 22 May 2023, 13:53:59</p>
</div>
</div>
</body>
</html>
