<?xml version="1.0" encoding="UTF-8"?>
<testsuite name="nodomain.freeyourgadget.gadgetbridge.service.devices.qhybrid.adapter.fossil_hr.FossilHRWatchAdapterTest" tests="1" skipped="0" failures="0" errors="0" timestamp="2022-04-15T11:38:54" hostname="james-HP-ProDesk-400-G6-MT" time="1.764">
  <properties/>
  <testcase name="testRenderWidget" classname="nodomain.freeyourgadget.gadgetbridge.service.devices.qhybrid.adapter.fossil_hr.FossilHRWatchAdapterTest" time="1.764"/>
  <system-out><![CDATA[[Robolectric] nodomain.freeyourgadget.gadgetbridge.service.devices.qhybrid.adapter.fossil_hr.FossilHRWatchAdapterTest.testRenderWidget: sdk=19; resources=BINARY
12:38:55,594 |-INFO in ch.qos.logback.classic.LoggerContext[default] - Found resource [/home/james/New operators/Apps/Gadgetbridgec75362c5ea489247cc00b473a0ef91dbb1cc1569/app/src/main/assets/logback.xml] at [/home/james/New operators/Apps/Gadgetbridgec75362c5ea489247cc00b473a0ef91dbb1cc1569/app/src/main/assets/logback.xml]
12:38:55,594 |-INFO in ch.qos.logback.classic.LoggerContext[default] - Found resource [/home/james/New operators/Apps/Gadgetbridgec75362c5ea489247cc00b473a0ef91dbb1cc1569/app/src/main/assets/logback.xml] at [file:/home/james/New%20operators/Apps/Gadgetbridgec75362c5ea489247cc00b473a0ef91dbb1cc1569/app/src/main/assets/logback.xml]
12:38:55,627 |-INFO in ch.qos.logback.core.joran.action.AppenderAction - About to instantiate appender of type [ch.qos.logback.classic.android.LogcatAppender]
12:38:55,628 |-INFO in ch.qos.logback.core.joran.action.AppenderAction - Naming appender as [STDOUT]
12:38:55,632 |-INFO in ch.qos.logback.core.joran.action.NestedComplexPropertyIA - Assuming default type [ch.qos.logback.classic.encoder.PatternLayoutEncoder] for [encoder] property
12:38:55,642 |-INFO in ch.qos.logback.core.joran.action.AppenderAction - About to instantiate appender of type [ch.qos.logback.core.rolling.RollingFileAppender]
12:38:55,644 |-INFO in ch.qos.logback.core.joran.action.AppenderAction - Naming appender as [FILE]
12:38:55,652 |-INFO in c.q.l.core.rolling.TimeBasedRollingPolicy - Will use zip compression
12:38:55,653 |-INFO in c.q.l.core.rolling.TimeBasedRollingPolicy - Will use the pattern /tmp/gblog5536039288664614193/gadgetbridge-%d{yyyy-MM-dd}.%i.log for the active file
12:38:55,655 |-INFO in ch.qos.logback.core.rolling.SizeAndTimeBasedFNATP@6702f883 - The date pattern is 'yyyy-MM-dd' from file name pattern '/tmp/gblog5536039288664614193/gadgetbridge-%d{yyyy-MM-dd}.%i.log.zip'.
12:38:55,655 |-INFO in ch.qos.logback.core.rolling.SizeAndTimeBasedFNATP@6702f883 - Roll-over at midnight.
12:38:55,658 |-INFO in ch.qos.logback.core.rolling.SizeAndTimeBasedFNATP@6702f883 - Setting initial period to Fri Apr 15 12:38:55 BST 2022
12:38:55,659 |-INFO in ch.qos.logback.core.joran.action.NestedComplexPropertyIA - Assuming default type [ch.qos.logback.classic.encoder.PatternLayoutEncoder] for [encoder] property
12:38:55,663 |-INFO in ch.qos.logback.core.rolling.RollingFileAppender[FILE] - Active log file name: /tmp/gblog5536039288664614193/gadgetbridge.log
12:38:55,663 |-INFO in ch.qos.logback.core.rolling.RollingFileAppender[FILE] - File property is set to [/tmp/gblog5536039288664614193/gadgetbridge.log]
12:38:55,664 |-INFO in ch.qos.logback.classic.joran.action.RootLoggerAction - Setting level of ROOT logger to DEBUG
12:38:55,664 |-INFO in ch.qos.logback.core.joran.action.AppenderRefAction - Attaching appender named [STDOUT] to Logger[ROOT]
12:38:55,665 |-INFO in ch.qos.logback.core.joran.action.AppenderRefAction - Attaching appender named [FILE] to Logger[ROOT]
12:38:55,665 |-INFO in ch.qos.logback.classic.joran.action.ConfigurationAction - End of configuration.
12:38:55,666 |-INFO in ch.qos.logback.classic.joran.JoranConfigurator@6615ba0a - Registering current configuration as safe fallback point
I/MonitoringInstr: Instrumentation started!
I/MonitoringInstr: Setting context classloader to 'org.robolectric.internal.AndroidSandbox$SdkSandboxClassLoader@256083d7', Original: 'org.robolectric.internal.AndroidSandbox$SdkSandboxClassLoader@256083d7'
I/nodomain.freeyourgadget.gadgetbridge.Logging: Gadgetbridge version: 0.43.1
W/GBApplication: error acquiring DB lock
W/GBApplication: error acquiring DB lock
W/GBApplication: error acquiring DB lock
W/GBApplication: error acquiring DB lock
W/GBApplication: error acquiring DB lock
W/GBApplication: error acquiring DB lock
W/GBApplication: error acquiring DB lock
W/GBApplication: error acquiring DB lock
W/GBApplication: error acquiring DB lock
W/GBApplication: error acquiring DB lock
W/nodomain.freeyourgadget.gadgetbridge.util.GB: Bluetooth is disabled.
E/nodomain.freeyourgadget.gadgetbridge.util.GB: Error retrieving devices from database
I/nodomain.freeyourgadget.gadgetbridge.util.GB: Loading apps_notification_blacklist
I/nodomain.freeyourgadget.gadgetbridge.util.GB: Loaded apps_notification_blacklist has 0 entries
I/nodomain.freeyourgadget.gadgetbridge.util.GB: Loading apps_pebblemsg_blacklist
I/nodomain.freeyourgadget.gadgetbridge.util.GB: Loaded apps_pebblemsg_blacklist has 0 entries
I/nodomain.freeyourgadget.gadgetbridge.util.GB: Loading calendars_blacklist
I/nodomain.freeyourgadget.gadgetbridge.util.GB: Loaded calendars_blacklist has 0 entries
I/greenDAO: Creating tables for schema version 24
is connected: false
D/FossilHRWatchAdapter: is connected: false
dropping requetst SetDeviceStateRequest
D/FossilHRWatchAdapter: dropping requetst SetDeviceStateRequest
is connected: false
D/FossilHRWatchAdapter: is connected: false
dropping requetst VerifyPrivateKeyRequest
D/FossilHRWatchAdapter: dropping requetst VerifyPrivateKeyRequest
is connected: false
D/FossilHRWatchAdapter: is connected: false
dropping requetst SetDeviceStateRequest
D/FossilHRWatchAdapter: dropping requetst SetDeviceStateRequest
is connected: false
D/FossilHRWatchAdapter: is connected: false
dropping requetst NotificationFilterPutHRRequest
D/FossilHRWatchAdapter: dropping requetst NotificationFilterPutHRRequest
is connected: false
D/FossilHRWatchAdapter: is connected: false
dropping requetst VerifyPrivateKeyRequest
D/FossilHRWatchAdapter: dropping requetst VerifyPrivateKeyRequest
is connected: false
D/FossilHRWatchAdapter: is connected: false
dropping requetst ConfigurationPutRequest
D/FossilHRWatchAdapter: dropping requetst ConfigurationPutRequest
is connected: false
D/FossilHRWatchAdapter: is connected: false
dropping requetst VerifyPrivateKeyRequest
D/FossilHRWatchAdapter: dropping requetst VerifyPrivateKeyRequest
is connected: false
D/FossilHRWatchAdapter: is connected: false
dropping requetst ConfigurationGetRequest
D/FossilHRWatchAdapter: dropping requetst ConfigurationGetRequest
is connected: false
D/FossilHRWatchAdapter: is connected: false
dropping requetst VerifyPrivateKeyRequest
D/FossilHRWatchAdapter: dropping requetst VerifyPrivateKeyRequest
is connected: false
D/FossilHRWatchAdapter: is connected: false
dropping requetst ConfigurationPutRequest
D/FossilHRWatchAdapter: dropping requetst ConfigurationPutRequest
is connected: false
D/FossilHRWatchAdapter: is connected: false
dropping requetst ButtonConfigurationPutRequest
D/FossilHRWatchAdapter: dropping requetst ButtonConfigurationPutRequest
W/Environment: EXTERNAL_STORAGE undefined; falling back to default
is connected: false
D/FossilHRWatchAdapter: is connected: false
dropping requetst VerifyPrivateKeyRequest
D/FossilHRWatchAdapter: dropping requetst VerifyPrivateKeyRequest
is connected: false
D/FossilHRWatchAdapter: is connected: false
dropping requetst WidgetsPutRequest
D/FossilHRWatchAdapter: dropping requetst WidgetsPutRequest
is connected: false
D/FossilHRWatchAdapter: is connected: false
dropping requetst SetDeviceStateRequest
D/FossilHRWatchAdapter: dropping requetst SetDeviceStateRequest
D/FossilHRWatchAdapter: is connected: false
D/FossilHRWatchAdapter: dropping requetst VerifyPrivateKeyRequest
D/FossilHRWatchAdapter: is connected: false
D/FossilHRWatchAdapter: dropping requetst WidgetsPutRequest
D/FossilHRWatchAdapter: is connected: false
D/FossilHRWatchAdapter: dropping requetst AssetFilePutRequest
D/FossilHRWatchAdapter: is connected: false
D/FossilHRWatchAdapter: dropping requetst ImagesSetRequest
]]></system-out>
  <system-err><![CDATA[]]></system-err>
</testsuite>
